2023-05-22 16:15:02,605:INFO:{'method': 'random', 'metric': {'goal': 'minimize', 'name': 'val_loss'}, 'parameters': {'batch_size': {'distribution': 'q_log_uniform_values', 'max': 256, 'min': 16, 'q': 8}, 'criterion': {'value': 'MSELoss()'}, 'epochs': {'values': [20, 40, 60, 80]}, 'hidden_dim_1': {'value': 64}, 'hidden_dim_2': {'value': 128}, 'hidden_dim_3': {'value': 32}, 'in_channels': {'value': 11}, 'lr': {'distribution': 'uniform', 'max': 0.1, 'min': 0}, 'optimizer': {'value': 'adam'}, 'out_channels': {'value': 1}}}
2023-05-22 16:15:03,024:INFO:GCN(
  (conv1): GCNConv(11, 64)
  (conv2): GCNConv(64, 128)
  (global_pool): MaxAggregation()
  (fc1): Linear(in_features=128, out_features=32, bias=True)
  (fc2): Linear(in_features=32, out_features=1, bias=True)
)
2023-05-22 16:15:26,193:INFO:{'method': 'random', 'metric': {'goal': 'minimize', 'name': 'val_loss'}, 'parameters': {'batch_size': {'distribution': 'q_log_uniform_values', 'max': 256, 'min': 16, 'q': 8}, 'criterion': {'value': 'MSELoss()'}, 'epochs': {'values': [20, 40, 60, 80]}, 'hidden_dim_1': {'value': 64}, 'hidden_dim_2': {'value': 128}, 'hidden_dim_3': {'value': 32}, 'in_channels': {'value': 11}, 'lr': {'distribution': 'uniform', 'max': 0.1, 'min': 0}, 'optimizer': {'value': 'adam'}, 'out_channels': {'value': 1}}}
2023-05-22 16:15:26,467:INFO:GCN(
  (conv1): GCNConv(11, 64)
  (conv2): GCNConv(64, 128)
  (global_pool): MaxAggregation()
  (fc1): Linear(in_features=128, out_features=32, bias=True)
  (fc2): Linear(in_features=32, out_features=1, bias=True)
)
2023-05-22 16:15:45,706:INFO:{'method': 'random', 'metric': {'goal': 'minimize', 'name': 'val_loss'}, 'parameters': {'batch_size': {'distribution': 'q_log_uniform_values', 'max': 256, 'min': 16, 'q': 8}, 'criterion': {'value': 'MSELoss()'}, 'epochs': {'values': [20, 40, 60, 80]}, 'hidden_dim_1': {'value': 64}, 'hidden_dim_2': {'value': 128}, 'hidden_dim_3': {'value': 32}, 'in_channels': {'value': 11}, 'lr': {'distribution': 'uniform', 'max': 0.1, 'min': 0}, 'optimizer': {'value': 'adam'}, 'out_channels': {'value': 1}}}
2023-05-22 16:15:45,949:INFO:GCN(
  (conv1): GCNConv(11, 64)
  (conv2): GCNConv(64, 128)
  (global_pool): MaxAggregation()
  (fc1): Linear(in_features=128, out_features=32, bias=True)
  (fc2): Linear(in_features=32, out_features=1, bias=True)
)
2023-05-22 16:19:38,821:INFO:{'method': 'random', 'metric': {'goal': 'minimize', 'name': 'val_loss'}, 'parameters': {'batch_size': {'distribution': 'q_log_uniform_values', 'max': 256, 'min': 16, 'q': 8}, 'criterion': {'value': 'MSELoss()'}, 'epochs': {'values': [20, 40, 60, 80]}, 'hidden_dim_1': {'value': 64}, 'hidden_dim_2': {'value': 128}, 'hidden_dim_3': {'value': 32}, 'in_channels': {'value': 11}, 'lr': {'distribution': 'uniform', 'max': 0.1, 'min': 0}, 'optimizer': {'value': 'adam'}, 'out_channels': {'value': 1}}}
2023-05-22 16:19:39,105:INFO:GCN(
  (conv1): GCNConv(11, 64)
  (conv2): GCNConv(64, 128)
  (global_pool): MaxAggregation()
  (fc1): Linear(in_features=128, out_features=32, bias=True)
  (fc2): Linear(in_features=32, out_features=1, bias=True)
)
2023-05-22 16:19:55,212:INFO:{'method': 'random', 'metric': {'goal': 'minimize', 'name': 'val_loss'}, 'parameters': {'batch_size': {'distribution': 'q_log_uniform_values', 'max': 256, 'min': 16, 'q': 8}, 'criterion': {'value': 'MSELoss()'}, 'epochs': {'values': [20, 40, 60, 80]}, 'hidden_dim_1': {'value': 64}, 'hidden_dim_2': {'value': 128}, 'hidden_dim_3': {'value': 32}, 'in_channels': {'value': 11}, 'lr': {'distribution': 'uniform', 'max': 0.1, 'min': 0}, 'optimizer': {'value': 'adam'}, 'out_channels': {'value': 1}}}
2023-05-22 16:19:55,456:INFO:GCN(
  (conv1): GCNConv(11, 64)
  (conv2): GCNConv(64, 128)
  (global_pool): MaxAggregation()
  (fc1): Linear(in_features=128, out_features=32, bias=True)
  (fc2): Linear(in_features=32, out_features=1, bias=True)
)
2023-05-22 16:20:11,994:INFO:{'method': 'random', 'metric': {'goal': 'minimize', 'name': 'val_loss'}, 'parameters': {'batch_size': {'distribution': 'q_log_uniform_values', 'max': 256, 'min': 16, 'q': 8}, 'criterion': {'value': 'MSELoss()'}, 'epochs': {'values': [20, 40, 60, 80]}, 'hidden_dim_1': {'value': 64}, 'hidden_dim_2': {'value': 128}, 'hidden_dim_3': {'value': 32}, 'in_channels': {'value': 11}, 'lr': {'distribution': 'uniform', 'max': 0.1, 'min': 0}, 'optimizer': {'value': 'adam'}, 'out_channels': {'value': 1}}}
2023-05-22 16:20:12,242:INFO:GCN(
  (conv1): GCNConv(11, 64)
  (conv2): GCNConv(64, 128)
  (global_pool): MaxAggregation()
  (fc1): Linear(in_features=128, out_features=32, bias=True)
  (fc2): Linear(in_features=32, out_features=1, bias=True)
)
2023-05-22 16:26:05,247:INFO:{'method': 'random', 'metric': {'goal': 'minimize', 'name': 'val_loss'}, 'parameters': {'batch_size': {'distribution': 'q_log_uniform_values', 'max': 256, 'min': 16, 'q': 8}, 'criterion': {'value': 'MSELoss()'}, 'epochs': {'values': [20, 40, 60, 80]}, 'hidden_dim_1': {'value': 64}, 'hidden_dim_2': {'value': 128}, 'hidden_dim_3': {'value': 32}, 'in_channels': {'value': 11}, 'lr': {'distribution': 'uniform', 'max': 0.1, 'min': 0}, 'optimizer': {'value': 'adam'}, 'out_channels': {'value': 1}}}
2023-05-22 16:26:05,538:INFO:GCN(
  (conv1): GCNConv(11, 64)
  (conv2): GCNConv(64, 128)
  (global_pool): MaxAggregation()
  (fc1): Linear(in_features=128, out_features=32, bias=True)
  (fc2): Linear(in_features=32, out_features=1, bias=True)
)
2023-05-22 16:27:23,252:INFO:{'method': 'random', 'metric': {'goal': 'minimize', 'name': 'val_loss'}, 'parameters': {'batch_size': {'distribution': 'q_log_uniform_values', 'max': 256, 'min': 16, 'q': 8}, 'criterion': {'value': 'MSELoss()'}, 'epochs': {'values': [20, 40, 60, 80]}, 'hidden_dim_1': {'value': 64}, 'hidden_dim_2': {'value': 128}, 'hidden_dim_3': {'value': 32}, 'in_channels': {'value': 11}, 'lr': {'distribution': 'uniform', 'max': 0.1, 'min': 0}, 'optimizer': {'value': 'adam'}, 'out_channels': {'value': 1}}}
2023-05-22 16:27:23,530:INFO:GCN(
  (conv1): GCNConv(11, 64)
  (conv2): GCNConv(64, 128)
  (global_pool): MaxAggregation()
  (fc1): Linear(in_features=128, out_features=32, bias=True)
  (fc2): Linear(in_features=32, out_features=1, bias=True)
)
2023-05-22 16:28:11,435:INFO:Epoch: 0, Training Loss: 1.9426
2023-05-22 16:28:14,860:INFO:Epoch: 0, Validation Loss: 1.5193
2023-05-22 16:28:40,711:INFO:Epoch: 1, Training Loss: 1.6266
2023-05-22 16:28:42,874:INFO:Epoch: 1, Validation Loss: 1.5005
2023-05-22 16:29:08,889:INFO:Epoch: 2, Training Loss: 1.6281
2023-05-22 16:29:10,980:INFO:Epoch: 2, Validation Loss: 1.5120
2023-05-22 16:29:37,956:INFO:Epoch: 3, Training Loss: 1.6144
2023-05-22 16:29:40,069:INFO:Epoch: 3, Validation Loss: 1.5437
2023-05-22 16:30:06,490:INFO:Epoch: 4, Training Loss: 1.6127
2023-05-22 16:30:08,481:INFO:Epoch: 4, Validation Loss: 1.5255
2023-05-22 16:30:33,649:INFO:Epoch: 5, Training Loss: 1.6082
2023-05-22 16:30:35,671:INFO:Epoch: 5, Validation Loss: 1.4623
2023-05-22 16:31:01,361:INFO:Epoch: 6, Training Loss: 1.6112
2023-05-22 16:31:03,375:INFO:Epoch: 6, Validation Loss: 1.4947
2023-05-22 16:31:28,706:INFO:Epoch: 7, Training Loss: 1.5980
2023-05-22 16:31:30,750:INFO:Epoch: 7, Validation Loss: 1.4921
2023-05-22 16:31:56,599:INFO:Epoch: 8, Training Loss: 1.6075
2023-05-22 16:31:58,615:INFO:Epoch: 8, Validation Loss: 1.4793
2023-05-22 16:32:23,654:INFO:Epoch: 9, Training Loss: 1.6106
2023-05-22 16:32:25,680:INFO:Epoch: 9, Validation Loss: 1.5176
2023-05-22 16:32:51,209:INFO:Epoch: 10, Training Loss: 1.6137
2023-05-22 16:32:53,204:INFO:Epoch: 10, Validation Loss: 1.5315
2023-05-22 16:33:18,717:INFO:Epoch: 11, Training Loss: 1.6047
2023-05-22 16:33:20,818:INFO:Epoch: 11, Validation Loss: 1.4949
2023-05-22 16:33:46,562:INFO:Epoch: 12, Training Loss: 1.6064
2023-05-22 16:33:48,582:INFO:Epoch: 12, Validation Loss: 1.4864
2023-05-22 16:34:14,398:INFO:Epoch: 13, Training Loss: 1.6189
2023-05-22 16:34:16,451:INFO:Epoch: 13, Validation Loss: 1.5377
2023-05-22 16:34:41,686:INFO:Epoch: 14, Training Loss: 1.6080
2023-05-22 16:34:43,666:INFO:Epoch: 14, Validation Loss: 1.5207
2023-05-22 16:35:09,271:INFO:Epoch: 15, Training Loss: 1.6088
2023-05-22 16:35:11,373:INFO:Epoch: 15, Validation Loss: 1.5190
2023-05-22 16:35:36,879:INFO:Epoch: 16, Training Loss: 1.6112
2023-05-22 16:35:38,898:INFO:Epoch: 16, Validation Loss: 1.5197
2023-05-22 16:36:03,890:INFO:Epoch: 17, Training Loss: 1.6111
2023-05-22 16:36:05,912:INFO:Epoch: 17, Validation Loss: 1.4741
2023-05-22 16:36:32,111:INFO:Epoch: 18, Training Loss: 1.6005
2023-05-22 16:36:34,060:INFO:Epoch: 18, Validation Loss: 1.4553
2023-05-22 16:37:00,536:INFO:Epoch: 19, Training Loss: 1.6116
2023-05-22 16:37:02,566:INFO:Epoch: 19, Validation Loss: 1.4942
2023-05-22 16:37:28,352:INFO:Epoch: 20, Training Loss: 1.6045
2023-05-22 16:37:30,390:INFO:Epoch: 20, Validation Loss: 1.4874
2023-05-22 16:37:56,185:INFO:Epoch: 21, Training Loss: 1.6092
2023-05-22 16:37:58,283:INFO:Epoch: 21, Validation Loss: 1.5371
2023-05-22 16:38:25,556:INFO:Epoch: 22, Training Loss: 1.6075
2023-05-22 16:38:27,696:INFO:Epoch: 22, Validation Loss: 1.5430
2023-05-22 16:38:55,473:INFO:Epoch: 23, Training Loss: 1.6046
2023-05-22 16:38:57,600:INFO:Epoch: 23, Validation Loss: 1.5407
2023-05-22 16:39:23,791:INFO:Epoch: 24, Training Loss: 1.6027
2023-05-22 16:39:25,869:INFO:Epoch: 24, Validation Loss: 1.5342
2023-05-22 16:39:52,312:INFO:Epoch: 25, Training Loss: 1.6002
2023-05-22 16:39:54,395:INFO:Epoch: 25, Validation Loss: 1.5668
2023-05-22 16:40:21,479:INFO:Epoch: 26, Training Loss: 1.6054
2023-05-22 16:40:23,583:INFO:Epoch: 26, Validation Loss: 1.4686
2023-05-22 16:40:49,837:INFO:Epoch: 27, Training Loss: 1.6060
2023-05-22 16:40:51,982:INFO:Epoch: 27, Validation Loss: 1.4916
2023-05-22 16:41:19,487:INFO:Epoch: 28, Training Loss: 1.6015
2023-05-22 16:41:21,526:INFO:Epoch: 28, Validation Loss: 1.4578
2023-05-22 16:41:48,484:INFO:Epoch: 29, Training Loss: 1.6072
2023-05-22 16:41:50,624:INFO:Epoch: 29, Validation Loss: 1.4594
2023-05-22 16:42:17,543:INFO:Epoch: 30, Training Loss: 1.6123
2023-05-22 16:42:19,886:INFO:Epoch: 30, Validation Loss: 1.4856
2023-05-22 16:42:45,882:INFO:Epoch: 31, Training Loss: 1.6100
2023-05-22 16:42:47,977:INFO:Epoch: 31, Validation Loss: 1.4706
2023-05-22 16:43:14,805:INFO:Epoch: 32, Training Loss: 1.6083
2023-05-22 16:43:17,048:INFO:Epoch: 32, Validation Loss: 1.4909
2023-05-22 16:43:44,182:INFO:Epoch: 33, Training Loss: 1.6077
2023-05-22 16:43:47,128:INFO:Epoch: 33, Validation Loss: 1.4716
2023-05-22 16:44:14,423:INFO:Epoch: 34, Training Loss: 1.6007
2023-05-22 16:44:16,557:INFO:Epoch: 34, Validation Loss: 1.4689
2023-05-22 16:44:41,032:INFO:Epoch: 35, Training Loss: 1.6085
2023-05-22 16:44:42,990:INFO:Epoch: 35, Validation Loss: 1.4638
2023-05-22 16:45:08,620:INFO:Epoch: 36, Training Loss: 1.6055
2023-05-22 16:45:10,633:INFO:Epoch: 36, Validation Loss: 1.4790
2023-05-22 16:45:36,411:INFO:Epoch: 37, Training Loss: 1.6077
2023-05-22 16:45:38,523:INFO:Epoch: 37, Validation Loss: 1.5160
2023-05-22 16:46:04,781:INFO:Epoch: 38, Training Loss: 1.6057
2023-05-22 16:46:06,860:INFO:Epoch: 38, Validation Loss: 1.4705
2023-05-22 16:46:33,613:INFO:Epoch: 39, Training Loss: 1.6058
2023-05-22 16:46:35,736:INFO:Epoch: 39, Validation Loss: 1.4576
2023-05-22 16:46:54,347:INFO:{'method': 'random', 'metric': {'goal': 'minimize', 'name': 'val_loss'}, 'parameters': {'batch_size': {'distribution': 'q_log_uniform_values', 'max': 256, 'min': 16, 'q': 8}, 'criterion': {'value': 'MSELoss()'}, 'epochs': {'values': [20, 40, 60, 80]}, 'hidden_dim_1': {'value': 64}, 'hidden_dim_2': {'value': 128}, 'hidden_dim_3': {'value': 32}, 'in_channels': {'value': 11}, 'lr': {'distribution': 'uniform', 'max': 0.1, 'min': 0}, 'optimizer': {'value': 'adam'}, 'out_channels': {'value': 1}}}
2023-05-22 16:46:54,593:INFO:GCN(
  (conv1): GCNConv(11, 64)
  (conv2): GCNConv(64, 128)
  (global_pool): MaxAggregation()
  (fc1): Linear(in_features=128, out_features=32, bias=True)
  (fc2): Linear(in_features=32, out_features=1, bias=True)
)
2023-05-22 16:47:35,480:INFO:Epoch: 0, Training Loss: 1.4995
2023-05-22 16:47:38,741:INFO:Epoch: 0, Validation Loss: 1.3348
2023-05-22 16:48:00,840:INFO:Epoch: 1, Training Loss: 1.3612
2023-05-22 16:48:02,670:INFO:Epoch: 1, Validation Loss: 1.3045
2023-05-22 16:48:24,545:INFO:Epoch: 2, Training Loss: 1.3403
2023-05-22 16:48:26,379:INFO:Epoch: 2, Validation Loss: 1.2999
2023-05-22 16:48:48,972:INFO:Epoch: 3, Training Loss: 1.3079
2023-05-22 16:48:50,735:INFO:Epoch: 3, Validation Loss: 1.4214
2023-05-22 16:49:11,778:INFO:Epoch: 4, Training Loss: 1.2988
2023-05-22 16:49:13,560:INFO:Epoch: 4, Validation Loss: 1.3146
2023-05-22 16:49:34,992:INFO:Epoch: 5, Training Loss: 1.2983
2023-05-22 16:49:36,852:INFO:Epoch: 5, Validation Loss: 1.2776
2023-05-22 16:49:59,662:INFO:Epoch: 6, Training Loss: 1.2674
2023-05-22 16:50:01,535:INFO:Epoch: 6, Validation Loss: 1.2258
2023-05-22 16:50:22,907:INFO:Epoch: 7, Training Loss: 1.2471
2023-05-22 16:50:24,683:INFO:Epoch: 7, Validation Loss: 1.1721
2023-05-22 16:50:47,485:INFO:Epoch: 8, Training Loss: 1.2565
2023-05-22 16:50:49,238:INFO:Epoch: 8, Validation Loss: 1.2565
2023-05-22 16:51:10,582:INFO:Epoch: 9, Training Loss: 1.2302
2023-05-22 16:51:12,438:INFO:Epoch: 9, Validation Loss: 1.2357
2023-05-22 16:51:34,019:INFO:Epoch: 10, Training Loss: 1.2311
2023-05-22 16:51:35,877:INFO:Epoch: 10, Validation Loss: 1.3246
2023-05-22 16:51:58,217:INFO:Epoch: 11, Training Loss: 1.2325
2023-05-22 16:52:00,047:INFO:Epoch: 11, Validation Loss: 1.2139
2023-05-22 16:52:23,613:INFO:Epoch: 12, Training Loss: 1.2147
2023-05-22 16:52:25,489:INFO:Epoch: 12, Validation Loss: 1.1609
2023-05-22 16:52:49,264:INFO:Epoch: 13, Training Loss: 1.2170
2023-05-22 16:52:51,124:INFO:Epoch: 13, Validation Loss: 1.1983
2023-05-22 16:53:13,053:INFO:Epoch: 14, Training Loss: 1.2128
2023-05-22 16:53:14,921:INFO:Epoch: 14, Validation Loss: 1.3406
2023-05-22 16:53:38,473:INFO:Epoch: 15, Training Loss: 1.2620
2023-05-22 16:53:40,437:INFO:Epoch: 15, Validation Loss: 1.2679
2023-05-22 16:54:03,584:INFO:Epoch: 16, Training Loss: 1.2679
2023-05-22 16:54:05,427:INFO:Epoch: 16, Validation Loss: 1.3957
2023-05-22 16:54:28,042:INFO:Epoch: 17, Training Loss: 1.2629
2023-05-22 16:54:29,940:INFO:Epoch: 17, Validation Loss: 1.2950
2023-05-22 16:54:53,620:INFO:Epoch: 18, Training Loss: 1.2513
2023-05-22 16:54:55,459:INFO:Epoch: 18, Validation Loss: 1.2514
2023-05-22 16:55:18,202:INFO:Epoch: 19, Training Loss: 1.2508
2023-05-22 16:55:20,074:INFO:Epoch: 19, Validation Loss: 1.3184
2023-05-22 16:55:38,271:INFO:{'method': 'random', 'metric': {'goal': 'minimize', 'name': 'val_loss'}, 'parameters': {'batch_size': {'distribution': 'q_log_uniform_values', 'max': 256, 'min': 16, 'q': 8}, 'criterion': {'value': 'MSELoss()'}, 'epochs': {'values': [20, 40, 60, 80]}, 'hidden_dim_1': {'value': 64}, 'hidden_dim_2': {'value': 128}, 'hidden_dim_3': {'value': 32}, 'in_channels': {'value': 11}, 'lr': {'distribution': 'uniform', 'max': 0.1, 'min': 0}, 'optimizer': {'value': 'adam'}, 'out_channels': {'value': 1}}}
2023-05-22 16:55:38,520:INFO:GCN(
  (conv1): GCNConv(11, 64)
  (conv2): GCNConv(64, 128)
  (global_pool): MaxAggregation()
  (fc1): Linear(in_features=128, out_features=32, bias=True)
  (fc2): Linear(in_features=32, out_features=1, bias=True)
)
2023-05-22 16:56:46,694:INFO:Epoch: 0, Training Loss: 1.7128
2023-05-22 16:56:52,625:INFO:Epoch: 0, Validation Loss: 1.9923
2023-05-22 16:57:41,817:INFO:Epoch: 1, Training Loss: 1.4364
2023-05-22 16:57:45,238:INFO:Epoch: 1, Validation Loss: 1.8436
2023-05-22 16:58:33,624:INFO:Epoch: 2, Training Loss: 1.3653
2023-05-22 16:58:36,516:INFO:Epoch: 2, Validation Loss: 1.8163
2023-05-22 16:59:22,304:INFO:Epoch: 3, Training Loss: 1.3220
2023-05-22 16:59:25,726:INFO:Epoch: 3, Validation Loss: 2.0961
2023-05-22 17:00:12,263:INFO:Epoch: 4, Training Loss: 1.2950
2023-05-22 17:00:15,497:INFO:Epoch: 4, Validation Loss: 1.7188
2023-05-22 17:01:01,621:INFO:Epoch: 5, Training Loss: 1.2758
2023-05-22 17:01:04,885:INFO:Epoch: 5, Validation Loss: 1.7518
2023-05-22 17:01:52,919:INFO:Epoch: 6, Training Loss: 1.2702
2023-05-22 17:01:56,127:INFO:Epoch: 6, Validation Loss: 1.7160
2023-05-22 17:02:43,779:INFO:Epoch: 7, Training Loss: 1.2589
2023-05-22 17:02:47,073:INFO:Epoch: 7, Validation Loss: 1.6662
2023-05-22 17:03:33,852:INFO:Epoch: 8, Training Loss: 1.2497
2023-05-22 17:03:37,189:INFO:Epoch: 8, Validation Loss: 1.6164
2023-05-22 17:04:24,025:INFO:Epoch: 9, Training Loss: 1.2421
2023-05-22 17:04:27,594:INFO:Epoch: 9, Validation Loss: 1.7229
2023-05-22 17:05:15,417:INFO:Epoch: 10, Training Loss: 1.2351
2023-05-22 17:05:18,720:INFO:Epoch: 10, Validation Loss: 1.6632
2023-05-22 17:06:06,478:INFO:Epoch: 11, Training Loss: 1.2326
2023-05-22 17:06:09,889:INFO:Epoch: 11, Validation Loss: 1.6206
2023-05-22 17:06:57,914:INFO:Epoch: 12, Training Loss: 1.2279
2023-05-22 17:07:01,205:INFO:Epoch: 12, Validation Loss: 1.7869
2023-05-22 17:07:49,021:INFO:Epoch: 13, Training Loss: 1.2187
2023-05-22 17:07:52,326:INFO:Epoch: 13, Validation Loss: 1.5390
2023-05-22 17:08:39,720:INFO:Epoch: 14, Training Loss: 1.2110
2023-05-22 17:08:43,081:INFO:Epoch: 14, Validation Loss: 1.7086
2023-05-22 17:09:30,817:INFO:Epoch: 15, Training Loss: 1.2098
2023-05-22 17:09:34,122:INFO:Epoch: 15, Validation Loss: 1.6059
2023-05-22 17:10:21,736:INFO:Epoch: 16, Training Loss: 1.2055
2023-05-22 17:10:25,017:INFO:Epoch: 16, Validation Loss: 1.5392
2023-05-22 17:11:11,745:INFO:Epoch: 17, Training Loss: 1.1964
2023-05-22 17:11:14,835:INFO:Epoch: 17, Validation Loss: 1.5514
2023-05-22 17:12:04,647:INFO:Epoch: 18, Training Loss: 1.1898
2023-05-22 17:12:08,093:INFO:Epoch: 18, Validation Loss: 1.5220
2023-05-22 17:12:54,864:INFO:Epoch: 19, Training Loss: 1.1874
2023-05-22 17:12:57,949:INFO:Epoch: 19, Validation Loss: 1.4587
2023-05-22 17:13:44,716:INFO:Epoch: 20, Training Loss: 1.1826
2023-05-22 17:13:48,060:INFO:Epoch: 20, Validation Loss: 1.5046
2023-05-22 17:14:35,784:INFO:Epoch: 21, Training Loss: 1.1776
2023-05-22 17:14:39,147:INFO:Epoch: 21, Validation Loss: 1.5778
2023-05-22 17:15:25,794:INFO:Epoch: 22, Training Loss: 1.1683
2023-05-22 17:15:29,058:INFO:Epoch: 22, Validation Loss: 1.5940
2023-05-22 17:16:17,747:INFO:Epoch: 23, Training Loss: 1.1688
2023-05-22 17:16:21,291:INFO:Epoch: 23, Validation Loss: 1.3997
2023-05-22 17:17:10,325:INFO:Epoch: 24, Training Loss: 1.1592
2023-05-22 17:17:13,660:INFO:Epoch: 24, Validation Loss: 1.5451
2023-05-22 17:18:03,027:INFO:Epoch: 25, Training Loss: 1.1561
2023-05-22 17:18:06,720:INFO:Epoch: 25, Validation Loss: 1.5674
2023-05-22 17:19:00,030:INFO:Epoch: 26, Training Loss: 1.1489
2023-05-22 17:19:03,437:INFO:Epoch: 26, Validation Loss: 1.3968
2023-05-22 17:19:53,735:INFO:Epoch: 27, Training Loss: 1.1471
2023-05-22 17:19:57,083:INFO:Epoch: 27, Validation Loss: 1.4826
2023-05-22 17:20:50,648:INFO:Epoch: 28, Training Loss: 1.1385
2023-05-22 17:20:54,716:INFO:Epoch: 28, Validation Loss: 1.3701
2023-05-22 17:21:45,684:INFO:Epoch: 29, Training Loss: 1.1373
2023-05-22 17:21:49,177:INFO:Epoch: 29, Validation Loss: 1.5530
2023-05-22 17:22:39,429:INFO:Epoch: 30, Training Loss: 1.1313
2023-05-22 17:22:43,966:INFO:Epoch: 30, Validation Loss: 1.4458
2023-05-22 17:23:38,689:INFO:Epoch: 31, Training Loss: 1.1232
2023-05-22 17:23:42,232:INFO:Epoch: 31, Validation Loss: 1.5509
2023-05-22 17:24:36,816:INFO:Epoch: 32, Training Loss: 1.1162
2023-05-22 17:24:40,393:INFO:Epoch: 32, Validation Loss: 1.3852
2023-05-22 17:25:35,213:INFO:Epoch: 33, Training Loss: 1.1116
2023-05-22 17:25:39,183:INFO:Epoch: 33, Validation Loss: 1.3412
2023-05-22 17:26:32,896:INFO:Epoch: 34, Training Loss: 1.1048
2023-05-22 17:26:36,600:INFO:Epoch: 34, Validation Loss: 1.3697
2023-05-22 17:27:29,598:INFO:Epoch: 35, Training Loss: 1.0999
2023-05-22 17:27:32,959:INFO:Epoch: 35, Validation Loss: 1.2812
2023-05-22 17:28:21,742:INFO:Epoch: 36, Training Loss: 1.0914
2023-05-22 17:28:24,990:INFO:Epoch: 36, Validation Loss: 1.2731
2023-05-22 17:29:11,991:INFO:Epoch: 37, Training Loss: 1.0838
2023-05-22 17:29:15,205:INFO:Epoch: 37, Validation Loss: 1.3953
2023-05-22 17:30:02,383:INFO:Epoch: 38, Training Loss: 1.0796
2023-05-22 17:30:05,659:INFO:Epoch: 38, Validation Loss: 1.2265
2023-05-22 17:30:54,824:INFO:Epoch: 39, Training Loss: 1.0712
2023-05-22 17:30:58,210:INFO:Epoch: 39, Validation Loss: 1.3428
2023-05-22 17:31:49,783:INFO:Epoch: 40, Training Loss: 1.0659
2023-05-22 17:31:53,348:INFO:Epoch: 40, Validation Loss: 1.3341
2023-05-22 17:32:44,601:INFO:Epoch: 41, Training Loss: 1.0607
2023-05-22 17:32:48,149:INFO:Epoch: 41, Validation Loss: 1.3258
2023-05-22 17:33:37,941:INFO:Epoch: 42, Training Loss: 1.0529
2023-05-22 17:33:41,284:INFO:Epoch: 42, Validation Loss: 1.1671
2023-05-22 17:34:31,237:INFO:Epoch: 43, Training Loss: 1.0487
2023-05-22 17:34:34,597:INFO:Epoch: 43, Validation Loss: 1.2344
2023-05-22 17:35:23,948:INFO:Epoch: 44, Training Loss: 1.0490
2023-05-22 17:35:27,343:INFO:Epoch: 44, Validation Loss: 1.3388
2023-05-22 17:36:16,895:INFO:Epoch: 45, Training Loss: 1.0424
2023-05-22 17:36:20,246:INFO:Epoch: 45, Validation Loss: 1.3272
2023-05-22 17:37:08,863:INFO:Epoch: 46, Training Loss: 1.0389
2023-05-22 17:37:11,956:INFO:Epoch: 46, Validation Loss: 1.2414
2023-05-22 17:38:01,853:INFO:Epoch: 47, Training Loss: 1.0324
2023-05-22 17:38:05,174:INFO:Epoch: 47, Validation Loss: 1.1286
2023-05-22 17:38:55,311:INFO:Epoch: 48, Training Loss: 1.0318
2023-05-22 17:38:58,786:INFO:Epoch: 48, Validation Loss: 1.1078
2023-05-22 17:39:46,914:INFO:Epoch: 49, Training Loss: 1.0281
2023-05-22 17:39:50,247:INFO:Epoch: 49, Validation Loss: 1.2494
2023-05-22 17:40:38,642:INFO:Epoch: 50, Training Loss: 1.0218
2023-05-22 17:40:41,884:INFO:Epoch: 50, Validation Loss: 1.1142
2023-05-22 17:41:30,583:INFO:Epoch: 51, Training Loss: 1.0219
2023-05-22 17:41:34,006:INFO:Epoch: 51, Validation Loss: 1.1945
2023-05-22 17:42:22,544:INFO:Epoch: 52, Training Loss: 1.0163
2023-05-22 17:42:25,918:INFO:Epoch: 52, Validation Loss: 1.2086
2023-05-22 17:43:13,337:INFO:Epoch: 53, Training Loss: 1.0144
2023-05-22 17:43:16,629:INFO:Epoch: 53, Validation Loss: 1.1942
2023-05-22 17:44:03,550:INFO:Epoch: 54, Training Loss: 1.0098
2023-05-22 17:44:06,735:INFO:Epoch: 54, Validation Loss: 1.1504
2023-05-22 17:44:54,525:INFO:Epoch: 55, Training Loss: 1.0038
2023-05-22 17:44:57,678:INFO:Epoch: 55, Validation Loss: 1.1681
2023-05-22 17:45:45,520:INFO:Epoch: 56, Training Loss: 1.0057
2023-05-22 17:45:48,814:INFO:Epoch: 56, Validation Loss: 1.1199
2023-05-22 17:46:39,785:INFO:Epoch: 57, Training Loss: 1.0052
2023-05-22 17:46:43,352:INFO:Epoch: 57, Validation Loss: 1.0831
2023-05-22 17:47:32,148:INFO:Epoch: 58, Training Loss: 1.0014
2023-05-22 17:47:35,656:INFO:Epoch: 58, Validation Loss: 1.0231
2023-05-22 17:48:24,124:INFO:Epoch: 59, Training Loss: 0.9955
2023-05-22 17:48:27,387:INFO:Epoch: 59, Validation Loss: 1.1453
