2023-05-23 10:23:18,070:INFO:{'method': 'random', 'metric': {'goal': 'minimize', 'name': 'val_loss'}, 'parameters': {'batch_size': {'distribution': 'q_log_uniform_values', 'max': 256, 'min': 16, 'q': 8}, 'criterion': {'value': 'MSELoss()'}, 'epochs': {'values': [20, 40, 60, 80]}, 'hidden_dim_1': {'value': 64}, 'hidden_dim_2': {'value': 128}, 'hidden_dim_3': {'value': 32}, 'in_channels': {'value': 11}, 'lr': {'distribution': 'uniform', 'max': 0.1, 'min': 0}, 'optimizer': {'value': 'adam'}, 'out_channels': {'value': 1}}}
2023-05-23 10:23:18,348:INFO:GCN(
  (conv1): GCNConv(11, 64)
  (conv2): GCNConv(64, 128)
  (global_pool): MaxAggregation()
  (fc1): Linear(in_features=128, out_features=32, bias=True)
  (fc2): Linear(in_features=32, out_features=1, bias=True)
)
2023-05-23 10:24:47,770:INFO:Epoch: 0, Training Loss: 2.7084
2023-05-23 10:24:55,670:INFO:Epoch: 0, Validation Loss: 2.3158
2023-05-23 10:26:02,574:INFO:Epoch: 1, Training Loss: 2.2795
2023-05-23 10:26:06,662:INFO:Epoch: 1, Validation Loss: 2.3241
2023-05-23 10:27:16,990:INFO:Epoch: 2, Training Loss: 2.2816
2023-05-23 10:27:21,549:INFO:Epoch: 2, Validation Loss: 2.2876
2023-05-23 10:28:34,969:INFO:Epoch: 3, Training Loss: 2.2789
2023-05-23 10:28:39,554:INFO:Epoch: 3, Validation Loss: 2.2893
2023-05-23 10:29:57,538:INFO:Epoch: 4, Training Loss: 2.2834
2023-05-23 10:30:02,015:INFO:Epoch: 4, Validation Loss: 2.2915
2023-05-23 10:31:12,023:INFO:Epoch: 5, Training Loss: 2.2814
2023-05-23 10:31:16,663:INFO:Epoch: 5, Validation Loss: 2.2923
2023-05-23 10:32:31,451:INFO:Epoch: 6, Training Loss: 2.2801
2023-05-23 10:32:35,883:INFO:Epoch: 6, Validation Loss: 2.2950
2023-05-23 10:33:47,177:INFO:Epoch: 7, Training Loss: 2.2794
2023-05-23 10:33:51,571:INFO:Epoch: 7, Validation Loss: 2.2895
2023-05-23 10:35:02,657:INFO:Epoch: 8, Training Loss: 2.2817
2023-05-23 10:35:06,874:INFO:Epoch: 8, Validation Loss: 2.2887
2023-05-23 10:36:22,818:INFO:Epoch: 9, Training Loss: 2.2812
2023-05-23 10:36:27,538:INFO:Epoch: 9, Validation Loss: 2.2877
2023-05-23 10:37:45,307:INFO:Epoch: 10, Training Loss: 2.2829
2023-05-23 10:37:49,856:INFO:Epoch: 10, Validation Loss: 2.2956
2023-05-23 10:39:04,021:INFO:Epoch: 11, Training Loss: 2.2811
2023-05-23 10:39:08,827:INFO:Epoch: 11, Validation Loss: 2.2902
2023-05-23 10:40:24,020:INFO:Epoch: 12, Training Loss: 2.2816
2023-05-23 10:40:28,505:INFO:Epoch: 12, Validation Loss: 2.3062
2023-05-23 10:41:42,128:INFO:Epoch: 13, Training Loss: 2.2813
2023-05-23 10:41:46,925:INFO:Epoch: 13, Validation Loss: 2.3754
2023-05-23 10:42:59,937:INFO:Epoch: 14, Training Loss: 2.2807
2023-05-23 10:43:04,529:INFO:Epoch: 14, Validation Loss: 2.3081
2023-05-23 10:44:43,887:INFO:Epoch: 15, Training Loss: 2.2813
2023-05-23 10:44:48,482:INFO:Epoch: 15, Validation Loss: 2.3059
2023-05-23 10:46:11,556:INFO:Epoch: 16, Training Loss: 2.2798
2023-05-23 10:46:15,948:INFO:Epoch: 16, Validation Loss: 2.3383
2023-05-23 10:47:25,715:INFO:Epoch: 17, Training Loss: 2.2802
2023-05-23 10:47:30,084:INFO:Epoch: 17, Validation Loss: 2.2925
2023-05-23 10:48:38,528:INFO:Epoch: 18, Training Loss: 2.2797
2023-05-23 10:48:42,774:INFO:Epoch: 18, Validation Loss: 2.2915
2023-05-23 10:49:56,958:INFO:Epoch: 19, Training Loss: 2.2815
2023-05-23 10:50:01,552:INFO:Epoch: 19, Validation Loss: 2.2983
2023-05-23 10:51:19,873:INFO:Epoch: 20, Training Loss: 2.2802
2023-05-23 10:51:25,097:INFO:Epoch: 20, Validation Loss: 2.3428
2023-05-23 10:52:40,527:INFO:Epoch: 21, Training Loss: 2.2795
2023-05-23 10:52:45,337:INFO:Epoch: 21, Validation Loss: 2.2939
2023-05-23 10:54:06,385:INFO:Epoch: 22, Training Loss: 2.2797
2023-05-23 10:54:10,772:INFO:Epoch: 22, Validation Loss: 2.3543
2023-05-23 10:55:31,811:INFO:Epoch: 23, Training Loss: 2.2809
2023-05-23 10:55:37,282:INFO:Epoch: 23, Validation Loss: 2.3017
2023-05-23 10:56:53,856:INFO:Epoch: 24, Training Loss: 2.2815
2023-05-23 10:56:58,421:INFO:Epoch: 24, Validation Loss: 2.3002
2023-05-23 10:58:13,687:INFO:Epoch: 25, Training Loss: 2.2807
2023-05-23 10:58:17,986:INFO:Epoch: 25, Validation Loss: 2.2930
2023-05-23 10:59:31,682:INFO:Epoch: 26, Training Loss: 2.2806
2023-05-23 10:59:36,140:INFO:Epoch: 26, Validation Loss: 2.2891
2023-05-23 11:00:49,246:INFO:Epoch: 27, Training Loss: 2.2818
2023-05-23 11:00:53,629:INFO:Epoch: 27, Validation Loss: 2.2936
2023-05-23 11:02:06,183:INFO:Epoch: 28, Training Loss: 2.2820
2023-05-23 11:02:10,594:INFO:Epoch: 28, Validation Loss: 2.2953
2023-05-23 11:03:20,749:INFO:Epoch: 29, Training Loss: 2.2808
2023-05-23 11:03:25,113:INFO:Epoch: 29, Validation Loss: 2.3275
2023-05-23 11:04:37,205:INFO:Epoch: 30, Training Loss: 2.2818
2023-05-23 11:04:41,395:INFO:Epoch: 30, Validation Loss: 2.2908
2023-05-23 11:05:53,901:INFO:Epoch: 31, Training Loss: 2.2808
2023-05-23 11:05:58,129:INFO:Epoch: 31, Validation Loss: 2.2942
2023-05-23 11:07:15,404:INFO:Epoch: 32, Training Loss: 2.2813
2023-05-23 11:07:19,806:INFO:Epoch: 32, Validation Loss: 2.2876
2023-05-23 11:08:32,941:INFO:Epoch: 33, Training Loss: 2.2809
2023-05-23 11:08:37,585:INFO:Epoch: 33, Validation Loss: 2.2958
2023-05-23 11:09:51,598:INFO:Epoch: 34, Training Loss: 2.2800
2023-05-23 11:09:57,177:INFO:Epoch: 34, Validation Loss: 2.3170
2023-05-23 11:11:13,265:INFO:Epoch: 35, Training Loss: 2.2807
2023-05-23 11:11:17,736:INFO:Epoch: 35, Validation Loss: 2.2876
2023-05-23 11:12:28,789:INFO:Epoch: 36, Training Loss: 2.2806
2023-05-23 11:12:33,221:INFO:Epoch: 36, Validation Loss: 2.3771
2023-05-23 11:13:43,237:INFO:Epoch: 37, Training Loss: 2.2832
2023-05-23 11:13:47,653:INFO:Epoch: 37, Validation Loss: 2.2879
2023-05-23 11:15:01,094:INFO:Epoch: 38, Training Loss: 2.2814
2023-05-23 11:15:06,268:INFO:Epoch: 38, Validation Loss: 2.2968
2023-05-23 11:16:16,538:INFO:Epoch: 39, Training Loss: 2.2813
2023-05-23 11:16:21,493:INFO:Epoch: 39, Validation Loss: 2.2903
2023-05-23 11:16:28,495:INFO:Test Loss: 2.1656
2023-05-23 11:16:43,662:INFO:{'method': 'random', 'metric': {'goal': 'minimize', 'name': 'val_loss'}, 'parameters': {'batch_size': {'distribution': 'q_log_uniform_values', 'max': 256, 'min': 16, 'q': 8}, 'criterion': {'value': 'MSELoss()'}, 'epochs': {'values': [20, 40, 60, 80]}, 'hidden_dim_1': {'value': 64}, 'hidden_dim_2': {'value': 128}, 'hidden_dim_3': {'value': 32}, 'in_channels': {'value': 11}, 'lr': {'distribution': 'uniform', 'max': 0.1, 'min': 0}, 'optimizer': {'value': 'adam'}, 'out_channels': {'value': 1}}}
2023-05-23 11:16:43,865:INFO:GCN(
  (conv1): GCNConv(11, 64)
  (conv2): GCNConv(64, 128)
  (global_pool): MaxAggregation()
  (fc1): Linear(in_features=128, out_features=32, bias=True)
  (fc2): Linear(in_features=32, out_features=1, bias=True)
)
2023-05-23 11:18:24,156:INFO:Epoch: 0, Training Loss: 2.6351
2023-05-23 11:18:30,980:INFO:Epoch: 0, Validation Loss: 2.3158
2023-05-23 11:19:47,929:INFO:Epoch: 1, Training Loss: 2.2794
2023-05-23 11:19:53,362:INFO:Epoch: 1, Validation Loss: 2.3238
2023-05-23 11:21:07,432:INFO:Epoch: 2, Training Loss: 2.2815
2023-05-23 11:21:11,829:INFO:Epoch: 2, Validation Loss: 2.2876
2023-05-23 11:22:27,499:INFO:Epoch: 3, Training Loss: 2.2788
2023-05-23 11:22:32,334:INFO:Epoch: 3, Validation Loss: 2.2894
2023-05-23 11:23:56,303:INFO:Epoch: 4, Training Loss: 2.2834
2023-05-23 11:24:01,953:INFO:Epoch: 4, Validation Loss: 2.2915
2023-05-23 11:25:21,447:INFO:Epoch: 5, Training Loss: 2.2813
2023-05-23 11:25:26,357:INFO:Epoch: 5, Validation Loss: 2.2923
2023-05-23 11:26:36,571:INFO:Epoch: 6, Training Loss: 2.2801
2023-05-23 11:26:40,894:INFO:Epoch: 6, Validation Loss: 2.2950
2023-05-23 11:27:50,135:INFO:Epoch: 7, Training Loss: 2.2794
2023-05-23 11:27:54,428:INFO:Epoch: 7, Validation Loss: 2.2894
2023-05-23 11:29:04,035:INFO:Epoch: 8, Training Loss: 2.2817
2023-05-23 11:29:08,402:INFO:Epoch: 8, Validation Loss: 2.2887
2023-05-23 11:30:18,401:INFO:Epoch: 9, Training Loss: 2.2812
2023-05-23 11:30:22,678:INFO:Epoch: 9, Validation Loss: 2.2877
2023-05-23 11:31:31,780:INFO:Epoch: 10, Training Loss: 2.2829
2023-05-23 11:31:35,961:INFO:Epoch: 10, Validation Loss: 2.2956
2023-05-23 11:32:45,656:INFO:Epoch: 11, Training Loss: 2.2811
2023-05-23 11:32:50,135:INFO:Epoch: 11, Validation Loss: 2.2902
2023-05-23 11:34:03,823:INFO:Epoch: 12, Training Loss: 2.2816
2023-05-23 11:34:08,313:INFO:Epoch: 12, Validation Loss: 2.3062
2023-05-23 11:35:20,683:INFO:Epoch: 13, Training Loss: 2.2813
2023-05-23 11:35:24,982:INFO:Epoch: 13, Validation Loss: 2.3754
2023-05-23 11:36:41,525:INFO:Epoch: 14, Training Loss: 2.2806
2023-05-23 11:36:45,877:INFO:Epoch: 14, Validation Loss: 2.3079
2023-05-23 11:37:58,810:INFO:Epoch: 15, Training Loss: 2.2813
2023-05-23 11:38:03,358:INFO:Epoch: 15, Validation Loss: 2.3058
2023-05-23 11:39:18,423:INFO:Epoch: 16, Training Loss: 2.2798
2023-05-23 11:39:23,211:INFO:Epoch: 16, Validation Loss: 2.3382
2023-05-23 11:40:39,673:INFO:Epoch: 17, Training Loss: 2.2802
2023-05-23 11:40:44,060:INFO:Epoch: 17, Validation Loss: 2.2925
2023-05-23 11:41:55,837:INFO:Epoch: 18, Training Loss: 2.2797
2023-05-23 11:42:00,508:INFO:Epoch: 18, Validation Loss: 2.2915
2023-05-23 11:43:14,487:INFO:Epoch: 19, Training Loss: 2.2815
2023-05-23 11:43:21,290:INFO:Epoch: 19, Validation Loss: 2.2982
2023-05-23 11:44:54,263:INFO:Epoch: 20, Training Loss: 2.2801
2023-05-23 11:44:58,864:INFO:Epoch: 20, Validation Loss: 2.3427
2023-05-23 11:46:17,044:INFO:Epoch: 21, Training Loss: 2.2795
2023-05-23 11:46:21,461:INFO:Epoch: 21, Validation Loss: 2.2939
2023-05-23 11:47:33,582:INFO:Epoch: 22, Training Loss: 2.2797
2023-05-23 11:47:37,904:INFO:Epoch: 22, Validation Loss: 2.3543
2023-05-23 11:48:57,679:INFO:Epoch: 23, Training Loss: 2.2808
2023-05-23 11:49:02,825:INFO:Epoch: 23, Validation Loss: 2.3018
2023-05-23 11:50:20,061:INFO:Epoch: 24, Training Loss: 2.2814
2023-05-23 11:50:24,965:INFO:Epoch: 24, Validation Loss: 2.3001
2023-05-23 11:51:50,652:INFO:Epoch: 25, Training Loss: 2.2807
2023-05-23 11:51:57,183:INFO:Epoch: 25, Validation Loss: 2.2930
2023-05-23 11:53:20,758:INFO:Epoch: 26, Training Loss: 2.2806
2023-05-23 11:53:26,682:INFO:Epoch: 26, Validation Loss: 2.2891
2023-05-23 11:54:54,144:INFO:Epoch: 27, Training Loss: 2.2818
2023-05-23 11:54:58,513:INFO:Epoch: 27, Validation Loss: 2.2936
2023-05-23 11:56:12,310:INFO:Epoch: 28, Training Loss: 2.2820
2023-05-23 11:56:16,860:INFO:Epoch: 28, Validation Loss: 2.2952
2023-05-23 11:57:27,083:INFO:Epoch: 29, Training Loss: 2.2807
2023-05-23 11:57:31,524:INFO:Epoch: 29, Validation Loss: 2.3275
2023-05-23 11:58:47,809:INFO:Epoch: 30, Training Loss: 2.2818
2023-05-23 11:58:53,180:INFO:Epoch: 30, Validation Loss: 2.2908
2023-05-23 12:00:05,494:INFO:Epoch: 31, Training Loss: 2.2808
2023-05-23 12:00:10,013:INFO:Epoch: 31, Validation Loss: 2.2943
2023-05-23 12:01:23,470:INFO:Epoch: 32, Training Loss: 2.2813
2023-05-23 12:01:29,246:INFO:Epoch: 32, Validation Loss: 2.2876
2023-05-23 12:02:46,867:INFO:Epoch: 33, Training Loss: 2.2809
2023-05-23 12:02:51,273:INFO:Epoch: 33, Validation Loss: 2.2958
2023-05-23 12:04:02,272:INFO:Epoch: 34, Training Loss: 2.2799
2023-05-23 12:04:06,556:INFO:Epoch: 34, Validation Loss: 2.3171
2023-05-23 12:05:21,156:INFO:Epoch: 35, Training Loss: 2.2806
2023-05-23 12:05:25,535:INFO:Epoch: 35, Validation Loss: 2.2876
2023-05-23 12:06:39,606:INFO:Epoch: 36, Training Loss: 2.2806
2023-05-23 12:06:44,258:INFO:Epoch: 36, Validation Loss: 2.3769
2023-05-23 12:07:59,019:INFO:Epoch: 37, Training Loss: 2.2832
2023-05-23 12:08:03,623:INFO:Epoch: 37, Validation Loss: 2.2879
2023-05-23 12:09:17,909:INFO:Epoch: 38, Training Loss: 2.2814
2023-05-23 12:09:22,318:INFO:Epoch: 38, Validation Loss: 2.2968
2023-05-23 12:10:35,976:INFO:Epoch: 39, Training Loss: 2.2813
2023-05-23 12:10:40,442:INFO:Epoch: 39, Validation Loss: 2.2904
2023-05-23 12:11:51,548:INFO:Epoch: 40, Training Loss: 2.2805
2023-05-23 12:11:55,637:INFO:Epoch: 40, Validation Loss: 2.2885
2023-05-23 12:13:04,575:INFO:Epoch: 41, Training Loss: 2.2798
2023-05-23 12:13:08,900:INFO:Epoch: 41, Validation Loss: 2.2906
2023-05-23 12:14:18,312:INFO:Epoch: 42, Training Loss: 2.2795
2023-05-23 12:14:22,732:INFO:Epoch: 42, Validation Loss: 2.2972
2023-05-23 12:15:31,720:INFO:Epoch: 43, Training Loss: 2.2812
2023-05-23 12:15:37,081:INFO:Epoch: 43, Validation Loss: 2.2935
2023-05-23 12:16:47,939:INFO:Epoch: 44, Training Loss: 2.2809
2023-05-23 12:16:52,176:INFO:Epoch: 44, Validation Loss: 2.2876
2023-05-23 12:18:01,417:INFO:Epoch: 45, Training Loss: 2.2807
2023-05-23 12:18:05,621:INFO:Epoch: 45, Validation Loss: 2.3039
2023-05-23 12:19:14,200:INFO:Epoch: 46, Training Loss: 2.2800
2023-05-23 12:19:18,375:INFO:Epoch: 46, Validation Loss: 2.2880
2023-05-23 12:20:28,974:INFO:Epoch: 47, Training Loss: 2.2809
2023-05-23 12:20:33,268:INFO:Epoch: 47, Validation Loss: 2.3027
2023-05-23 12:21:44,496:INFO:Epoch: 48, Training Loss: 2.2811
2023-05-23 12:21:48,750:INFO:Epoch: 48, Validation Loss: 2.2910
2023-05-23 12:23:08,558:INFO:Epoch: 49, Training Loss: 2.2816
2023-05-23 12:23:13,205:INFO:Epoch: 49, Validation Loss: 2.2927
2023-05-23 12:24:27,977:INFO:Epoch: 50, Training Loss: 2.2813
2023-05-23 12:24:32,768:INFO:Epoch: 50, Validation Loss: 2.2889
2023-05-23 12:25:44,073:INFO:Epoch: 51, Training Loss: 2.2802
2023-05-23 12:25:48,168:INFO:Epoch: 51, Validation Loss: 2.2952
2023-05-23 12:26:57,360:INFO:Epoch: 52, Training Loss: 2.2813
2023-05-23 12:27:01,671:INFO:Epoch: 52, Validation Loss: 2.3236
2023-05-23 12:28:12,202:INFO:Epoch: 53, Training Loss: 2.2798
2023-05-23 12:28:16,453:INFO:Epoch: 53, Validation Loss: 2.2905
2023-05-23 12:29:25,688:INFO:Epoch: 54, Training Loss: 2.2797
2023-05-23 12:29:29,775:INFO:Epoch: 54, Validation Loss: 2.2906
2023-05-23 12:30:37,676:INFO:Epoch: 55, Training Loss: 2.2807
2023-05-23 12:30:41,835:INFO:Epoch: 55, Validation Loss: 2.2970
2023-05-23 12:31:49,679:INFO:Epoch: 56, Training Loss: 2.2801
2023-05-23 12:31:53,941:INFO:Epoch: 56, Validation Loss: 2.2876
2023-05-23 12:33:03,225:INFO:Epoch: 57, Training Loss: 2.2801
2023-05-23 12:33:07,430:INFO:Epoch: 57, Validation Loss: 2.2954
2023-05-23 12:34:15,910:INFO:Epoch: 58, Training Loss: 2.2804
2023-05-23 12:34:20,138:INFO:Epoch: 58, Validation Loss: 2.3209
2023-05-23 12:35:29,807:INFO:Epoch: 59, Training Loss: 2.2811
2023-05-23 12:35:34,012:INFO:Epoch: 59, Validation Loss: 2.3078
2023-05-23 12:35:41,642:INFO:Test Loss: 2.1777
2023-05-23 12:35:54,848:INFO:{'method': 'random', 'metric': {'goal': 'minimize', 'name': 'val_loss'}, 'parameters': {'batch_size': {'distribution': 'q_log_uniform_values', 'max': 256, 'min': 16, 'q': 8}, 'criterion': {'value': 'MSELoss()'}, 'epochs': {'values': [20, 40, 60, 80]}, 'hidden_dim_1': {'value': 64}, 'hidden_dim_2': {'value': 128}, 'hidden_dim_3': {'value': 32}, 'in_channels': {'value': 11}, 'lr': {'distribution': 'uniform', 'max': 0.1, 'min': 0}, 'optimizer': {'value': 'adam'}, 'out_channels': {'value': 1}}}
2023-05-23 12:35:55,066:INFO:GCN(
  (conv1): GCNConv(11, 64)
  (conv2): GCNConv(64, 128)
  (global_pool): MaxAggregation()
  (fc1): Linear(in_features=128, out_features=32, bias=True)
  (fc2): Linear(in_features=32, out_features=1, bias=True)
)
2023-05-23 12:37:24,180:INFO:Epoch: 0, Training Loss: 1.4581
2023-05-23 12:37:30,756:INFO:Epoch: 0, Validation Loss: 1.4746
2023-05-23 12:38:26,903:INFO:Epoch: 1, Training Loss: 1.3591
2023-05-23 12:38:30,590:INFO:Epoch: 1, Validation Loss: 1.3109
2023-05-23 12:39:26,633:INFO:Epoch: 2, Training Loss: 1.3274
2023-05-23 12:39:30,261:INFO:Epoch: 2, Validation Loss: 1.2892
2023-05-23 12:40:22,613:INFO:Epoch: 3, Training Loss: 1.3091
2023-05-23 12:40:26,974:INFO:Epoch: 3, Validation Loss: 1.2454
2023-05-23 12:41:18,860:INFO:Epoch: 4, Training Loss: 1.2980
2023-05-23 12:41:22,300:INFO:Epoch: 4, Validation Loss: 1.2221
2023-05-23 12:42:14,718:INFO:Epoch: 5, Training Loss: 1.2942
2023-05-23 12:42:18,343:INFO:Epoch: 5, Validation Loss: 1.2847
2023-05-23 12:43:11,588:INFO:Epoch: 6, Training Loss: 1.2884
2023-05-23 12:43:15,100:INFO:Epoch: 6, Validation Loss: 1.2450
2023-05-23 12:44:21,406:INFO:Epoch: 7, Training Loss: 1.3053
2023-05-23 12:44:26,158:INFO:Epoch: 7, Validation Loss: 1.2698
2023-05-23 12:45:29,112:INFO:Epoch: 8, Training Loss: 1.3082
2023-05-23 12:45:33,640:INFO:Epoch: 8, Validation Loss: 1.3133
2023-05-23 12:46:32,909:INFO:Epoch: 9, Training Loss: 1.3029
2023-05-23 12:46:36,464:INFO:Epoch: 9, Validation Loss: 1.3334
2023-05-23 12:47:29,080:INFO:Epoch: 10, Training Loss: 1.3063
2023-05-23 12:47:32,809:INFO:Epoch: 10, Validation Loss: 1.2740
2023-05-23 12:48:26,077:INFO:Epoch: 11, Training Loss: 1.3026
2023-05-23 12:48:29,635:INFO:Epoch: 11, Validation Loss: 1.3336
2023-05-23 12:49:22,937:INFO:Epoch: 12, Training Loss: 1.2836
2023-05-23 12:49:26,534:INFO:Epoch: 12, Validation Loss: 1.3033
2023-05-23 12:50:20,197:INFO:Epoch: 13, Training Loss: 1.2733
2023-05-23 12:50:23,972:INFO:Epoch: 13, Validation Loss: 1.2362
2023-05-23 12:51:18,616:INFO:Epoch: 14, Training Loss: 1.2745
2023-05-23 12:51:22,288:INFO:Epoch: 14, Validation Loss: 1.3472
2023-05-23 12:52:18,072:INFO:Epoch: 15, Training Loss: 1.2741
2023-05-23 12:52:21,700:INFO:Epoch: 15, Validation Loss: 1.1920
2023-05-23 12:53:18,334:INFO:Epoch: 16, Training Loss: 1.2696
2023-05-23 12:53:22,066:INFO:Epoch: 16, Validation Loss: 1.2843
2023-05-23 12:54:20,734:INFO:Epoch: 17, Training Loss: 1.2805
2023-05-23 12:54:25,509:INFO:Epoch: 17, Validation Loss: 1.1829
2023-05-23 12:55:24,649:INFO:Epoch: 18, Training Loss: 1.2860
2023-05-23 12:55:28,262:INFO:Epoch: 18, Validation Loss: 1.3099
2023-05-23 12:56:25,599:INFO:Epoch: 19, Training Loss: 1.2742
2023-05-23 12:56:29,071:INFO:Epoch: 19, Validation Loss: 1.2120
2023-05-23 12:57:24,528:INFO:Epoch: 20, Training Loss: 1.2658
2023-05-23 12:57:27,910:INFO:Epoch: 20, Validation Loss: 1.2524
2023-05-23 12:58:26,895:INFO:Epoch: 21, Training Loss: 1.2763
2023-05-23 12:58:30,589:INFO:Epoch: 21, Validation Loss: 1.2668
2023-05-23 12:59:26,533:INFO:Epoch: 22, Training Loss: 1.2767
2023-05-23 12:59:30,039:INFO:Epoch: 22, Validation Loss: 1.3374
2023-05-23 13:00:22,934:INFO:Epoch: 23, Training Loss: 1.2783
2023-05-23 13:00:26,483:INFO:Epoch: 23, Validation Loss: 1.2276
2023-05-23 13:01:20,297:INFO:Epoch: 24, Training Loss: 1.2989
2023-05-23 13:01:23,901:INFO:Epoch: 24, Validation Loss: 1.2980
2023-05-23 13:02:22,276:INFO:Epoch: 25, Training Loss: 1.2773
2023-05-23 13:02:26,405:INFO:Epoch: 25, Validation Loss: 1.1802
2023-05-23 13:03:26,441:INFO:Epoch: 26, Training Loss: 1.2905
2023-05-23 13:03:30,464:INFO:Epoch: 26, Validation Loss: 1.2690
2023-05-23 13:04:30,255:INFO:Epoch: 27, Training Loss: 1.2847
2023-05-23 13:04:34,046:INFO:Epoch: 27, Validation Loss: 1.2398
2023-05-23 13:05:33,725:INFO:Epoch: 28, Training Loss: 1.2757
2023-05-23 13:05:37,674:INFO:Epoch: 28, Validation Loss: 1.2125
2023-05-23 13:06:41,487:INFO:Epoch: 29, Training Loss: 1.2713
2023-05-23 13:06:46,001:INFO:Epoch: 29, Validation Loss: 1.2848
2023-05-23 13:07:48,135:INFO:Epoch: 30, Training Loss: 1.2770
2023-05-23 13:07:51,719:INFO:Epoch: 30, Validation Loss: 1.3400
2023-05-23 13:08:46,639:INFO:Epoch: 31, Training Loss: 1.2984
2023-05-23 13:08:50,069:INFO:Epoch: 31, Validation Loss: 1.2506
2023-05-23 13:09:45,081:INFO:Epoch: 32, Training Loss: 1.2714
2023-05-23 13:09:48,573:INFO:Epoch: 32, Validation Loss: 1.2269
2023-05-23 13:10:41,966:INFO:Epoch: 33, Training Loss: 1.2891
2023-05-23 13:10:45,531:INFO:Epoch: 33, Validation Loss: 1.2065
2023-05-23 13:11:39,621:INFO:Epoch: 34, Training Loss: 1.2704
2023-05-23 13:11:43,128:INFO:Epoch: 34, Validation Loss: 1.2757
2023-05-23 13:12:36,011:INFO:Epoch: 35, Training Loss: 1.2729
2023-05-23 13:12:39,684:INFO:Epoch: 35, Validation Loss: 1.2796
2023-05-23 13:13:42,716:INFO:Epoch: 36, Training Loss: 1.2873
2023-05-23 13:13:46,411:INFO:Epoch: 36, Validation Loss: 1.1964
2023-05-23 13:14:39,020:INFO:Epoch: 37, Training Loss: 1.2929
2023-05-23 13:14:42,667:INFO:Epoch: 37, Validation Loss: 1.3008
2023-05-23 13:15:36,425:INFO:Epoch: 38, Training Loss: 1.2793
2023-05-23 13:15:40,017:INFO:Epoch: 38, Validation Loss: 1.3063
2023-05-23 13:16:36,257:INFO:Epoch: 39, Training Loss: 1.2968
2023-05-23 13:16:39,851:INFO:Epoch: 39, Validation Loss: 1.3256
2023-05-23 13:16:47,075:INFO:Test Loss: 1.2140
2023-05-23 13:17:02,385:INFO:{'method': 'random', 'metric': {'goal': 'minimize', 'name': 'val_loss'}, 'parameters': {'batch_size': {'distribution': 'q_log_uniform_values', 'max': 256, 'min': 16, 'q': 8}, 'criterion': {'value': 'MSELoss()'}, 'epochs': {'values': [20, 40, 60, 80]}, 'hidden_dim_1': {'value': 64}, 'hidden_dim_2': {'value': 128}, 'hidden_dim_3': {'value': 32}, 'in_channels': {'value': 11}, 'lr': {'distribution': 'uniform', 'max': 0.1, 'min': 0}, 'optimizer': {'value': 'adam'}, 'out_channels': {'value': 1}}}
2023-05-23 13:17:02,577:INFO:GCN(
  (conv1): GCNConv(11, 64)
  (conv2): GCNConv(64, 128)
  (global_pool): MaxAggregation()
  (fc1): Linear(in_features=128, out_features=32, bias=True)
  (fc2): Linear(in_features=32, out_features=1, bias=True)
)
2023-05-23 13:18:26,060:INFO:Epoch: 0, Training Loss: 1.5123
2023-05-23 13:18:32,962:INFO:Epoch: 0, Validation Loss: 1.3777
2023-05-23 13:19:15,555:INFO:Epoch: 1, Training Loss: 1.4178
2023-05-23 13:19:18,864:INFO:Epoch: 1, Validation Loss: 1.5137
2023-05-23 13:20:02,841:INFO:Epoch: 2, Training Loss: 1.3747
2023-05-23 13:20:06,532:INFO:Epoch: 2, Validation Loss: 1.3921
2023-05-23 13:20:47,342:INFO:Epoch: 3, Training Loss: 1.3500
2023-05-23 13:20:50,438:INFO:Epoch: 3, Validation Loss: 1.3473
2023-05-23 13:21:31,393:INFO:Epoch: 4, Training Loss: 1.3153
2023-05-23 13:21:34,379:INFO:Epoch: 4, Validation Loss: 1.2946
2023-05-23 13:22:15,601:INFO:Epoch: 5, Training Loss: 1.3012
2023-05-23 13:22:18,684:INFO:Epoch: 5, Validation Loss: 1.3369
2023-05-23 13:23:01,633:INFO:Epoch: 6, Training Loss: 1.2912
2023-05-23 13:23:04,587:INFO:Epoch: 6, Validation Loss: 1.3262
2023-05-23 13:23:47,912:INFO:Epoch: 7, Training Loss: 1.2843
2023-05-23 13:23:50,909:INFO:Epoch: 7, Validation Loss: 1.2825
2023-05-23 13:24:32,465:INFO:Epoch: 8, Training Loss: 1.2768
2023-05-23 13:24:35,524:INFO:Epoch: 8, Validation Loss: 1.2949
2023-05-23 13:25:17,539:INFO:Epoch: 9, Training Loss: 1.2656
2023-05-23 13:25:20,649:INFO:Epoch: 9, Validation Loss: 1.4552
2023-05-23 13:26:02,049:INFO:Epoch: 10, Training Loss: 1.2660
2023-05-23 13:26:05,005:INFO:Epoch: 10, Validation Loss: 1.4270
2023-05-23 13:26:46,921:INFO:Epoch: 11, Training Loss: 1.2633
2023-05-23 13:26:50,136:INFO:Epoch: 11, Validation Loss: 1.3135
2023-05-23 13:27:32,331:INFO:Epoch: 12, Training Loss: 1.2823
2023-05-23 13:27:35,845:INFO:Epoch: 12, Validation Loss: 1.1966
2023-05-23 13:28:17,968:INFO:Epoch: 13, Training Loss: 1.2916
2023-05-23 13:28:21,594:INFO:Epoch: 13, Validation Loss: 1.3331
2023-05-23 13:29:05,010:INFO:Epoch: 14, Training Loss: 1.3102
2023-05-23 13:29:08,039:INFO:Epoch: 14, Validation Loss: 1.4859
2023-05-23 13:29:48,992:INFO:Epoch: 15, Training Loss: 1.3011
2023-05-23 13:29:52,261:INFO:Epoch: 15, Validation Loss: 1.3140
2023-05-23 13:30:37,030:INFO:Epoch: 16, Training Loss: 1.2993
2023-05-23 13:30:40,363:INFO:Epoch: 16, Validation Loss: 1.4422
2023-05-23 13:31:24,118:INFO:Epoch: 17, Training Loss: 1.2918
2023-05-23 13:31:27,246:INFO:Epoch: 17, Validation Loss: 1.4363
2023-05-23 13:32:12,248:INFO:Epoch: 18, Training Loss: 1.3006
2023-05-23 13:32:15,391:INFO:Epoch: 18, Validation Loss: 1.4234
2023-05-23 13:32:57,524:INFO:Epoch: 19, Training Loss: 1.2935
2023-05-23 13:33:00,604:INFO:Epoch: 19, Validation Loss: 1.6898
2023-05-23 13:33:06,924:INFO:Test Loss: 1.5933
2023-05-23 13:33:20,687:INFO:{'method': 'random', 'metric': {'goal': 'minimize', 'name': 'val_loss'}, 'parameters': {'batch_size': {'distribution': 'q_log_uniform_values', 'max': 256, 'min': 16, 'q': 8}, 'criterion': {'value': 'MSELoss()'}, 'epochs': {'values': [20, 40, 60, 80]}, 'hidden_dim_1': {'value': 64}, 'hidden_dim_2': {'value': 128}, 'hidden_dim_3': {'value': 32}, 'in_channels': {'value': 11}, 'lr': {'distribution': 'uniform', 'max': 0.1, 'min': 0}, 'optimizer': {'value': 'adam'}, 'out_channels': {'value': 1}}}
2023-05-23 13:33:20,903:INFO:GCN(
  (conv1): GCNConv(11, 64)
  (conv2): GCNConv(64, 128)
  (global_pool): MaxAggregation()
  (fc1): Linear(in_features=128, out_features=32, bias=True)
  (fc2): Linear(in_features=32, out_features=1, bias=True)
)
2023-05-23 13:34:39,409:INFO:Epoch: 0, Training Loss: 1.7387
2023-05-23 13:34:45,195:INFO:Epoch: 0, Validation Loss: 1.6183
2023-05-23 13:35:31,900:INFO:Epoch: 1, Training Loss: 1.5578
2023-05-23 13:35:35,377:INFO:Epoch: 1, Validation Loss: 1.5360
2023-05-23 13:36:23,234:INFO:Epoch: 2, Training Loss: 1.5676
2023-05-23 13:36:26,408:INFO:Epoch: 2, Validation Loss: 1.5154
2023-05-23 13:37:12,973:INFO:Epoch: 3, Training Loss: 1.5463
2023-05-23 13:37:16,167:INFO:Epoch: 3, Validation Loss: 1.4424
2023-05-23 13:38:05,475:INFO:Epoch: 4, Training Loss: 1.5190
2023-05-23 13:38:08,758:INFO:Epoch: 4, Validation Loss: 1.4816
2023-05-23 13:38:56,352:INFO:Epoch: 5, Training Loss: 1.5241
2023-05-23 13:38:59,514:INFO:Epoch: 5, Validation Loss: 1.4964
2023-05-23 13:39:46,507:INFO:Epoch: 6, Training Loss: 1.5326
2023-05-23 13:39:50,314:INFO:Epoch: 6, Validation Loss: 1.5318
2023-05-23 13:40:38,643:INFO:Epoch: 7, Training Loss: 1.5276
2023-05-23 13:40:41,849:INFO:Epoch: 7, Validation Loss: 1.4318
2023-05-23 13:41:27,893:INFO:Epoch: 8, Training Loss: 1.5337
2023-05-23 13:41:31,191:INFO:Epoch: 8, Validation Loss: 1.4565
2023-05-23 13:42:17,280:INFO:Epoch: 9, Training Loss: 1.5398
2023-05-23 13:42:20,564:INFO:Epoch: 9, Validation Loss: 1.5216
2023-05-23 13:43:07,339:INFO:Epoch: 10, Training Loss: 1.5536
2023-05-23 13:43:10,736:INFO:Epoch: 10, Validation Loss: 1.4869
2023-05-23 13:44:18,258:INFO:Epoch: 11, Training Loss: 1.5503
2023-05-23 13:44:23,350:INFO:Epoch: 11, Validation Loss: 1.5474
2023-05-23 13:45:20,013:INFO:Epoch: 12, Training Loss: 1.5518
2023-05-23 13:45:24,552:INFO:Epoch: 12, Validation Loss: 1.4891
2023-05-23 13:46:26,262:INFO:Epoch: 13, Training Loss: 1.5454
2023-05-23 13:46:29,801:INFO:Epoch: 13, Validation Loss: 1.5576
2023-05-23 13:47:28,060:INFO:Epoch: 14, Training Loss: 1.5508
2023-05-23 13:47:32,271:INFO:Epoch: 14, Validation Loss: 1.4940
2023-05-23 13:48:36,129:INFO:Epoch: 15, Training Loss: 1.5546
2023-05-23 13:48:39,759:INFO:Epoch: 15, Validation Loss: 1.5518
2023-05-23 13:49:33,664:INFO:Epoch: 16, Training Loss: 1.5558
2023-05-23 13:49:39,106:INFO:Epoch: 16, Validation Loss: 1.5402
2023-05-23 13:50:39,992:INFO:Epoch: 17, Training Loss: 1.5550
2023-05-23 13:50:44,866:INFO:Epoch: 17, Validation Loss: 1.5519
2023-05-23 13:51:38,027:INFO:Epoch: 18, Training Loss: 1.5485
2023-05-23 13:51:42,359:INFO:Epoch: 18, Validation Loss: 1.6329
2023-05-23 13:52:41,709:INFO:Epoch: 19, Training Loss: 1.5547
2023-05-23 13:52:46,888:INFO:Epoch: 19, Validation Loss: 1.5650
2023-05-23 13:52:56,966:INFO:Test Loss: 1.4608
2023-05-23 13:53:10,556:INFO:{'method': 'random', 'metric': {'goal': 'minimize', 'name': 'val_loss'}, 'parameters': {'batch_size': {'distribution': 'q_log_uniform_values', 'max': 256, 'min': 16, 'q': 8}, 'criterion': {'value': 'MSELoss()'}, 'epochs': {'values': [20, 40, 60, 80]}, 'hidden_dim_1': {'value': 64}, 'hidden_dim_2': {'value': 128}, 'hidden_dim_3': {'value': 32}, 'in_channels': {'value': 11}, 'lr': {'distribution': 'uniform', 'max': 0.1, 'min': 0}, 'optimizer': {'value': 'adam'}, 'out_channels': {'value': 1}}}
2023-05-23 13:53:10,774:INFO:GCN(
  (conv1): GCNConv(11, 64)
  (conv2): GCNConv(64, 128)
  (global_pool): MaxAggregation()
  (fc1): Linear(in_features=128, out_features=32, bias=True)
  (fc2): Linear(in_features=32, out_features=1, bias=True)
)
2023-05-23 13:54:46,063:INFO:Epoch: 0, Training Loss: 2.8107
2023-05-23 13:54:54,059:INFO:Epoch: 0, Validation Loss: 2.0064
2023-05-23 13:55:54,537:INFO:Epoch: 1, Training Loss: 1.8223
2023-05-23 13:55:58,296:INFO:Epoch: 1, Validation Loss: 1.6020
2023-05-23 13:57:03,512:INFO:Epoch: 2, Training Loss: 1.8169
2023-05-23 13:57:07,521:INFO:Epoch: 2, Validation Loss: 1.6457
2023-05-23 13:58:08,786:INFO:Epoch: 3, Training Loss: 1.8242
2023-05-23 13:58:13,153:INFO:Epoch: 3, Validation Loss: 1.7072
2023-05-23 13:59:27,033:INFO:Epoch: 4, Training Loss: 1.8263
2023-05-23 13:59:31,852:INFO:Epoch: 4, Validation Loss: 1.6015
2023-05-23 14:00:28,591:INFO:Epoch: 5, Training Loss: 1.8174
2023-05-23 14:00:32,903:INFO:Epoch: 5, Validation Loss: 1.5368
2023-05-23 14:01:33,988:INFO:Epoch: 6, Training Loss: 1.8316
2023-05-23 14:01:37,991:INFO:Epoch: 6, Validation Loss: 1.7144
2023-05-23 14:02:33,788:INFO:Epoch: 7, Training Loss: 1.8104
2023-05-23 14:02:37,568:INFO:Epoch: 7, Validation Loss: 1.5739
2023-05-23 14:03:34,512:INFO:Epoch: 8, Training Loss: 1.8241
2023-05-23 14:03:38,654:INFO:Epoch: 8, Validation Loss: 1.6254
2023-05-23 14:04:39,330:INFO:Epoch: 9, Training Loss: 1.8164
2023-05-23 14:04:44,070:INFO:Epoch: 9, Validation Loss: 1.5585
2023-05-23 14:05:39,406:INFO:Epoch: 10, Training Loss: 1.8246
2023-05-23 14:05:43,391:INFO:Epoch: 10, Validation Loss: 1.5586
2023-05-23 14:06:43,604:INFO:Epoch: 11, Training Loss: 1.8240
2023-05-23 14:06:48,788:INFO:Epoch: 11, Validation Loss: 1.6175
2023-05-23 14:07:39,573:INFO:Epoch: 12, Training Loss: 1.8171
2023-05-23 14:07:43,670:INFO:Epoch: 12, Validation Loss: 1.5578
2023-05-23 14:08:42,671:INFO:Epoch: 13, Training Loss: 1.8299
2023-05-23 14:08:47,159:INFO:Epoch: 13, Validation Loss: 1.5797
2023-05-23 14:09:47,583:INFO:Epoch: 14, Training Loss: 1.8248
2023-05-23 14:09:52,261:INFO:Epoch: 14, Validation Loss: 1.6972
2023-05-23 14:10:45,830:INFO:Epoch: 15, Training Loss: 1.8230
2023-05-23 14:10:49,786:INFO:Epoch: 15, Validation Loss: 1.6950
2023-05-23 14:11:45,397:INFO:Epoch: 16, Training Loss: 1.8197
2023-05-23 14:11:50,015:INFO:Epoch: 16, Validation Loss: 1.6492
2023-05-23 14:12:51,346:INFO:Epoch: 17, Training Loss: 1.8208
2023-05-23 14:12:55,232:INFO:Epoch: 17, Validation Loss: 1.5668
2023-05-23 14:13:54,125:INFO:Epoch: 18, Training Loss: 1.8235
2023-05-23 14:13:58,402:INFO:Epoch: 18, Validation Loss: 1.5480
2023-05-23 14:15:02,211:INFO:Epoch: 19, Training Loss: 1.8216
2023-05-23 14:15:06,831:INFO:Epoch: 19, Validation Loss: 1.7046
2023-05-23 14:16:03,805:INFO:Epoch: 20, Training Loss: 1.8228
2023-05-23 14:16:08,069:INFO:Epoch: 20, Validation Loss: 1.8105
2023-05-23 14:17:08,547:INFO:Epoch: 21, Training Loss: 1.8226
2023-05-23 14:17:13,200:INFO:Epoch: 21, Validation Loss: 1.8922
2023-05-23 14:18:10,365:INFO:Epoch: 22, Training Loss: 1.8288
2023-05-23 14:18:14,236:INFO:Epoch: 22, Validation Loss: 1.6111
2023-05-23 14:19:06,120:INFO:Epoch: 23, Training Loss: 1.8254
2023-05-23 14:19:09,260:INFO:Epoch: 23, Validation Loss: 1.5427
2023-05-23 14:19:59,483:INFO:Epoch: 24, Training Loss: 1.8208
2023-05-23 14:20:03,258:INFO:Epoch: 24, Validation Loss: 1.5863
2023-05-23 14:20:50,091:INFO:Epoch: 25, Training Loss: 1.8267
2023-05-23 14:20:53,578:INFO:Epoch: 25, Validation Loss: 1.5977
2023-05-23 14:21:41,256:INFO:Epoch: 26, Training Loss: 1.8084
2023-05-23 14:21:44,672:INFO:Epoch: 26, Validation Loss: 1.6081
2023-05-23 14:22:32,079:INFO:Epoch: 27, Training Loss: 1.8235
2023-05-23 14:22:35,126:INFO:Epoch: 27, Validation Loss: 1.6727
2023-05-23 14:23:22,188:INFO:Epoch: 28, Training Loss: 1.8295
2023-05-23 14:23:25,877:INFO:Epoch: 28, Validation Loss: 1.5169
2023-05-23 14:24:14,466:INFO:Epoch: 29, Training Loss: 1.8136
2023-05-23 14:24:17,773:INFO:Epoch: 29, Validation Loss: 1.5940
2023-05-23 14:25:05,877:INFO:Epoch: 30, Training Loss: 1.8286
2023-05-23 14:25:09,340:INFO:Epoch: 30, Validation Loss: 1.7057
2023-05-23 14:25:56,811:INFO:Epoch: 31, Training Loss: 1.8282
2023-05-23 14:26:00,151:INFO:Epoch: 31, Validation Loss: 1.5907
2023-05-23 14:26:48,334:INFO:Epoch: 32, Training Loss: 1.8096
2023-05-23 14:26:51,791:INFO:Epoch: 32, Validation Loss: 1.7053
2023-05-23 14:27:41,725:INFO:Epoch: 33, Training Loss: 1.8203
2023-05-23 14:27:44,950:INFO:Epoch: 33, Validation Loss: 1.6977
2023-05-23 14:28:33,130:INFO:Epoch: 34, Training Loss: 1.8207
2023-05-23 14:28:36,802:INFO:Epoch: 34, Validation Loss: 1.5658
2023-05-23 14:29:31,940:INFO:Epoch: 35, Training Loss: 1.8242
2023-05-23 14:29:35,886:INFO:Epoch: 35, Validation Loss: 1.6750
2023-05-23 14:30:35,530:INFO:Epoch: 36, Training Loss: 1.8254
2023-05-23 14:30:39,256:INFO:Epoch: 36, Validation Loss: 1.5820
2023-05-23 14:31:36,458:INFO:Epoch: 37, Training Loss: 1.8321
2023-05-23 14:31:40,134:INFO:Epoch: 37, Validation Loss: 1.5774
2023-05-23 14:32:34,158:INFO:Epoch: 38, Training Loss: 1.8154
2023-05-23 14:32:38,131:INFO:Epoch: 38, Validation Loss: 1.5889
2023-05-23 14:33:34,971:INFO:Epoch: 39, Training Loss: 1.8187
2023-05-23 14:33:39,387:INFO:Epoch: 39, Validation Loss: 1.6006
2023-05-23 14:34:40,614:INFO:Epoch: 40, Training Loss: 1.8422
2023-05-23 14:34:44,584:INFO:Epoch: 40, Validation Loss: 1.6109
2023-05-23 14:35:40,906:INFO:Epoch: 41, Training Loss: 1.8143
2023-05-23 14:35:45,152:INFO:Epoch: 41, Validation Loss: 1.6701
2023-05-23 14:36:39,151:INFO:Epoch: 42, Training Loss: 1.8361
2023-05-23 14:36:42,602:INFO:Epoch: 42, Validation Loss: 1.5239
2023-05-23 14:37:36,288:INFO:Epoch: 43, Training Loss: 1.8306
2023-05-23 14:37:40,715:INFO:Epoch: 43, Validation Loss: 1.6350
2023-05-23 14:38:37,551:INFO:Epoch: 44, Training Loss: 1.8125
2023-05-23 14:38:42,119:INFO:Epoch: 44, Validation Loss: 1.6556
2023-05-23 14:39:40,466:INFO:Epoch: 45, Training Loss: 1.8228
2023-05-23 14:39:43,961:INFO:Epoch: 45, Validation Loss: 1.6183
2023-05-23 14:40:34,649:INFO:Epoch: 46, Training Loss: 1.8214
2023-05-23 14:40:38,067:INFO:Epoch: 46, Validation Loss: 1.5701
2023-05-23 14:41:29,690:INFO:Epoch: 47, Training Loss: 1.8425
2023-05-23 14:41:35,026:INFO:Epoch: 47, Validation Loss: 1.6786
2023-05-23 14:42:29,519:INFO:Epoch: 48, Training Loss: 1.8236
2023-05-23 14:42:33,642:INFO:Epoch: 48, Validation Loss: 1.5580
2023-05-23 14:43:30,119:INFO:Epoch: 49, Training Loss: 1.8143
2023-05-23 14:43:35,017:INFO:Epoch: 49, Validation Loss: 1.6319
2023-05-23 14:44:51,816:INFO:Epoch: 50, Training Loss: 1.8079
2023-05-23 14:44:56,863:INFO:Epoch: 50, Validation Loss: 1.5878
2023-05-23 14:45:56,980:INFO:Epoch: 51, Training Loss: 1.8233
2023-05-23 14:46:02,886:INFO:Epoch: 51, Validation Loss: 1.6192
2023-05-23 14:47:00,890:INFO:Epoch: 52, Training Loss: 1.8226
2023-05-23 14:47:04,761:INFO:Epoch: 52, Validation Loss: 1.6183
2023-05-23 14:48:00,114:INFO:Epoch: 53, Training Loss: 1.8126
2023-05-23 14:48:04,135:INFO:Epoch: 53, Validation Loss: 1.6436
2023-05-23 14:48:59,179:INFO:Epoch: 54, Training Loss: 1.8356
2023-05-23 14:49:03,457:INFO:Epoch: 54, Validation Loss: 1.6331
2023-05-23 14:49:57,953:INFO:Epoch: 55, Training Loss: 1.8215
2023-05-23 14:50:02,483:INFO:Epoch: 55, Validation Loss: 1.5952
2023-05-23 14:50:58,759:INFO:Epoch: 56, Training Loss: 1.8170
2023-05-23 14:51:02,623:INFO:Epoch: 56, Validation Loss: 1.7069
2023-05-23 14:52:00,515:INFO:Epoch: 57, Training Loss: 1.8180
2023-05-23 14:52:04,391:INFO:Epoch: 57, Validation Loss: 1.5504
2023-05-23 14:53:02,513:INFO:Epoch: 58, Training Loss: 1.8205
2023-05-23 14:53:06,377:INFO:Epoch: 58, Validation Loss: 1.6274
2023-05-23 14:54:01,033:INFO:Epoch: 59, Training Loss: 1.8176
2023-05-23 14:54:05,565:INFO:Epoch: 59, Validation Loss: 1.6576
2023-05-23 14:55:01,138:INFO:Epoch: 60, Training Loss: 1.8199
2023-05-23 14:55:05,062:INFO:Epoch: 60, Validation Loss: 1.5329
2023-05-23 14:56:01,231:INFO:Epoch: 61, Training Loss: 1.8145
2023-05-23 14:56:05,251:INFO:Epoch: 61, Validation Loss: 1.6340
2023-05-23 14:57:04,291:INFO:Epoch: 62, Training Loss: 1.8083
2023-05-23 14:57:08,315:INFO:Epoch: 62, Validation Loss: 1.5924
2023-05-23 14:58:05,952:INFO:Epoch: 63, Training Loss: 1.8236
2023-05-23 14:58:10,190:INFO:Epoch: 63, Validation Loss: 1.6697
2023-05-23 14:59:20,441:INFO:Epoch: 64, Training Loss: 1.8269
2023-05-23 14:59:25,849:INFO:Epoch: 64, Validation Loss: 1.7324
2023-05-23 15:00:24,962:INFO:Epoch: 65, Training Loss: 1.8179
2023-05-23 15:00:29,229:INFO:Epoch: 65, Validation Loss: 1.6380
2023-05-23 15:01:25,406:INFO:Epoch: 66, Training Loss: 1.8253
2023-05-23 15:01:29,756:INFO:Epoch: 66, Validation Loss: 1.6510
2023-05-23 15:02:29,759:INFO:Epoch: 67, Training Loss: 1.8248
2023-05-23 15:02:33,214:INFO:Epoch: 67, Validation Loss: 1.6146
2023-05-23 15:03:26,215:INFO:Epoch: 68, Training Loss: 1.8291
2023-05-23 15:03:30,122:INFO:Epoch: 68, Validation Loss: 1.6678
2023-05-23 15:04:25,864:INFO:Epoch: 69, Training Loss: 1.8290
2023-05-23 15:04:29,822:INFO:Epoch: 69, Validation Loss: 1.6265
2023-05-23 15:05:23,936:INFO:Epoch: 70, Training Loss: 1.8406
2023-05-23 15:05:27,829:INFO:Epoch: 70, Validation Loss: 1.5452
2023-05-23 15:06:23,248:INFO:Epoch: 71, Training Loss: 1.8319
2023-05-23 15:06:27,350:INFO:Epoch: 71, Validation Loss: 1.5410
2023-05-23 15:07:22,303:INFO:Epoch: 72, Training Loss: 1.8239
2023-05-23 15:07:26,233:INFO:Epoch: 72, Validation Loss: 1.5661
2023-05-23 15:08:16,092:INFO:Epoch: 73, Training Loss: 1.8055
2023-05-23 15:08:19,397:INFO:Epoch: 73, Validation Loss: 1.5952
2023-05-23 15:09:17,034:INFO:Epoch: 74, Training Loss: 1.8183
2023-05-23 15:09:21,262:INFO:Epoch: 74, Validation Loss: 1.6413
2023-05-23 15:10:20,238:INFO:Epoch: 75, Training Loss: 1.8101
2023-05-23 15:10:24,493:INFO:Epoch: 75, Validation Loss: 1.6252
2023-05-23 15:11:23,532:INFO:Epoch: 76, Training Loss: 1.8165
2023-05-23 15:11:27,681:INFO:Epoch: 76, Validation Loss: 1.8473
2023-05-23 15:12:23,905:INFO:Epoch: 77, Training Loss: 1.8242
2023-05-23 15:12:27,921:INFO:Epoch: 77, Validation Loss: 1.5703
2023-05-23 15:13:24,787:INFO:Epoch: 78, Training Loss: 1.8219
2023-05-23 15:13:28,538:INFO:Epoch: 78, Validation Loss: 1.5508
2023-05-23 15:14:23,703:INFO:Epoch: 79, Training Loss: 1.8153
2023-05-23 15:14:27,815:INFO:Epoch: 79, Validation Loss: 1.9624
2023-05-23 15:14:35,785:INFO:Test Loss: 1.8392
2023-05-23 15:14:47,695:INFO:{'method': 'random', 'metric': {'goal': 'minimize', 'name': 'val_loss'}, 'parameters': {'batch_size': {'distribution': 'q_log_uniform_values', 'max': 256, 'min': 16, 'q': 8}, 'criterion': {'value': 'MSELoss()'}, 'epochs': {'values': [20, 40, 60, 80]}, 'hidden_dim_1': {'value': 64}, 'hidden_dim_2': {'value': 128}, 'hidden_dim_3': {'value': 32}, 'in_channels': {'value': 11}, 'lr': {'distribution': 'uniform', 'max': 0.1, 'min': 0}, 'optimizer': {'value': 'adam'}, 'out_channels': {'value': 1}}}
2023-05-23 15:14:47,910:INFO:GCN(
  (conv1): GCNConv(11, 64)
  (conv2): GCNConv(64, 128)
  (global_pool): MaxAggregation()
  (fc1): Linear(in_features=128, out_features=32, bias=True)
  (fc2): Linear(in_features=32, out_features=1, bias=True)
)
2023-05-23 15:16:23,393:INFO:Epoch: 0, Training Loss: 2.4722
2023-05-23 15:16:30,387:INFO:Epoch: 0, Validation Loss: 2.2899
2023-05-23 15:17:28,241:INFO:Epoch: 1, Training Loss: 2.2803
2023-05-23 15:17:32,242:INFO:Epoch: 1, Validation Loss: 2.2963
2023-05-23 15:18:33,387:INFO:Epoch: 2, Training Loss: 2.2722
2023-05-23 15:18:37,278:INFO:Epoch: 2, Validation Loss: 2.2915
2023-05-23 15:19:38,361:INFO:Epoch: 3, Training Loss: 2.2732
2023-05-23 15:19:44,256:INFO:Epoch: 3, Validation Loss: 2.2951
2023-05-23 15:20:59,505:INFO:Epoch: 4, Training Loss: 2.2725
2023-05-23 15:21:04,374:INFO:Epoch: 4, Validation Loss: 2.2931
2023-05-23 15:22:23,247:INFO:Epoch: 5, Training Loss: 2.2718
2023-05-23 15:22:28,409:INFO:Epoch: 5, Validation Loss: 2.2883
2023-05-23 15:23:42,780:INFO:Epoch: 6, Training Loss: 2.2728
2023-05-23 15:23:47,743:INFO:Epoch: 6, Validation Loss: 2.2925
2023-05-23 15:25:04,399:INFO:Epoch: 7, Training Loss: 2.2726
2023-05-23 15:25:09,821:INFO:Epoch: 7, Validation Loss: 2.2877
2023-05-23 15:26:23,212:INFO:Epoch: 8, Training Loss: 2.2731
2023-05-23 15:26:28,811:INFO:Epoch: 8, Validation Loss: 2.2902
2023-05-23 15:27:41,603:INFO:Epoch: 9, Training Loss: 2.2730
2023-05-23 15:27:46,650:INFO:Epoch: 9, Validation Loss: 2.2941
2023-05-23 15:29:01,934:INFO:Epoch: 10, Training Loss: 2.2730
2023-05-23 15:29:05,947:INFO:Epoch: 10, Validation Loss: 2.2966
2023-05-23 15:30:07,839:INFO:Epoch: 11, Training Loss: 2.2725
2023-05-23 15:30:11,810:INFO:Epoch: 11, Validation Loss: 2.2891
2023-05-23 15:31:10,131:INFO:Epoch: 12, Training Loss: 2.2723
2023-05-23 15:31:14,061:INFO:Epoch: 12, Validation Loss: 2.2890
2023-05-23 15:32:13,275:INFO:Epoch: 13, Training Loss: 2.2723
2023-05-23 15:32:17,435:INFO:Epoch: 13, Validation Loss: 2.3010
2023-05-23 15:33:16,029:INFO:Epoch: 14, Training Loss: 2.2733
2023-05-23 15:33:20,225:INFO:Epoch: 14, Validation Loss: 2.2877
2023-05-23 15:34:19,415:INFO:Epoch: 15, Training Loss: 2.2726
2023-05-23 15:34:23,577:INFO:Epoch: 15, Validation Loss: 2.2890
2023-05-23 15:35:19,963:INFO:Epoch: 16, Training Loss: 2.2721
2023-05-23 15:35:23,319:INFO:Epoch: 16, Validation Loss: 2.2877
2023-05-23 15:36:12,697:INFO:Epoch: 17, Training Loss: 2.2723
2023-05-23 15:36:15,905:INFO:Epoch: 17, Validation Loss: 2.2931
2023-05-23 15:37:04,618:INFO:Epoch: 18, Training Loss: 2.2744
2023-05-23 15:37:07,866:INFO:Epoch: 18, Validation Loss: 2.2876
2023-05-23 15:37:57,930:INFO:Epoch: 19, Training Loss: 2.2723
2023-05-23 15:38:01,486:INFO:Epoch: 19, Validation Loss: 2.2877
2023-05-23 15:38:52,210:INFO:Epoch: 20, Training Loss: 2.2729
2023-05-23 15:38:56,005:INFO:Epoch: 20, Validation Loss: 2.3315
2023-05-23 15:39:49,181:INFO:Epoch: 21, Training Loss: 2.2741
2023-05-23 15:39:52,983:INFO:Epoch: 21, Validation Loss: 2.2883
2023-05-23 15:40:44,348:INFO:Epoch: 22, Training Loss: 2.2730
2023-05-23 15:40:47,735:INFO:Epoch: 22, Validation Loss: 2.2877
2023-05-23 15:41:37,659:INFO:Epoch: 23, Training Loss: 2.2721
2023-05-23 15:41:41,134:INFO:Epoch: 23, Validation Loss: 2.2917
2023-05-23 15:42:29,412:INFO:Epoch: 24, Training Loss: 2.2721
2023-05-23 15:42:32,846:INFO:Epoch: 24, Validation Loss: 2.2876
2023-05-23 15:43:22,676:INFO:Epoch: 25, Training Loss: 2.2737
2023-05-23 15:43:28,315:INFO:Epoch: 25, Validation Loss: 2.2884
2023-05-23 15:44:50,033:INFO:Epoch: 26, Training Loss: 2.2727
2023-05-23 15:44:54,032:INFO:Epoch: 26, Validation Loss: 2.2876
2023-05-23 15:46:02,823:INFO:Epoch: 27, Training Loss: 2.2725
2023-05-23 15:46:06,860:INFO:Epoch: 27, Validation Loss: 2.2963
2023-05-23 15:47:05,879:INFO:Epoch: 28, Training Loss: 2.2721
2023-05-23 15:47:09,807:INFO:Epoch: 28, Validation Loss: 2.2892
2023-05-23 15:48:08,735:INFO:Epoch: 29, Training Loss: 2.2725
2023-05-23 15:48:12,647:INFO:Epoch: 29, Validation Loss: 2.2927
2023-05-23 15:49:11,620:INFO:Epoch: 30, Training Loss: 2.2720
2023-05-23 15:49:16,150:INFO:Epoch: 30, Validation Loss: 2.2882
2023-05-23 15:50:07,709:INFO:Epoch: 31, Training Loss: 2.2740
2023-05-23 15:50:12,013:INFO:Epoch: 31, Validation Loss: 2.3163
2023-05-23 15:51:00,629:INFO:Epoch: 32, Training Loss: 2.2722
2023-05-23 15:51:03,865:INFO:Epoch: 32, Validation Loss: 2.2913
2023-05-23 15:51:58,581:INFO:Epoch: 33, Training Loss: 2.2723
2023-05-23 15:52:03,110:INFO:Epoch: 33, Validation Loss: 2.2876
2023-05-23 15:53:04,077:INFO:Epoch: 34, Training Loss: 2.2713
2023-05-23 15:53:08,182:INFO:Epoch: 34, Validation Loss: 2.2895
2023-05-23 15:54:10,104:INFO:Epoch: 35, Training Loss: 2.2737
2023-05-23 15:54:14,487:INFO:Epoch: 35, Validation Loss: 2.2904
2023-05-23 15:55:18,167:INFO:Epoch: 36, Training Loss: 2.2728
2023-05-23 15:55:22,434:INFO:Epoch: 36, Validation Loss: 2.2913
2023-05-23 15:56:26,245:INFO:Epoch: 37, Training Loss: 2.2739
2023-05-23 15:56:30,379:INFO:Epoch: 37, Validation Loss: 2.2955
2023-05-23 15:57:29,441:INFO:Epoch: 38, Training Loss: 2.2725
2023-05-23 15:57:33,422:INFO:Epoch: 38, Validation Loss: 2.2893
2023-05-23 15:58:35,499:INFO:Epoch: 39, Training Loss: 2.2727
2023-05-23 15:58:40,273:INFO:Epoch: 39, Validation Loss: 2.2876
2023-05-23 15:59:40,819:INFO:Epoch: 40, Training Loss: 2.2738
2023-05-23 15:59:45,610:INFO:Epoch: 40, Validation Loss: 2.2891
2023-05-23 16:00:48,521:INFO:Epoch: 41, Training Loss: 2.2738
2023-05-23 16:00:52,425:INFO:Epoch: 41, Validation Loss: 2.2882
2023-05-23 16:02:00,149:INFO:Epoch: 42, Training Loss: 2.2721
2023-05-23 16:02:04,830:INFO:Epoch: 42, Validation Loss: 2.3075
2023-05-23 16:03:12,330:INFO:Epoch: 43, Training Loss: 2.2738
2023-05-23 16:03:16,291:INFO:Epoch: 43, Validation Loss: 2.2899
2023-05-23 16:04:15,509:INFO:Epoch: 44, Training Loss: 2.2723
2023-05-23 16:04:20,522:INFO:Epoch: 44, Validation Loss: 2.2892
2023-05-23 16:05:22,578:INFO:Epoch: 45, Training Loss: 2.2731
2023-05-23 16:05:27,592:INFO:Epoch: 45, Validation Loss: 2.2894
2023-05-23 16:06:28,232:INFO:Epoch: 46, Training Loss: 2.2735
2023-05-23 16:06:32,457:INFO:Epoch: 46, Validation Loss: 2.2931
2023-05-23 16:07:34,478:INFO:Epoch: 47, Training Loss: 2.2736
2023-05-23 16:07:38,779:INFO:Epoch: 47, Validation Loss: 2.2998
2023-05-23 16:08:40,987:INFO:Epoch: 48, Training Loss: 2.2736
2023-05-23 16:08:45,373:INFO:Epoch: 48, Validation Loss: 2.3214
2023-05-23 16:09:48,390:INFO:Epoch: 49, Training Loss: 2.2728
2023-05-23 16:09:52,404:INFO:Epoch: 49, Validation Loss: 2.2992
2023-05-23 16:10:53,149:INFO:Epoch: 50, Training Loss: 2.2723
2023-05-23 16:10:56,957:INFO:Epoch: 50, Validation Loss: 2.2879
2023-05-23 16:11:56,163:INFO:Epoch: 51, Training Loss: 2.2723
2023-05-23 16:12:00,136:INFO:Epoch: 51, Validation Loss: 2.3438
2023-05-23 16:12:52,166:INFO:Epoch: 52, Training Loss: 2.2728
2023-05-23 16:12:55,578:INFO:Epoch: 52, Validation Loss: 2.2926
2023-05-23 16:13:45,135:INFO:Epoch: 53, Training Loss: 2.2731
2023-05-23 16:13:48,419:INFO:Epoch: 53, Validation Loss: 2.2908
2023-05-23 16:14:37,724:INFO:Epoch: 54, Training Loss: 2.2724
2023-05-23 16:14:40,971:INFO:Epoch: 54, Validation Loss: 2.2942
2023-05-23 16:15:30,017:INFO:Epoch: 55, Training Loss: 2.2728
2023-05-23 16:15:34,000:INFO:Epoch: 55, Validation Loss: 2.2878
2023-05-23 16:16:24,208:INFO:Epoch: 56, Training Loss: 2.2724
2023-05-23 16:16:27,579:INFO:Epoch: 56, Validation Loss: 2.2878
2023-05-23 16:17:17,666:INFO:Epoch: 57, Training Loss: 2.2728
2023-05-23 16:17:20,832:INFO:Epoch: 57, Validation Loss: 2.2929
2023-05-23 16:18:08,925:INFO:Epoch: 58, Training Loss: 2.2728
2023-05-23 16:18:12,306:INFO:Epoch: 58, Validation Loss: 2.2916
2023-05-23 16:19:01,261:INFO:Epoch: 59, Training Loss: 2.2727
2023-05-23 16:19:04,650:INFO:Epoch: 59, Validation Loss: 2.3037
2023-05-23 16:19:54,807:INFO:Epoch: 60, Training Loss: 2.2732
2023-05-23 16:19:58,084:INFO:Epoch: 60, Validation Loss: 2.2920
2023-05-23 16:20:50,024:INFO:Epoch: 61, Training Loss: 2.2720
2023-05-23 16:20:53,556:INFO:Epoch: 61, Validation Loss: 2.2895
2023-05-23 16:21:46,548:INFO:Epoch: 62, Training Loss: 2.2720
2023-05-23 16:21:50,138:INFO:Epoch: 62, Validation Loss: 2.3006
2023-05-23 16:22:40,972:INFO:Epoch: 63, Training Loss: 2.2737
2023-05-23 16:22:44,569:INFO:Epoch: 63, Validation Loss: 2.3035
2023-05-23 16:23:36,293:INFO:Epoch: 64, Training Loss: 2.2740
2023-05-23 16:23:40,000:INFO:Epoch: 64, Validation Loss: 2.3436
2023-05-23 16:24:29,689:INFO:Epoch: 65, Training Loss: 2.2718
2023-05-23 16:24:33,099:INFO:Epoch: 65, Validation Loss: 2.2894
2023-05-23 16:25:24,299:INFO:Epoch: 66, Training Loss: 2.2717
2023-05-23 16:25:27,580:INFO:Epoch: 66, Validation Loss: 2.2980
2023-05-23 16:26:16,868:INFO:Epoch: 67, Training Loss: 2.2728
2023-05-23 16:26:20,108:INFO:Epoch: 67, Validation Loss: 2.2876
2023-05-23 16:27:09,905:INFO:Epoch: 68, Training Loss: 2.2728
2023-05-23 16:27:13,935:INFO:Epoch: 68, Validation Loss: 2.2905
2023-05-23 16:28:03,574:INFO:Epoch: 69, Training Loss: 2.2720
2023-05-23 16:28:06,895:INFO:Epoch: 69, Validation Loss: 2.2891
2023-05-23 16:28:57,030:INFO:Epoch: 70, Training Loss: 2.2735
2023-05-23 16:29:00,542:INFO:Epoch: 70, Validation Loss: 2.2943
2023-05-23 16:29:51,568:INFO:Epoch: 71, Training Loss: 2.2733
2023-05-23 16:29:54,939:INFO:Epoch: 71, Validation Loss: 2.2877
2023-05-23 16:30:45,352:INFO:Epoch: 72, Training Loss: 2.2725
2023-05-23 16:30:48,620:INFO:Epoch: 72, Validation Loss: 2.2887
2023-05-23 16:31:38,667:INFO:Epoch: 73, Training Loss: 2.2728
2023-05-23 16:31:42,051:INFO:Epoch: 73, Validation Loss: 2.2876
2023-05-23 16:32:32,575:INFO:Epoch: 74, Training Loss: 2.2721
2023-05-23 16:32:35,975:INFO:Epoch: 74, Validation Loss: 2.2915
2023-05-23 16:33:27,544:INFO:Epoch: 75, Training Loss: 2.2730
2023-05-23 16:33:30,962:INFO:Epoch: 75, Validation Loss: 2.3315
2023-05-23 16:34:21,683:INFO:Epoch: 76, Training Loss: 2.2737
2023-05-23 16:34:25,185:INFO:Epoch: 76, Validation Loss: 2.2891
2023-05-23 16:35:17,203:INFO:Epoch: 77, Training Loss: 2.2731
2023-05-23 16:35:20,663:INFO:Epoch: 77, Validation Loss: 2.2880
2023-05-23 16:36:13,667:INFO:Epoch: 78, Training Loss: 2.2722
2023-05-23 16:36:17,388:INFO:Epoch: 78, Validation Loss: 2.3417
2023-05-23 16:37:09,204:INFO:Epoch: 79, Training Loss: 2.2727
2023-05-23 16:37:13,216:INFO:Epoch: 79, Validation Loss: 2.2915
2023-05-23 16:37:19,752:INFO:Test Loss: 2.1636
2023-05-23 16:37:41,669:INFO:{'method': 'random', 'metric': {'goal': 'minimize', 'name': 'val_loss'}, 'parameters': {'batch_size': {'distribution': 'q_log_uniform_values', 'max': 256, 'min': 16, 'q': 8}, 'criterion': {'value': 'MSELoss()'}, 'epochs': {'values': [20, 40, 60, 80]}, 'hidden_dim_1': {'value': 64}, 'hidden_dim_2': {'value': 128}, 'hidden_dim_3': {'value': 32}, 'in_channels': {'value': 11}, 'lr': {'distribution': 'uniform', 'max': 0.1, 'min': 0}, 'optimizer': {'value': 'adam'}, 'out_channels': {'value': 1}}}
2023-05-23 16:37:41,898:INFO:GCN(
  (conv1): GCNConv(11, 64)
  (conv2): GCNConv(64, 128)
  (global_pool): MaxAggregation()
  (fc1): Linear(in_features=128, out_features=32, bias=True)
  (fc2): Linear(in_features=32, out_features=1, bias=True)
)
2023-05-23 16:39:03,748:INFO:Epoch: 0, Training Loss: 1.4805
2023-05-23 16:39:09,761:INFO:Epoch: 0, Validation Loss: 1.4911
2023-05-23 16:40:01,731:INFO:Epoch: 1, Training Loss: 1.3618
2023-05-23 16:40:05,165:INFO:Epoch: 1, Validation Loss: 1.3163
2023-05-23 16:40:56,479:INFO:Epoch: 2, Training Loss: 1.3426
2023-05-23 16:41:00,060:INFO:Epoch: 2, Validation Loss: 1.2912
2023-05-23 16:41:53,203:INFO:Epoch: 3, Training Loss: 1.3297
2023-05-23 16:41:56,877:INFO:Epoch: 3, Validation Loss: 1.2765
2023-05-23 16:42:49,687:INFO:Epoch: 4, Training Loss: 1.3265
2023-05-23 16:42:53,239:INFO:Epoch: 4, Validation Loss: 1.2734
2023-05-23 16:43:54,211:INFO:Epoch: 5, Training Loss: 1.3164
2023-05-23 16:43:58,906:INFO:Epoch: 5, Validation Loss: 1.3502
2023-05-23 16:45:04,150:INFO:Epoch: 6, Training Loss: 1.3108
2023-05-23 16:45:07,760:INFO:Epoch: 6, Validation Loss: 1.2248
2023-05-23 16:46:05,267:INFO:Epoch: 7, Training Loss: 1.3237
2023-05-23 16:46:08,648:INFO:Epoch: 7, Validation Loss: 1.2474
2023-05-23 16:47:00,092:INFO:Epoch: 8, Training Loss: 1.3219
2023-05-23 16:47:03,682:INFO:Epoch: 8, Validation Loss: 1.2987
2023-05-23 16:47:53,719:INFO:Epoch: 9, Training Loss: 1.3378
2023-05-23 16:47:57,030:INFO:Epoch: 9, Validation Loss: 1.2846
2023-05-23 16:48:48,993:INFO:Epoch: 10, Training Loss: 1.3365
2023-05-23 16:48:52,839:INFO:Epoch: 10, Validation Loss: 1.3051
2023-05-23 16:49:54,712:INFO:Epoch: 11, Training Loss: 1.3282
2023-05-23 16:49:59,038:INFO:Epoch: 11, Validation Loss: 1.3171
2023-05-23 16:51:03,187:INFO:Epoch: 12, Training Loss: 1.3494
2023-05-23 16:51:08,001:INFO:Epoch: 12, Validation Loss: 1.3744
2023-05-23 16:52:11,971:INFO:Epoch: 13, Training Loss: 1.3644
2023-05-23 16:52:15,504:INFO:Epoch: 13, Validation Loss: 1.3468
2023-05-23 16:53:06,422:INFO:Epoch: 14, Training Loss: 1.3985
2023-05-23 16:53:10,030:INFO:Epoch: 14, Validation Loss: 1.3253
2023-05-23 16:54:03,885:INFO:Epoch: 15, Training Loss: 1.3800
2023-05-23 16:54:07,977:INFO:Epoch: 15, Validation Loss: 1.3112
2023-05-23 16:55:09,535:INFO:Epoch: 16, Training Loss: 1.3631
2023-05-23 16:55:13,624:INFO:Epoch: 16, Validation Loss: 1.4549
2023-05-23 16:56:14,838:INFO:Epoch: 17, Training Loss: 1.3583
2023-05-23 16:56:19,085:INFO:Epoch: 17, Validation Loss: 1.2623
2023-05-23 16:57:20,997:INFO:Epoch: 18, Training Loss: 1.3462
2023-05-23 16:57:25,235:INFO:Epoch: 18, Validation Loss: 1.3187
2023-05-23 16:58:27,995:INFO:Epoch: 19, Training Loss: 1.3515
2023-05-23 16:58:32,228:INFO:Epoch: 19, Validation Loss: 1.3445
2023-05-23 16:58:39,593:INFO:Test Loss: 1.2391
2023-05-23 16:58:55,854:INFO:{'method': 'random', 'metric': {'goal': 'minimize', 'name': 'val_loss'}, 'parameters': {'batch_size': {'distribution': 'q_log_uniform_values', 'max': 256, 'min': 16, 'q': 8}, 'criterion': {'value': 'MSELoss()'}, 'epochs': {'values': [20, 40, 60, 80]}, 'hidden_dim_1': {'value': 64}, 'hidden_dim_2': {'value': 128}, 'hidden_dim_3': {'value': 32}, 'in_channels': {'value': 11}, 'lr': {'distribution': 'uniform', 'max': 0.1, 'min': 0}, 'optimizer': {'value': 'adam'}, 'out_channels': {'value': 1}}}
2023-05-23 16:58:56,178:INFO:GCN(
  (conv1): GCNConv(11, 64)
  (conv2): GCNConv(64, 128)
  (global_pool): MaxAggregation()
  (fc1): Linear(in_features=128, out_features=32, bias=True)
  (fc2): Linear(in_features=32, out_features=1, bias=True)
)
2023-05-23 17:00:35,604:INFO:Epoch: 0, Training Loss: 2.0980
2023-05-23 17:00:43,229:INFO:Epoch: 0, Validation Loss: 1.7500
2023-05-23 17:01:38,078:INFO:Epoch: 1, Training Loss: 1.8074
2023-05-23 17:01:42,199:INFO:Epoch: 1, Validation Loss: 1.5621
2023-05-23 17:02:38,384:INFO:Epoch: 2, Training Loss: 1.8041
2023-05-23 17:02:42,058:INFO:Epoch: 2, Validation Loss: 1.6674
2023-05-23 17:03:37,186:INFO:Epoch: 3, Training Loss: 1.8115
2023-05-23 17:03:41,171:INFO:Epoch: 3, Validation Loss: 1.7219
2023-05-23 17:04:44,345:INFO:Epoch: 4, Training Loss: 1.8070
2023-05-23 17:04:48,079:INFO:Epoch: 4, Validation Loss: 1.5769
2023-05-23 17:05:49,012:INFO:Epoch: 5, Training Loss: 1.8026
2023-05-23 17:05:53,112:INFO:Epoch: 5, Validation Loss: 1.5296
2023-05-23 17:06:51,625:INFO:Epoch: 6, Training Loss: 1.8127
2023-05-23 17:06:55,422:INFO:Epoch: 6, Validation Loss: 1.6539
2023-05-23 17:07:50,480:INFO:Epoch: 7, Training Loss: 1.7959
2023-05-23 17:07:53,797:INFO:Epoch: 7, Validation Loss: 1.5555
2023-05-23 17:08:42,284:INFO:Epoch: 8, Training Loss: 1.8081
2023-05-23 17:08:46,000:INFO:Epoch: 8, Validation Loss: 1.6733
2023-05-23 17:09:40,630:INFO:Epoch: 9, Training Loss: 1.8005
2023-05-23 17:09:44,391:INFO:Epoch: 9, Validation Loss: 1.5682
2023-05-23 17:10:44,507:INFO:Epoch: 10, Training Loss: 1.8070
2023-05-23 17:10:47,819:INFO:Epoch: 10, Validation Loss: 1.5120
2023-05-23 17:11:39,131:INFO:Epoch: 11, Training Loss: 1.8118
2023-05-23 17:11:44,546:INFO:Epoch: 11, Validation Loss: 1.6024
2023-05-23 17:12:34,507:INFO:Epoch: 12, Training Loss: 1.8012
2023-05-23 17:12:38,075:INFO:Epoch: 12, Validation Loss: 1.5587
2023-05-23 17:13:26,883:INFO:Epoch: 13, Training Loss: 1.8127
2023-05-23 17:13:30,162:INFO:Epoch: 13, Validation Loss: 1.5758
2023-05-23 17:14:20,636:INFO:Epoch: 14, Training Loss: 1.8062
2023-05-23 17:14:24,768:INFO:Epoch: 14, Validation Loss: 1.6584
2023-05-23 17:15:15,049:INFO:Epoch: 15, Training Loss: 1.8043
2023-05-23 17:15:19,220:INFO:Epoch: 15, Validation Loss: 1.6108
2023-05-23 17:16:19,954:INFO:Epoch: 16, Training Loss: 1.8019
2023-05-23 17:16:24,610:INFO:Epoch: 16, Validation Loss: 1.6894
2023-05-23 17:17:21,158:INFO:Epoch: 17, Training Loss: 1.8030
2023-05-23 17:17:26,412:INFO:Epoch: 17, Validation Loss: 1.5911
2023-05-23 17:18:23,997:INFO:Epoch: 18, Training Loss: 1.8040
2023-05-23 17:18:29,174:INFO:Epoch: 18, Validation Loss: 1.5792
2023-05-23 17:19:30,253:INFO:Epoch: 19, Training Loss: 1.8063
2023-05-23 17:19:33,697:INFO:Epoch: 19, Validation Loss: 1.7295
2023-05-23 17:20:30,161:INFO:Epoch: 20, Training Loss: 1.8013
2023-05-23 17:20:33,928:INFO:Epoch: 20, Validation Loss: 1.7328
2023-05-23 17:21:34,091:INFO:Epoch: 21, Training Loss: 1.8113
2023-05-23 17:21:37,597:INFO:Epoch: 21, Validation Loss: 1.8991
2023-05-23 17:22:34,820:INFO:Epoch: 22, Training Loss: 1.8094
2023-05-23 17:22:38,516:INFO:Epoch: 22, Validation Loss: 1.5783
2023-05-23 17:23:34,097:INFO:Epoch: 23, Training Loss: 1.8108
2023-05-23 17:23:38,719:INFO:Epoch: 23, Validation Loss: 1.5194
2023-05-23 17:24:36,691:INFO:Epoch: 24, Training Loss: 1.8008
2023-05-23 17:24:40,398:INFO:Epoch: 24, Validation Loss: 1.6163
2023-05-23 17:25:32,705:INFO:Epoch: 25, Training Loss: 1.8018
2023-05-23 17:25:36,367:INFO:Epoch: 25, Validation Loss: 1.5886
2023-05-23 17:26:28,793:INFO:Epoch: 26, Training Loss: 1.7964
2023-05-23 17:26:32,073:INFO:Epoch: 26, Validation Loss: 1.6436
2023-05-23 17:27:34,817:INFO:Epoch: 27, Training Loss: 1.8047
2023-05-23 17:27:38,805:INFO:Epoch: 27, Validation Loss: 1.5635
2023-05-23 17:28:34,702:INFO:Epoch: 28, Training Loss: 1.8073
2023-05-23 17:28:38,757:INFO:Epoch: 28, Validation Loss: 1.5340
2023-05-23 17:29:31,441:INFO:Epoch: 29, Training Loss: 1.7962
2023-05-23 17:29:35,056:INFO:Epoch: 29, Validation Loss: 1.5680
2023-05-23 17:30:29,285:INFO:Epoch: 30, Training Loss: 1.8055
2023-05-23 17:30:32,727:INFO:Epoch: 30, Validation Loss: 1.6442
2023-05-23 17:31:28,047:INFO:Epoch: 31, Training Loss: 1.8066
2023-05-23 17:31:31,710:INFO:Epoch: 31, Validation Loss: 1.7480
2023-05-23 17:32:25,862:INFO:Epoch: 32, Training Loss: 1.7964
2023-05-23 17:32:29,503:INFO:Epoch: 32, Validation Loss: 1.6792
2023-05-23 17:33:30,840:INFO:Epoch: 33, Training Loss: 1.7994
2023-05-23 17:33:34,491:INFO:Epoch: 33, Validation Loss: 1.7155
2023-05-23 17:34:45,252:INFO:Epoch: 34, Training Loss: 1.8068
2023-05-23 17:34:50,406:INFO:Epoch: 34, Validation Loss: 1.5803
2023-05-23 17:35:52,712:INFO:Epoch: 35, Training Loss: 1.8048
2023-05-23 17:35:58,671:INFO:Epoch: 35, Validation Loss: 1.6267
2023-05-23 17:37:02,505:INFO:Epoch: 36, Training Loss: 1.8123
2023-05-23 17:37:06,715:INFO:Epoch: 36, Validation Loss: 1.6248
2023-05-23 17:38:13,821:INFO:Epoch: 37, Training Loss: 1.8106
2023-05-23 17:38:18,669:INFO:Epoch: 37, Validation Loss: 1.5770
2023-05-23 17:39:16,433:INFO:Epoch: 38, Training Loss: 1.7998
2023-05-23 17:39:20,141:INFO:Epoch: 38, Validation Loss: 1.5754
2023-05-23 17:40:14,982:INFO:Epoch: 39, Training Loss: 1.8001
2023-05-23 17:40:19,034:INFO:Epoch: 39, Validation Loss: 1.5599
2023-05-23 17:41:16,197:INFO:Epoch: 40, Training Loss: 1.8186
2023-05-23 17:41:19,754:INFO:Epoch: 40, Validation Loss: 1.6056
2023-05-23 17:42:09,442:INFO:Epoch: 41, Training Loss: 1.8015
2023-05-23 17:42:13,000:INFO:Epoch: 41, Validation Loss: 1.5985
2023-05-23 17:43:04,318:INFO:Epoch: 42, Training Loss: 1.8148
2023-05-23 17:43:08,353:INFO:Epoch: 42, Validation Loss: 1.5538
2023-05-23 17:44:14,930:INFO:Epoch: 43, Training Loss: 1.8081
2023-05-23 17:44:18,856:INFO:Epoch: 43, Validation Loss: 1.5859
2023-05-23 17:45:29,411:INFO:Epoch: 44, Training Loss: 1.7994
2023-05-23 17:45:33,285:INFO:Epoch: 44, Validation Loss: 1.6456
2023-05-23 17:46:32,757:INFO:Epoch: 45, Training Loss: 1.8033
2023-05-23 17:46:36,303:INFO:Epoch: 45, Validation Loss: 1.5966
2023-05-23 17:47:27,953:INFO:Epoch: 46, Training Loss: 1.8012
2023-05-23 17:47:31,729:INFO:Epoch: 46, Validation Loss: 1.5514
2023-05-23 17:48:23,651:INFO:Epoch: 47, Training Loss: 1.8186
2023-05-23 17:48:26,953:INFO:Epoch: 47, Validation Loss: 1.6419
2023-05-23 17:49:18,139:INFO:Epoch: 48, Training Loss: 1.8047
2023-05-23 17:49:21,826:INFO:Epoch: 48, Validation Loss: 1.5245
2023-05-23 17:50:12,956:INFO:Epoch: 49, Training Loss: 1.7950
2023-05-23 17:50:16,283:INFO:Epoch: 49, Validation Loss: 1.5343
2023-05-23 17:51:05,396:INFO:Epoch: 50, Training Loss: 1.7930
2023-05-23 17:51:08,892:INFO:Epoch: 50, Validation Loss: 1.5757
2023-05-23 17:51:58,424:INFO:Epoch: 51, Training Loss: 1.8146
2023-05-23 17:52:01,785:INFO:Epoch: 51, Validation Loss: 1.5884
2023-05-23 17:52:51,452:INFO:Epoch: 52, Training Loss: 1.8067
2023-05-23 17:52:55,000:INFO:Epoch: 52, Validation Loss: 1.6176
2023-05-23 17:53:48,887:INFO:Epoch: 53, Training Loss: 1.7987
2023-05-23 17:53:52,365:INFO:Epoch: 53, Validation Loss: 1.6833
2023-05-23 17:54:42,971:INFO:Epoch: 54, Training Loss: 1.8175
2023-05-23 17:54:46,382:INFO:Epoch: 54, Validation Loss: 1.6424
2023-05-23 17:55:35,570:INFO:Epoch: 55, Training Loss: 1.8039
2023-05-23 17:55:39,763:INFO:Epoch: 55, Validation Loss: 1.5913
2023-05-23 17:56:30,152:INFO:Epoch: 56, Training Loss: 1.8001
2023-05-23 17:56:33,985:INFO:Epoch: 56, Validation Loss: 1.7050
2023-05-23 17:57:23,550:INFO:Epoch: 57, Training Loss: 1.8042
2023-05-23 17:57:27,015:INFO:Epoch: 57, Validation Loss: 1.5954
2023-05-23 17:58:17,477:INFO:Epoch: 58, Training Loss: 1.8044
2023-05-23 17:58:20,852:INFO:Epoch: 58, Validation Loss: 1.6353
2023-05-23 17:59:13,861:INFO:Epoch: 59, Training Loss: 1.8001
2023-05-23 17:59:18,148:INFO:Epoch: 59, Validation Loss: 1.7091
2023-05-23 18:00:11,840:INFO:Epoch: 60, Training Loss: 1.8036
2023-05-23 18:00:16,400:INFO:Epoch: 60, Validation Loss: 1.5078
2023-05-23 18:01:09,905:INFO:Epoch: 61, Training Loss: 1.7968
2023-05-23 18:01:13,588:INFO:Epoch: 61, Validation Loss: 1.5444
2023-05-23 18:02:07,446:INFO:Epoch: 62, Training Loss: 1.7917
2023-05-23 18:02:11,300:INFO:Epoch: 62, Validation Loss: 1.5957
2023-05-23 18:03:04,570:INFO:Epoch: 63, Training Loss: 1.8050
2023-05-23 18:03:08,220:INFO:Epoch: 63, Validation Loss: 1.6511
2023-05-23 18:04:01,211:INFO:Epoch: 64, Training Loss: 1.8099
2023-05-23 18:04:04,887:INFO:Epoch: 64, Validation Loss: 1.6817
2023-05-23 18:04:55,776:INFO:Epoch: 65, Training Loss: 1.8016
2023-05-23 18:04:59,337:INFO:Epoch: 65, Validation Loss: 1.5833
2023-05-23 18:05:49,268:INFO:Epoch: 66, Training Loss: 1.8065
2023-05-23 18:05:53,275:INFO:Epoch: 66, Validation Loss: 1.6110
2023-05-23 18:06:51,683:INFO:Epoch: 67, Training Loss: 1.8082
2023-05-23 18:06:55,974:INFO:Epoch: 67, Validation Loss: 1.6483
2023-05-23 18:07:49,180:INFO:Epoch: 68, Training Loss: 1.8096
2023-05-23 18:07:52,500:INFO:Epoch: 68, Validation Loss: 1.6368
2023-05-23 18:08:44,501:INFO:Epoch: 69, Training Loss: 1.8083
2023-05-23 18:08:47,676:INFO:Epoch: 69, Validation Loss: 1.6119
2023-05-23 18:09:35,461:INFO:Epoch: 70, Training Loss: 1.8161
2023-05-23 18:09:39,042:INFO:Epoch: 70, Validation Loss: 1.5401
2023-05-23 18:10:26,181:INFO:Epoch: 71, Training Loss: 1.8125
2023-05-23 18:10:29,683:INFO:Epoch: 71, Validation Loss: 1.5350
2023-05-23 18:11:16,775:INFO:Epoch: 72, Training Loss: 1.8061
2023-05-23 18:11:20,128:INFO:Epoch: 72, Validation Loss: 1.5515
2023-05-23 18:12:06,765:INFO:Epoch: 73, Training Loss: 1.7963
2023-05-23 18:12:10,136:INFO:Epoch: 73, Validation Loss: 1.6035
2023-05-23 18:12:56,379:INFO:Epoch: 74, Training Loss: 1.7965
2023-05-23 18:12:59,649:INFO:Epoch: 74, Validation Loss: 1.6106
2023-05-23 18:13:49,961:INFO:Epoch: 75, Training Loss: 1.7968
2023-05-23 18:13:53,194:INFO:Epoch: 75, Validation Loss: 1.5460
2023-05-23 18:14:40,128:INFO:Epoch: 76, Training Loss: 1.8024
2023-05-23 18:14:43,600:INFO:Epoch: 76, Validation Loss: 1.7987
2023-05-23 18:15:30,548:INFO:Epoch: 77, Training Loss: 1.8069
2023-05-23 18:15:33,824:INFO:Epoch: 77, Validation Loss: 1.5756
2023-05-23 18:16:22,113:INFO:Epoch: 78, Training Loss: 1.8011
2023-05-23 18:16:25,461:INFO:Epoch: 78, Validation Loss: 1.5554
2023-05-23 18:17:14,994:INFO:Epoch: 79, Training Loss: 1.8039
2023-05-23 18:17:18,543:INFO:Epoch: 79, Validation Loss: 1.9001
2023-05-23 18:17:25,579:INFO:Test Loss: 1.7756
2023-05-23 18:17:39,047:INFO:{'method': 'random', 'metric': {'goal': 'minimize', 'name': 'val_loss'}, 'parameters': {'batch_size': {'distribution': 'q_log_uniform_values', 'max': 256, 'min': 16, 'q': 8}, 'criterion': {'value': 'MSELoss()'}, 'epochs': {'values': [20, 40, 60, 80]}, 'hidden_dim_1': {'value': 64}, 'hidden_dim_2': {'value': 128}, 'hidden_dim_3': {'value': 32}, 'in_channels': {'value': 11}, 'lr': {'distribution': 'uniform', 'max': 0.1, 'min': 0}, 'optimizer': {'value': 'adam'}, 'out_channels': {'value': 1}}}
2023-05-23 18:17:39,250:INFO:GCN(
  (conv1): GCNConv(11, 64)
  (conv2): GCNConv(64, 128)
  (global_pool): MaxAggregation()
  (fc1): Linear(in_features=128, out_features=32, bias=True)
  (fc2): Linear(in_features=32, out_features=1, bias=True)
)
2023-05-23 18:18:58,456:INFO:Epoch: 0, Training Loss: 2.4480
2023-05-23 18:19:05,436:INFO:Epoch: 0, Validation Loss: 2.2889
2023-05-23 18:19:51,492:INFO:Epoch: 1, Training Loss: 2.2789
2023-05-23 18:19:54,666:INFO:Epoch: 1, Validation Loss: 2.2877
2023-05-23 18:20:40,457:INFO:Epoch: 2, Training Loss: 2.2759
2023-05-23 18:20:43,687:INFO:Epoch: 2, Validation Loss: 2.2976
2023-05-23 18:21:29,559:INFO:Epoch: 3, Training Loss: 2.2730
2023-05-23 18:21:32,789:INFO:Epoch: 3, Validation Loss: 2.2998
2023-05-23 18:22:19,411:INFO:Epoch: 4, Training Loss: 2.2706
2023-05-23 18:22:22,632:INFO:Epoch: 4, Validation Loss: 2.2879
2023-05-23 18:23:09,361:INFO:Epoch: 5, Training Loss: 2.2709
2023-05-23 18:23:12,683:INFO:Epoch: 5, Validation Loss: 2.2876
2023-05-23 18:23:59,400:INFO:Epoch: 6, Training Loss: 2.2710
2023-05-23 18:24:02,605:INFO:Epoch: 6, Validation Loss: 2.2885
2023-05-23 18:24:48,054:INFO:Epoch: 7, Training Loss: 2.2716
2023-05-23 18:24:51,464:INFO:Epoch: 7, Validation Loss: 2.2920
2023-05-23 18:25:37,528:INFO:Epoch: 8, Training Loss: 2.2707
2023-05-23 18:25:40,852:INFO:Epoch: 8, Validation Loss: 2.2883
2023-05-23 18:26:28,977:INFO:Epoch: 9, Training Loss: 2.2715
2023-05-23 18:26:32,706:INFO:Epoch: 9, Validation Loss: 2.2879
2023-05-23 18:27:18,658:INFO:Epoch: 10, Training Loss: 2.2711
2023-05-23 18:27:21,848:INFO:Epoch: 10, Validation Loss: 2.2894
2023-05-23 18:28:07,128:INFO:Epoch: 11, Training Loss: 2.2718
2023-05-23 18:28:10,316:INFO:Epoch: 11, Validation Loss: 2.2876
2023-05-23 18:28:57,228:INFO:Epoch: 12, Training Loss: 2.2714
2023-05-23 18:29:00,458:INFO:Epoch: 12, Validation Loss: 2.2892
2023-05-23 18:29:46,494:INFO:Epoch: 13, Training Loss: 2.2721
2023-05-23 18:29:49,949:INFO:Epoch: 13, Validation Loss: 2.2968
2023-05-23 18:30:39,208:INFO:Epoch: 14, Training Loss: 2.2706
2023-05-23 18:30:42,381:INFO:Epoch: 14, Validation Loss: 2.3009
2023-05-23 18:31:31,939:INFO:Epoch: 15, Training Loss: 2.2706
2023-05-23 18:31:35,607:INFO:Epoch: 15, Validation Loss: 2.2894
2023-05-23 18:32:24,538:INFO:Epoch: 16, Training Loss: 2.2708
2023-05-23 18:32:27,956:INFO:Epoch: 16, Validation Loss: 2.2940
2023-05-23 18:33:15,641:INFO:Epoch: 17, Training Loss: 2.2717
2023-05-23 18:33:19,081:INFO:Epoch: 17, Validation Loss: 2.3030
2023-05-23 18:34:06,074:INFO:Epoch: 18, Training Loss: 2.2707
2023-05-23 18:34:09,144:INFO:Epoch: 18, Validation Loss: 2.2927
2023-05-23 18:34:55,523:INFO:Epoch: 19, Training Loss: 2.2714
2023-05-23 18:34:58,977:INFO:Epoch: 19, Validation Loss: 2.3012
2023-05-23 18:35:44,330:INFO:Epoch: 20, Training Loss: 2.2704
2023-05-23 18:35:47,606:INFO:Epoch: 20, Validation Loss: 2.2921
2023-05-23 18:36:33,416:INFO:Epoch: 21, Training Loss: 2.2718
2023-05-23 18:36:36,558:INFO:Epoch: 21, Validation Loss: 2.2876
2023-05-23 18:37:21,949:INFO:Epoch: 22, Training Loss: 2.2721
2023-05-23 18:37:25,358:INFO:Epoch: 22, Validation Loss: 2.3029
2023-05-23 18:38:11,496:INFO:Epoch: 23, Training Loss: 2.2702
2023-05-23 18:38:14,639:INFO:Epoch: 23, Validation Loss: 2.2907
2023-05-23 18:39:02,200:INFO:Epoch: 24, Training Loss: 2.2707
2023-05-23 18:39:05,378:INFO:Epoch: 24, Validation Loss: 2.2882
2023-05-23 18:39:51,183:INFO:Epoch: 25, Training Loss: 2.2714
2023-05-23 18:39:54,511:INFO:Epoch: 25, Validation Loss: 2.2888
2023-05-23 18:40:40,070:INFO:Epoch: 26, Training Loss: 2.2711
2023-05-23 18:40:43,386:INFO:Epoch: 26, Validation Loss: 2.2944
2023-05-23 18:41:29,495:INFO:Epoch: 27, Training Loss: 2.2722
2023-05-23 18:41:32,574:INFO:Epoch: 27, Validation Loss: 2.2876
2023-05-23 18:42:18,164:INFO:Epoch: 28, Training Loss: 2.2713
2023-05-23 18:42:21,430:INFO:Epoch: 28, Validation Loss: 2.2879
2023-05-23 18:43:08,045:INFO:Epoch: 29, Training Loss: 2.2712
2023-05-23 18:43:11,195:INFO:Epoch: 29, Validation Loss: 2.2916
2023-05-23 18:44:16,266:INFO:Epoch: 30, Training Loss: 2.2710
2023-05-23 18:44:21,525:INFO:Epoch: 30, Validation Loss: 2.2923
2023-05-23 18:45:15,309:INFO:Epoch: 31, Training Loss: 2.2724
2023-05-23 18:45:19,957:INFO:Epoch: 31, Validation Loss: 2.2877
2023-05-23 18:46:11,332:INFO:Epoch: 32, Training Loss: 2.2721
2023-05-23 18:46:14,899:INFO:Epoch: 32, Validation Loss: 2.2904
2023-05-23 18:47:03,539:INFO:Epoch: 33, Training Loss: 2.2712
2023-05-23 18:47:06,979:INFO:Epoch: 33, Validation Loss: 2.2955
2023-05-23 18:47:53,975:INFO:Epoch: 34, Training Loss: 2.2707
2023-05-23 18:47:57,275:INFO:Epoch: 34, Validation Loss: 2.2909
2023-05-23 18:48:43,372:INFO:Epoch: 35, Training Loss: 2.2714
2023-05-23 18:48:46,613:INFO:Epoch: 35, Validation Loss: 2.2911
2023-05-23 18:49:33,185:INFO:Epoch: 36, Training Loss: 2.2713
2023-05-23 18:49:36,478:INFO:Epoch: 36, Validation Loss: 2.2884
2023-05-23 18:50:23,877:INFO:Epoch: 37, Training Loss: 2.2718
2023-05-23 18:50:27,368:INFO:Epoch: 37, Validation Loss: 2.2877
2023-05-23 18:51:13,961:INFO:Epoch: 38, Training Loss: 2.2720
2023-05-23 18:51:17,245:INFO:Epoch: 38, Validation Loss: 2.2876
2023-05-23 18:52:02,352:INFO:Epoch: 39, Training Loss: 2.2711
2023-05-23 18:52:05,537:INFO:Epoch: 39, Validation Loss: 2.2961
2023-05-23 18:52:52,332:INFO:Epoch: 40, Training Loss: 2.2712
2023-05-23 18:52:55,600:INFO:Epoch: 40, Validation Loss: 2.2916
2023-05-23 18:53:42,449:INFO:Epoch: 41, Training Loss: 2.2702
2023-05-23 18:53:45,648:INFO:Epoch: 41, Validation Loss: 2.2914
2023-05-23 18:54:32,988:INFO:Epoch: 42, Training Loss: 2.2718
2023-05-23 18:54:36,323:INFO:Epoch: 42, Validation Loss: 2.2886
2023-05-23 18:55:23,947:INFO:Epoch: 43, Training Loss: 2.2712
2023-05-23 18:55:27,114:INFO:Epoch: 43, Validation Loss: 2.3001
2023-05-23 18:56:13,992:INFO:Epoch: 44, Training Loss: 2.2717
2023-05-23 18:56:17,166:INFO:Epoch: 44, Validation Loss: 2.2947
2023-05-23 18:57:04,681:INFO:Epoch: 45, Training Loss: 2.2709
2023-05-23 18:57:07,854:INFO:Epoch: 45, Validation Loss: 2.2894
2023-05-23 18:57:54,068:INFO:Epoch: 46, Training Loss: 2.2707
2023-05-23 18:57:57,720:INFO:Epoch: 46, Validation Loss: 2.2967
2023-05-23 18:58:45,422:INFO:Epoch: 47, Training Loss: 2.2703
2023-05-23 18:58:48,998:INFO:Epoch: 47, Validation Loss: 2.2883
2023-05-23 18:59:43,151:INFO:Epoch: 48, Training Loss: 2.2704
2023-05-23 18:59:46,421:INFO:Epoch: 48, Validation Loss: 2.2924
2023-05-23 19:00:38,739:INFO:Epoch: 49, Training Loss: 2.2710
2023-05-23 19:00:42,464:INFO:Epoch: 49, Validation Loss: 2.2889
2023-05-23 19:01:31,137:INFO:Epoch: 50, Training Loss: 2.2713
2023-05-23 19:01:34,543:INFO:Epoch: 50, Validation Loss: 2.2876
2023-05-23 19:02:21,852:INFO:Epoch: 51, Training Loss: 2.2719
2023-05-23 19:02:24,875:INFO:Epoch: 51, Validation Loss: 2.2906
2023-05-23 19:03:11,342:INFO:Epoch: 52, Training Loss: 2.2719
2023-05-23 19:03:14,711:INFO:Epoch: 52, Validation Loss: 2.2878
2023-05-23 19:04:00,311:INFO:Epoch: 53, Training Loss: 2.2712
2023-05-23 19:04:04,379:INFO:Epoch: 53, Validation Loss: 2.2884
2023-05-23 19:04:52,457:INFO:Epoch: 54, Training Loss: 2.2710
2023-05-23 19:04:55,603:INFO:Epoch: 54, Validation Loss: 2.2876
2023-05-23 19:05:41,993:INFO:Epoch: 55, Training Loss: 2.2708
2023-05-23 19:05:45,346:INFO:Epoch: 55, Validation Loss: 2.2907
2023-05-23 19:06:31,547:INFO:Epoch: 56, Training Loss: 2.2720
2023-05-23 19:06:34,721:INFO:Epoch: 56, Validation Loss: 2.2913
2023-05-23 19:07:24,401:INFO:Epoch: 57, Training Loss: 2.2715
2023-05-23 19:07:27,756:INFO:Epoch: 57, Validation Loss: 2.2909
2023-05-23 19:08:14,569:INFO:Epoch: 58, Training Loss: 2.2711
2023-05-23 19:08:17,895:INFO:Epoch: 58, Validation Loss: 2.2890
2023-05-23 19:09:10,716:INFO:Epoch: 59, Training Loss: 2.2727
2023-05-23 19:09:13,976:INFO:Epoch: 59, Validation Loss: 2.2937
2023-05-23 19:10:03,674:INFO:Epoch: 60, Training Loss: 2.2705
2023-05-23 19:10:07,629:INFO:Epoch: 60, Validation Loss: 2.3022
2023-05-23 19:10:55,488:INFO:Epoch: 61, Training Loss: 2.2706
2023-05-23 19:10:58,740:INFO:Epoch: 61, Validation Loss: 2.2938
2023-05-23 19:11:45,457:INFO:Epoch: 62, Training Loss: 2.2711
2023-05-23 19:11:48,709:INFO:Epoch: 62, Validation Loss: 2.3198
2023-05-23 19:12:37,918:INFO:Epoch: 63, Training Loss: 2.2712
2023-05-23 19:12:41,231:INFO:Epoch: 63, Validation Loss: 2.2894
2023-05-23 19:13:30,136:INFO:Epoch: 64, Training Loss: 2.2708
2023-05-23 19:13:33,524:INFO:Epoch: 64, Validation Loss: 2.2882
2023-05-23 19:14:24,529:INFO:Epoch: 65, Training Loss: 2.2712
2023-05-23 19:14:28,065:INFO:Epoch: 65, Validation Loss: 2.2877
2023-05-23 19:15:17,661:INFO:Epoch: 66, Training Loss: 2.2715
2023-05-23 19:15:21,041:INFO:Epoch: 66, Validation Loss: 2.2876
2023-05-23 19:16:09,723:INFO:Epoch: 67, Training Loss: 2.2726
2023-05-23 19:16:13,017:INFO:Epoch: 67, Validation Loss: 2.2948
2023-05-23 19:16:58,650:INFO:Epoch: 68, Training Loss: 2.2711
2023-05-23 19:17:01,987:INFO:Epoch: 68, Validation Loss: 2.2894
2023-05-23 19:17:48,539:INFO:Epoch: 69, Training Loss: 2.2715
2023-05-23 19:17:51,752:INFO:Epoch: 69, Validation Loss: 2.2878
2023-05-23 19:18:39,430:INFO:Epoch: 70, Training Loss: 2.2718
2023-05-23 19:18:42,668:INFO:Epoch: 70, Validation Loss: 2.2883
2023-05-23 19:19:29,813:INFO:Epoch: 71, Training Loss: 2.2714
2023-05-23 19:19:33,870:INFO:Epoch: 71, Validation Loss: 2.2927
2023-05-23 19:20:19,547:INFO:Epoch: 72, Training Loss: 2.2718
2023-05-23 19:20:22,815:INFO:Epoch: 72, Validation Loss: 2.3032
2023-05-23 19:21:08,877:INFO:Epoch: 73, Training Loss: 2.2707
2023-05-23 19:21:12,035:INFO:Epoch: 73, Validation Loss: 2.2940
2023-05-23 19:21:57,802:INFO:Epoch: 74, Training Loss: 2.2718
2023-05-23 19:22:01,125:INFO:Epoch: 74, Validation Loss: 2.2876
2023-05-23 19:22:47,939:INFO:Epoch: 75, Training Loss: 2.2710
2023-05-23 19:22:51,346:INFO:Epoch: 75, Validation Loss: 2.2915
2023-05-23 19:23:39,842:INFO:Epoch: 76, Training Loss: 2.2717
2023-05-23 19:23:43,160:INFO:Epoch: 76, Validation Loss: 2.2876
2023-05-23 19:24:30,269:INFO:Epoch: 77, Training Loss: 2.2721
2023-05-23 19:24:33,662:INFO:Epoch: 77, Validation Loss: 2.2912
2023-05-23 19:25:20,719:INFO:Epoch: 78, Training Loss: 2.2705
2023-05-23 19:25:23,824:INFO:Epoch: 78, Validation Loss: 2.2887
2023-05-23 19:26:10,996:INFO:Epoch: 79, Training Loss: 2.2727
2023-05-23 19:26:14,270:INFO:Epoch: 79, Validation Loss: 2.2877
2023-05-23 19:26:20,731:INFO:Test Loss: 2.1617
