2023-05-25 12:17:06,358:INFO:{'in_channels': 11, 'out_channels': 1, 'hidden_dim_1': 64, 'hidden_dim_2': 128, 'hidden_dim_3': 32, 'lr': 0.001, 'batch_size': 128, 'num_epochs': 300, 'num_heads': 3, 'dropout': 0.1, 'criterion': 'nn.MSELoss()'}
2023-05-25 12:17:06,686:INFO:GCN(
  (conv1): GATConv(11, 64, heads=3)
  (conv2): GATConv(192, 128, heads=1)
  (global_pool): MaxAggregation()
  (fc1): Linear(in_features=128, out_features=32, bias=True)
  (fc2): Linear(in_features=32, out_features=1, bias=True)
)
2023-05-25 12:23:03,563:INFO:{'in_channels': 11, 'out_channels': 1, 'hidden_dim_1': 64, 'hidden_dim_2': 128, 'hidden_dim_3': 32, 'lr': 0.001, 'batch_size': 128, 'num_epochs': 300, 'num_heads': 3, 'dropout': 0.1, 'criterion': 'nn.MSELoss()'}
2023-05-25 12:23:03,850:INFO:GCN(
  (conv1): GATConv(11, 64, heads=3)
  (conv2): GATConv(192, 128, heads=1)
  (global_pool): MaxAggregation()
  (fc1): Linear(in_features=128, out_features=32, bias=True)
  (fc2): Linear(in_features=32, out_features=1, bias=True)
)
2023-05-25 12:30:51,451:INFO:{'in_channels': 11, 'out_channels': 1, 'hidden_dim_1': 64, 'hidden_dim_2': 128, 'hidden_dim_3': 32, 'lr': 0.001, 'batch_size': 128, 'num_epochs': 300, 'num_heads': 3, 'dropout': 0.1, 'criterion': 'nn.MSELoss()'}
2023-05-25 12:30:51,743:INFO:GCN(
  (conv1): GATConv(11, 64, heads=3)
  (conv2): GATConv(192, 128, heads=1)
  (global_pool): MaxAggregation()
  (fc1): Linear(in_features=128, out_features=32, bias=True)
  (fc2): Linear(in_features=32, out_features=1, bias=True)
)
2023-05-25 12:31:57,250:INFO:Epoch: 0, Training Loss: 1.5129
2023-05-25 12:32:01,663:INFO:Epoch: 0, Validation Loss: 1.3322
2023-05-25 12:32:36,417:INFO:Epoch: 1, Training Loss: 1.2634
2023-05-25 12:32:39,008:INFO:Epoch: 1, Validation Loss: 1.4110
2023-05-25 12:33:14,280:INFO:Epoch: 2, Training Loss: 1.1840
2023-05-25 12:33:16,788:INFO:Epoch: 2, Validation Loss: 1.2903
2023-05-25 12:33:50,676:INFO:Epoch: 3, Training Loss: 1.1240
2023-05-25 12:33:53,009:INFO:Epoch: 3, Validation Loss: 1.1024
2023-05-25 12:34:27,105:INFO:Epoch: 4, Training Loss: 1.0940
2023-05-25 12:34:29,552:INFO:Epoch: 4, Validation Loss: 1.2477
2023-05-25 12:35:02,087:INFO:Epoch: 5, Training Loss: 1.0731
2023-05-25 12:35:04,609:INFO:Epoch: 5, Validation Loss: 1.1490
2023-05-25 12:35:37,191:INFO:Epoch: 6, Training Loss: 1.0616
2023-05-25 12:35:39,531:INFO:Epoch: 6, Validation Loss: 1.2177
2023-05-25 12:36:08,741:INFO:Epoch: 7, Training Loss: 1.0389
2023-05-25 12:36:11,164:INFO:Epoch: 7, Validation Loss: 1.2289
2023-05-25 12:36:41,020:INFO:Epoch: 8, Training Loss: 1.0316
2023-05-25 12:36:43,246:INFO:Epoch: 8, Validation Loss: 1.2549
2023-05-25 12:37:12,889:INFO:Epoch: 9, Training Loss: 1.0155
2023-05-25 12:37:15,354:INFO:Epoch: 9, Validation Loss: 1.0784
2023-05-25 12:37:45,015:INFO:Epoch: 10, Training Loss: 1.0031
2023-05-25 12:37:47,241:INFO:Epoch: 10, Validation Loss: 1.0969
2023-05-25 12:38:16,883:INFO:Epoch: 11, Training Loss: 0.9937
2023-05-25 12:38:19,247:INFO:Epoch: 11, Validation Loss: 1.2426
2023-05-25 12:38:47,938:INFO:Epoch: 12, Training Loss: 0.9883
2023-05-25 12:38:50,184:INFO:Epoch: 12, Validation Loss: 1.0164
2023-05-25 12:39:19,038:INFO:Epoch: 13, Training Loss: 0.9841
2023-05-25 12:39:21,275:INFO:Epoch: 13, Validation Loss: 0.9733
2023-05-25 12:39:50,409:INFO:Epoch: 14, Training Loss: 0.9711
2023-05-25 12:39:52,631:INFO:Epoch: 14, Validation Loss: 1.0807
2023-05-25 12:40:21,482:INFO:Epoch: 15, Training Loss: 0.9609
2023-05-25 12:40:23,909:INFO:Epoch: 15, Validation Loss: 1.0154
2023-05-25 12:40:53,446:INFO:Epoch: 16, Training Loss: 0.9583
2023-05-25 12:40:55,665:INFO:Epoch: 16, Validation Loss: 0.9444
2023-05-25 12:41:23,051:INFO:Epoch: 17, Training Loss: 0.9549
2023-05-25 12:41:25,304:INFO:Epoch: 17, Validation Loss: 1.0318
2023-05-25 12:41:52,167:INFO:Epoch: 18, Training Loss: 0.9552
2023-05-25 12:41:54,263:INFO:Epoch: 18, Validation Loss: 0.9910
2023-05-25 12:42:22,819:INFO:Epoch: 19, Training Loss: 0.9474
2023-05-25 12:42:25,134:INFO:Epoch: 19, Validation Loss: 0.9284
2023-05-25 12:42:53,647:INFO:Epoch: 20, Training Loss: 0.9427
2023-05-25 12:42:55,907:INFO:Epoch: 20, Validation Loss: 0.9793
2023-05-25 12:43:24,907:INFO:Epoch: 21, Training Loss: 0.9379
2023-05-25 12:43:27,204:INFO:Epoch: 21, Validation Loss: 0.9096
2023-05-25 12:43:55,256:INFO:Epoch: 22, Training Loss: 0.9390
2023-05-25 12:43:57,546:INFO:Epoch: 22, Validation Loss: 1.0196
2023-05-25 12:44:27,031:INFO:Epoch: 23, Training Loss: 0.9257
2023-05-25 12:44:29,204:INFO:Epoch: 23, Validation Loss: 0.9214
2023-05-25 12:44:57,732:INFO:Epoch: 24, Training Loss: 0.9235
2023-05-25 12:44:59,980:INFO:Epoch: 24, Validation Loss: 0.9293
2023-05-25 12:45:29,248:INFO:Epoch: 25, Training Loss: 0.9288
2023-05-25 12:45:31,551:INFO:Epoch: 25, Validation Loss: 0.9540
2023-05-25 12:46:00,376:INFO:Epoch: 26, Training Loss: 0.9208
2023-05-25 12:46:02,495:INFO:Epoch: 26, Validation Loss: 0.9424
2023-05-25 12:46:31,011:INFO:Epoch: 27, Training Loss: 0.9204
2023-05-25 12:46:33,155:INFO:Epoch: 27, Validation Loss: 0.9203
2023-05-25 12:47:01,687:INFO:Epoch: 28, Training Loss: 0.9210
2023-05-25 12:47:03,882:INFO:Epoch: 28, Validation Loss: 0.9977
2023-05-25 12:47:31,266:INFO:Epoch: 29, Training Loss: 0.9165
2023-05-25 12:47:33,423:INFO:Epoch: 29, Validation Loss: 0.9443
2023-05-25 12:48:02,139:INFO:Epoch: 30, Training Loss: 0.9016
2023-05-25 12:48:04,677:INFO:Epoch: 30, Validation Loss: 0.9602
2023-05-25 12:48:33,186:INFO:Epoch: 31, Training Loss: 0.9090
2023-05-25 12:48:35,538:INFO:Epoch: 31, Validation Loss: 0.9186
2023-05-25 12:49:07,552:INFO:Epoch: 32, Training Loss: 0.9049
2023-05-25 12:49:09,859:INFO:Epoch: 32, Validation Loss: 0.9026
2023-05-25 12:49:42,504:INFO:Epoch: 33, Training Loss: 0.9034
2023-05-25 12:49:44,851:INFO:Epoch: 33, Validation Loss: 0.9382
2023-05-25 12:50:18,315:INFO:Epoch: 34, Training Loss: 0.8950
2023-05-25 12:50:20,913:INFO:Epoch: 34, Validation Loss: 0.8750
2023-05-25 12:50:53,909:INFO:Epoch: 35, Training Loss: 0.8900
2023-05-25 12:50:56,210:INFO:Epoch: 35, Validation Loss: 0.9334
2023-05-25 12:51:28,506:INFO:Epoch: 36, Training Loss: 0.8882
2023-05-25 12:51:30,804:INFO:Epoch: 36, Validation Loss: 0.8524
2023-05-25 12:52:04,909:INFO:Epoch: 37, Training Loss: 0.8919
2023-05-25 12:52:07,258:INFO:Epoch: 37, Validation Loss: 0.9035
2023-05-25 12:52:38,542:INFO:Epoch: 38, Training Loss: 0.8859
2023-05-25 12:52:40,878:INFO:Epoch: 38, Validation Loss: 0.8456
2023-05-25 12:53:11,453:INFO:Epoch: 39, Training Loss: 0.8856
2023-05-25 12:53:13,715:INFO:Epoch: 39, Validation Loss: 0.8774
2023-05-25 12:53:43,896:INFO:Epoch: 40, Training Loss: 0.8808
2023-05-25 12:53:46,185:INFO:Epoch: 40, Validation Loss: 0.9305
2023-05-25 12:54:15,790:INFO:Epoch: 41, Training Loss: 0.8805
2023-05-25 12:54:18,071:INFO:Epoch: 41, Validation Loss: 0.9166
2023-05-25 12:54:48,099:INFO:Epoch: 42, Training Loss: 0.8810
2023-05-25 12:54:50,426:INFO:Epoch: 42, Validation Loss: 0.8656
2023-05-25 12:55:19,144:INFO:Epoch: 43, Training Loss: 0.8726
2023-05-25 12:55:21,995:INFO:Epoch: 43, Validation Loss: 0.8585
2023-05-25 12:55:53,525:INFO:Epoch: 44, Training Loss: 0.8775
2023-05-25 12:55:56,087:INFO:Epoch: 44, Validation Loss: 0.8776
2023-05-25 12:56:26,436:INFO:Epoch: 45, Training Loss: 0.8677
2023-05-25 12:56:29,043:INFO:Epoch: 45, Validation Loss: 0.8605
2023-05-25 12:57:00,763:INFO:Epoch: 46, Training Loss: 0.8719
2023-05-25 12:57:03,031:INFO:Epoch: 46, Validation Loss: 0.8924
2023-05-25 12:57:32,486:INFO:Epoch: 47, Training Loss: 0.8726
2023-05-25 12:57:34,761:INFO:Epoch: 47, Validation Loss: 0.8983
2023-05-25 12:58:03,990:INFO:Epoch: 48, Training Loss: 0.8648
2023-05-25 12:58:06,228:INFO:Epoch: 48, Validation Loss: 0.8681
2023-05-25 12:58:35,924:INFO:Epoch: 49, Training Loss: 0.8719
2023-05-25 12:58:38,240:INFO:Epoch: 49, Validation Loss: 0.8884
2023-05-25 12:59:07,676:INFO:Epoch: 50, Training Loss: 0.8637
2023-05-25 12:59:10,090:INFO:Epoch: 50, Validation Loss: 0.8417
2023-05-25 12:59:39,584:INFO:Epoch: 51, Training Loss: 0.8641
2023-05-25 12:59:41,897:INFO:Epoch: 51, Validation Loss: 0.9350
2023-05-25 13:00:09,410:INFO:Epoch: 52, Training Loss: 0.8550
2023-05-25 13:00:11,528:INFO:Epoch: 52, Validation Loss: 0.8407
2023-05-25 13:00:38,334:INFO:Epoch: 53, Training Loss: 0.8540
2023-05-25 13:00:40,504:INFO:Epoch: 53, Validation Loss: 0.8626
2023-05-25 13:01:11,764:INFO:Epoch: 54, Training Loss: 0.8602
2023-05-25 13:01:13,965:INFO:Epoch: 54, Validation Loss: 0.9135
2023-05-25 13:01:43,138:INFO:Epoch: 55, Training Loss: 0.8539
2023-05-25 13:01:45,444:INFO:Epoch: 55, Validation Loss: 0.9266
2023-05-25 13:02:14,037:INFO:Epoch: 56, Training Loss: 0.8493
2023-05-25 13:02:16,187:INFO:Epoch: 56, Validation Loss: 0.8544
2023-05-25 13:02:45,658:INFO:Epoch: 57, Training Loss: 0.8525
2023-05-25 13:02:48,022:INFO:Epoch: 57, Validation Loss: 0.8682
2023-05-25 13:03:16,247:INFO:Epoch: 58, Training Loss: 0.8489
2023-05-25 13:03:18,558:INFO:Epoch: 58, Validation Loss: 0.8517
2023-05-25 13:03:46,931:INFO:Epoch: 59, Training Loss: 0.8469
2023-05-25 13:03:49,154:INFO:Epoch: 59, Validation Loss: 0.8197
2023-05-25 13:04:18,425:INFO:Epoch: 60, Training Loss: 0.8441
2023-05-25 13:04:20,622:INFO:Epoch: 60, Validation Loss: 0.9227
2023-05-25 13:04:49,972:INFO:Epoch: 61, Training Loss: 0.8422
2023-05-25 13:04:52,152:INFO:Epoch: 61, Validation Loss: 0.8308
2023-05-25 13:05:20,022:INFO:Epoch: 62, Training Loss: 0.8323
2023-05-25 13:05:22,272:INFO:Epoch: 62, Validation Loss: 0.8922
2023-05-25 13:05:50,930:INFO:Epoch: 63, Training Loss: 0.8392
2023-05-25 13:05:53,086:INFO:Epoch: 63, Validation Loss: 0.8131
2023-05-25 13:06:22,251:INFO:Epoch: 64, Training Loss: 0.8437
2023-05-25 13:06:24,445:INFO:Epoch: 64, Validation Loss: 0.9202
2023-05-25 13:06:52,717:INFO:Epoch: 65, Training Loss: 0.8323
2023-05-25 13:06:54,911:INFO:Epoch: 65, Validation Loss: 0.9173
2023-05-25 13:07:23,773:INFO:Epoch: 66, Training Loss: 0.8339
2023-05-25 13:07:25,944:INFO:Epoch: 66, Validation Loss: 0.8693
2023-05-25 13:07:53,915:INFO:Epoch: 67, Training Loss: 0.8288
2023-05-25 13:07:56,136:INFO:Epoch: 67, Validation Loss: 0.8775
2023-05-25 13:08:24,854:INFO:Epoch: 68, Training Loss: 0.8367
2023-05-25 13:08:27,121:INFO:Epoch: 68, Validation Loss: 0.8095
2023-05-25 13:08:55,223:INFO:Epoch: 69, Training Loss: 0.8349
2023-05-25 13:08:57,410:INFO:Epoch: 69, Validation Loss: 0.8601
2023-05-25 13:09:25,607:INFO:Epoch: 70, Training Loss: 0.8338
2023-05-25 13:09:27,915:INFO:Epoch: 70, Validation Loss: 0.8334
2023-05-25 13:09:56,586:INFO:Epoch: 71, Training Loss: 0.8301
2023-05-25 13:09:58,778:INFO:Epoch: 71, Validation Loss: 0.8180
2023-05-25 13:10:27,916:INFO:Epoch: 72, Training Loss: 0.8268
2023-05-25 13:10:30,168:INFO:Epoch: 72, Validation Loss: 0.8684
2023-05-25 13:10:58,508:INFO:Epoch: 73, Training Loss: 0.8215
2023-05-25 13:11:00,886:INFO:Epoch: 73, Validation Loss: 0.8289
2023-05-25 13:11:29,773:INFO:Epoch: 74, Training Loss: 0.8216
2023-05-25 13:11:31,949:INFO:Epoch: 74, Validation Loss: 0.8564
2023-05-25 13:12:00,413:INFO:Epoch: 75, Training Loss: 0.8196
2023-05-25 13:12:02,781:INFO:Epoch: 75, Validation Loss: 0.8226
2023-05-25 13:12:31,762:INFO:Epoch: 76, Training Loss: 0.8163
2023-05-25 13:12:33,933:INFO:Epoch: 76, Validation Loss: 0.8659
2023-05-25 13:13:02,685:INFO:Epoch: 77, Training Loss: 0.8178
2023-05-25 13:13:04,890:INFO:Epoch: 77, Validation Loss: 0.8167
2023-05-25 13:13:34,213:INFO:Epoch: 78, Training Loss: 0.8116
2023-05-25 13:13:36,395:INFO:Epoch: 78, Validation Loss: 0.8017
2023-05-25 13:14:05,443:INFO:Epoch: 79, Training Loss: 0.8115
2023-05-25 13:14:07,682:INFO:Epoch: 79, Validation Loss: 0.8274
2023-05-25 13:14:36,482:INFO:Epoch: 80, Training Loss: 0.8138
2023-05-25 13:14:38,613:INFO:Epoch: 80, Validation Loss: 0.8143
2023-05-25 13:15:06,818:INFO:Epoch: 81, Training Loss: 0.8109
2023-05-25 13:15:09,121:INFO:Epoch: 81, Validation Loss: 0.7862
2023-05-25 13:15:37,567:INFO:Epoch: 82, Training Loss: 0.8111
2023-05-25 13:15:39,786:INFO:Epoch: 82, Validation Loss: 0.8140
2023-05-25 13:16:07,963:INFO:Epoch: 83, Training Loss: 0.8076
2023-05-25 13:16:10,030:INFO:Epoch: 83, Validation Loss: 0.7920
2023-05-25 13:16:37,603:INFO:Epoch: 84, Training Loss: 0.8133
2023-05-25 13:16:39,791:INFO:Epoch: 84, Validation Loss: 0.8713
2023-05-25 13:17:08,898:INFO:Epoch: 85, Training Loss: 0.8073
2023-05-25 13:17:11,096:INFO:Epoch: 85, Validation Loss: 0.8591
2023-05-25 13:17:39,798:INFO:Epoch: 86, Training Loss: 0.8123
2023-05-25 13:17:42,044:INFO:Epoch: 86, Validation Loss: 0.8010
2023-05-25 13:18:10,460:INFO:Epoch: 87, Training Loss: 0.8075
2023-05-25 13:18:12,678:INFO:Epoch: 87, Validation Loss: 0.8341
2023-05-25 13:18:40,465:INFO:Epoch: 88, Training Loss: 0.8027
2023-05-25 13:18:42,514:INFO:Epoch: 88, Validation Loss: 0.8473
2023-05-25 13:19:12,677:INFO:Epoch: 89, Training Loss: 0.8026
2023-05-25 13:19:15,070:INFO:Epoch: 89, Validation Loss: 0.7864
2023-05-25 13:19:43,762:INFO:Epoch: 90, Training Loss: 0.8012
2023-05-25 13:19:45,906:INFO:Epoch: 90, Validation Loss: 0.8517
2023-05-25 13:20:13,925:INFO:Epoch: 91, Training Loss: 0.7953
2023-05-25 13:20:16,132:INFO:Epoch: 91, Validation Loss: 0.8284
2023-05-25 13:20:44,300:INFO:Epoch: 92, Training Loss: 0.8028
2023-05-25 13:20:46,495:INFO:Epoch: 92, Validation Loss: 0.8819
2023-05-25 13:21:13,831:INFO:Epoch: 93, Training Loss: 0.8009
2023-05-25 13:21:16,118:INFO:Epoch: 93, Validation Loss: 0.8263
2023-05-25 13:21:45,298:INFO:Epoch: 94, Training Loss: 0.8017
2023-05-25 13:21:47,497:INFO:Epoch: 94, Validation Loss: 0.8225
2023-05-25 13:22:15,892:INFO:Epoch: 95, Training Loss: 0.7981
2023-05-25 13:22:18,118:INFO:Epoch: 95, Validation Loss: 0.8146
2023-05-25 13:22:46,902:INFO:Epoch: 96, Training Loss: 0.7908
2023-05-25 13:22:49,112:INFO:Epoch: 96, Validation Loss: 0.8620
2023-05-25 13:23:17,457:INFO:Epoch: 97, Training Loss: 0.8028
2023-05-25 13:23:19,637:INFO:Epoch: 97, Validation Loss: 0.9165
2023-05-25 13:23:48,837:INFO:Epoch: 98, Training Loss: 0.7896
2023-05-25 13:23:51,047:INFO:Epoch: 98, Validation Loss: 0.8167
2023-05-25 13:24:19,714:INFO:Epoch: 99, Training Loss: 0.7912
2023-05-25 13:24:21,985:INFO:Epoch: 99, Validation Loss: 0.8160
2023-05-25 13:24:50,245:INFO:Epoch: 100, Training Loss: 0.7952
2023-05-25 13:24:52,467:INFO:Epoch: 100, Validation Loss: 0.8168
2023-05-25 13:25:20,827:INFO:Epoch: 101, Training Loss: 0.7941
2023-05-25 13:25:23,115:INFO:Epoch: 101, Validation Loss: 0.7955
2023-05-25 13:25:53,070:INFO:Epoch: 102, Training Loss: 0.7888
2023-05-25 13:25:55,397:INFO:Epoch: 102, Validation Loss: 0.7945
2023-05-25 13:26:23,419:INFO:Epoch: 103, Training Loss: 0.7889
2023-05-25 13:26:25,739:INFO:Epoch: 103, Validation Loss: 0.8507
2023-05-25 13:26:58,005:INFO:Epoch: 104, Training Loss: 0.7853
2023-05-25 13:27:00,616:INFO:Epoch: 104, Validation Loss: 0.7899
2023-05-25 13:27:35,284:INFO:Epoch: 105, Training Loss: 0.7905
2023-05-25 13:27:37,681:INFO:Epoch: 105, Validation Loss: 0.8227
2023-05-25 13:28:07,416:INFO:Epoch: 106, Training Loss: 0.7866
2023-05-25 13:28:09,683:INFO:Epoch: 106, Validation Loss: 0.7960
2023-05-25 13:28:40,875:INFO:Epoch: 107, Training Loss: 0.7846
2023-05-25 13:28:43,488:INFO:Epoch: 107, Validation Loss: 0.8173
2023-05-25 13:29:15,674:INFO:Epoch: 108, Training Loss: 0.7914
2023-05-25 13:29:17,967:INFO:Epoch: 108, Validation Loss: 0.7905
2023-05-25 13:29:49,838:INFO:Epoch: 109, Training Loss: 0.7837
2023-05-25 13:29:52,190:INFO:Epoch: 109, Validation Loss: 0.7833
2023-05-25 13:30:24,664:INFO:Epoch: 110, Training Loss: 0.7820
2023-05-25 13:30:26,986:INFO:Epoch: 110, Validation Loss: 0.7922
2023-05-25 13:30:58,340:INFO:Epoch: 111, Training Loss: 0.7839
2023-05-25 13:31:01,080:INFO:Epoch: 111, Validation Loss: 0.8285
2023-05-25 13:31:32,426:INFO:Epoch: 112, Training Loss: 0.7789
2023-05-25 13:31:34,692:INFO:Epoch: 112, Validation Loss: 0.7722
2023-05-25 13:32:04,575:INFO:Epoch: 113, Training Loss: 0.7785
2023-05-25 13:32:06,824:INFO:Epoch: 113, Validation Loss: 0.8404
2023-05-25 13:32:36,711:INFO:Epoch: 114, Training Loss: 0.7822
2023-05-25 13:32:39,064:INFO:Epoch: 114, Validation Loss: 0.7819
2023-05-25 13:33:08,569:INFO:Epoch: 115, Training Loss: 0.7807
2023-05-25 13:33:10,816:INFO:Epoch: 115, Validation Loss: 0.7778
2023-05-25 13:33:40,566:INFO:Epoch: 116, Training Loss: 0.7856
2023-05-25 13:33:43,480:INFO:Epoch: 116, Validation Loss: 0.8271
2023-05-25 13:34:18,448:INFO:Epoch: 117, Training Loss: 0.7794
2023-05-25 13:34:20,990:INFO:Epoch: 117, Validation Loss: 0.8657
2023-05-25 13:34:55,066:INFO:Epoch: 118, Training Loss: 0.7806
2023-05-25 13:34:57,324:INFO:Epoch: 118, Validation Loss: 0.7966
2023-05-25 13:35:31,766:INFO:Epoch: 119, Training Loss: 0.7771
2023-05-25 13:35:34,619:INFO:Epoch: 119, Validation Loss: 0.7970
2023-05-25 13:36:04,828:INFO:Epoch: 120, Training Loss: 0.7719
2023-05-25 13:36:07,033:INFO:Epoch: 120, Validation Loss: 0.8672
2023-05-25 13:36:36,378:INFO:Epoch: 121, Training Loss: 0.7782
2023-05-25 13:36:38,718:INFO:Epoch: 121, Validation Loss: 0.7949
2023-05-25 13:37:08,150:INFO:Epoch: 122, Training Loss: 0.7767
2023-05-25 13:37:10,421:INFO:Epoch: 122, Validation Loss: 0.8079
2023-05-25 13:37:39,543:INFO:Epoch: 123, Training Loss: 0.7718
2023-05-25 13:37:41,828:INFO:Epoch: 123, Validation Loss: 0.7693
2023-05-25 13:38:10,400:INFO:Epoch: 124, Training Loss: 0.7751
2023-05-25 13:38:12,589:INFO:Epoch: 124, Validation Loss: 0.7885
2023-05-25 13:38:40,112:INFO:Epoch: 125, Training Loss: 0.7739
2023-05-25 13:38:42,268:INFO:Epoch: 125, Validation Loss: 0.8387
2023-05-25 13:39:10,648:INFO:Epoch: 126, Training Loss: 0.7727
2023-05-25 13:39:12,798:INFO:Epoch: 126, Validation Loss: 0.7894
2023-05-25 13:39:41,108:INFO:Epoch: 127, Training Loss: 0.7677
2023-05-25 13:39:43,277:INFO:Epoch: 127, Validation Loss: 0.7847
2023-05-25 13:40:10,733:INFO:Epoch: 128, Training Loss: 0.7752
2023-05-25 13:40:12,944:INFO:Epoch: 128, Validation Loss: 0.7783
2023-05-25 13:40:41,532:INFO:Epoch: 129, Training Loss: 0.7733
2023-05-25 13:40:43,826:INFO:Epoch: 129, Validation Loss: 0.8079
2023-05-25 13:41:12,142:INFO:Epoch: 130, Training Loss: 0.7671
2023-05-25 13:41:14,427:INFO:Epoch: 130, Validation Loss: 0.7991
2023-05-25 13:41:42,173:INFO:Epoch: 131, Training Loss: 0.7654
2023-05-25 13:41:44,345:INFO:Epoch: 131, Validation Loss: 0.8265
2023-05-25 13:42:12,742:INFO:Epoch: 132, Training Loss: 0.7668
2023-05-25 13:42:14,940:INFO:Epoch: 132, Validation Loss: 0.8273
2023-05-25 13:42:43,529:INFO:Epoch: 133, Training Loss: 0.7634
2023-05-25 13:42:45,699:INFO:Epoch: 133, Validation Loss: 0.7960
2023-05-25 13:43:14,084:INFO:Epoch: 134, Training Loss: 0.7688
2023-05-25 13:43:16,444:INFO:Epoch: 134, Validation Loss: 0.7689
2023-05-25 13:43:44,234:INFO:Epoch: 135, Training Loss: 0.7587
2023-05-25 13:43:46,466:INFO:Epoch: 135, Validation Loss: 0.7976
2023-05-25 13:44:14,519:INFO:Epoch: 136, Training Loss: 0.7627
2023-05-25 13:44:16,815:INFO:Epoch: 136, Validation Loss: 0.7938
2023-05-25 13:44:44,373:INFO:Epoch: 137, Training Loss: 0.7597
2023-05-25 13:44:46,429:INFO:Epoch: 137, Validation Loss: 0.8382
2023-05-25 13:45:16,666:INFO:Epoch: 138, Training Loss: 0.7655
2023-05-25 13:45:18,895:INFO:Epoch: 138, Validation Loss: 0.8139
2023-05-25 13:45:47,391:INFO:Epoch: 139, Training Loss: 0.7631
2023-05-25 13:45:49,602:INFO:Epoch: 139, Validation Loss: 0.7730
2023-05-25 13:46:19,097:INFO:Epoch: 140, Training Loss: 0.7659
2023-05-25 13:46:21,358:INFO:Epoch: 140, Validation Loss: 0.8235
2023-05-25 13:46:49,796:INFO:Epoch: 141, Training Loss: 0.7584
2023-05-25 13:46:52,103:INFO:Epoch: 141, Validation Loss: 0.7625
2023-05-25 13:47:20,937:INFO:Epoch: 142, Training Loss: 0.7626
2023-05-25 13:47:23,320:INFO:Epoch: 142, Validation Loss: 0.8033
2023-05-25 13:47:51,662:INFO:Epoch: 143, Training Loss: 0.7576
2023-05-25 13:47:53,933:INFO:Epoch: 143, Validation Loss: 0.7728
2023-05-25 13:48:21,690:INFO:Epoch: 144, Training Loss: 0.7532
2023-05-25 13:48:23,797:INFO:Epoch: 144, Validation Loss: 0.7918
2023-05-25 13:48:53,136:INFO:Epoch: 145, Training Loss: 0.7635
2023-05-25 13:48:55,645:INFO:Epoch: 145, Validation Loss: 0.8320
2023-05-25 13:49:25,978:INFO:Epoch: 146, Training Loss: 0.7579
2023-05-25 13:49:29,046:INFO:Epoch: 146, Validation Loss: 0.7775
2023-05-25 13:49:57,770:INFO:Epoch: 147, Training Loss: 0.7557
2023-05-25 13:50:00,127:INFO:Epoch: 147, Validation Loss: 0.8067
2023-05-25 13:50:29,715:INFO:Epoch: 148, Training Loss: 0.7545
2023-05-25 13:50:32,023:INFO:Epoch: 148, Validation Loss: 0.7921
2023-05-25 13:51:00,906:INFO:Epoch: 149, Training Loss: 0.7539
2023-05-25 13:51:03,120:INFO:Epoch: 149, Validation Loss: 0.7678
2023-05-25 13:51:32,054:INFO:Epoch: 150, Training Loss: 0.7538
2023-05-25 13:51:34,265:INFO:Epoch: 150, Validation Loss: 0.8202
2023-05-25 13:52:03,103:INFO:Epoch: 151, Training Loss: 0.7536
2023-05-25 13:52:05,409:INFO:Epoch: 151, Validation Loss: 0.8117
2023-05-25 13:52:34,158:INFO:Epoch: 152, Training Loss: 0.7550
2023-05-25 13:52:36,404:INFO:Epoch: 152, Validation Loss: 0.7632
2023-05-25 13:53:05,950:INFO:Epoch: 153, Training Loss: 0.7548
2023-05-25 13:53:08,185:INFO:Epoch: 153, Validation Loss: 0.8084
2023-05-25 13:53:36,847:INFO:Epoch: 154, Training Loss: 0.7540
2023-05-25 13:53:39,120:INFO:Epoch: 154, Validation Loss: 0.7751
2023-05-25 13:54:07,835:INFO:Epoch: 155, Training Loss: 0.7524
2023-05-25 13:54:10,160:INFO:Epoch: 155, Validation Loss: 0.8525
2023-05-25 13:54:38,163:INFO:Epoch: 156, Training Loss: 0.7554
2023-05-25 13:54:40,315:INFO:Epoch: 156, Validation Loss: 0.7747
2023-05-25 13:55:09,071:INFO:Epoch: 157, Training Loss: 0.7523
2023-05-25 13:55:11,297:INFO:Epoch: 157, Validation Loss: 0.7945
2023-05-25 13:55:40,044:INFO:Epoch: 158, Training Loss: 0.7506
2023-05-25 13:55:42,259:INFO:Epoch: 158, Validation Loss: 0.7587
2023-05-25 13:56:10,361:INFO:Epoch: 159, Training Loss: 0.7543
2023-05-25 13:56:12,661:INFO:Epoch: 159, Validation Loss: 0.7733
2023-05-25 13:56:42,259:INFO:Epoch: 160, Training Loss: 0.7508
2023-05-25 13:56:44,467:INFO:Epoch: 160, Validation Loss: 0.7695
2023-05-25 13:57:13,246:INFO:Epoch: 161, Training Loss: 0.7484
2023-05-25 13:57:15,469:INFO:Epoch: 161, Validation Loss: 0.7425
2023-05-25 13:57:44,058:INFO:Epoch: 162, Training Loss: 0.7443
2023-05-25 13:57:46,413:INFO:Epoch: 162, Validation Loss: 0.7627
2023-05-25 13:58:14,603:INFO:Epoch: 163, Training Loss: 0.7485
2023-05-25 13:58:16,755:INFO:Epoch: 163, Validation Loss: 0.7574
2023-05-25 13:58:45,009:INFO:Epoch: 164, Training Loss: 0.7468
2023-05-25 13:58:47,166:INFO:Epoch: 164, Validation Loss: 0.8000
2023-05-25 13:59:16,555:INFO:Epoch: 165, Training Loss: 0.7435
2023-05-25 13:59:18,774:INFO:Epoch: 165, Validation Loss: 0.8238
2023-05-25 13:59:47,980:INFO:Epoch: 166, Training Loss: 0.7445
2023-05-25 13:59:50,449:INFO:Epoch: 166, Validation Loss: 0.7794
2023-05-25 14:00:20,097:INFO:Epoch: 167, Training Loss: 0.7447
2023-05-25 14:00:22,370:INFO:Epoch: 167, Validation Loss: 0.7900
2023-05-25 14:00:51,115:INFO:Epoch: 168, Training Loss: 0.7464
2023-05-25 14:00:53,320:INFO:Epoch: 168, Validation Loss: 0.7957
2023-05-25 14:01:22,055:INFO:Epoch: 169, Training Loss: 0.7427
2023-05-25 14:01:24,865:INFO:Epoch: 169, Validation Loss: 0.7604
2023-05-25 14:01:54,889:INFO:Epoch: 170, Training Loss: 0.7385
2023-05-25 14:01:57,185:INFO:Epoch: 170, Validation Loss: 0.7915
2023-05-25 14:02:25,468:INFO:Epoch: 171, Training Loss: 0.7391
2023-05-25 14:02:27,739:INFO:Epoch: 171, Validation Loss: 0.8468
2023-05-25 14:02:56,274:INFO:Epoch: 172, Training Loss: 0.7461
2023-05-25 14:02:58,548:INFO:Epoch: 172, Validation Loss: 0.7756
2023-05-25 14:03:27,234:INFO:Epoch: 173, Training Loss: 0.7426
2023-05-25 14:03:29,438:INFO:Epoch: 173, Validation Loss: 0.7625
2023-05-25 14:03:58,135:INFO:Epoch: 174, Training Loss: 0.7442
2023-05-25 14:04:00,302:INFO:Epoch: 174, Validation Loss: 0.7810
2023-05-25 14:04:29,129:INFO:Epoch: 175, Training Loss: 0.7453
2023-05-25 14:04:31,427:INFO:Epoch: 175, Validation Loss: 0.7984
2023-05-25 14:05:08,486:INFO:Epoch: 176, Training Loss: 0.7371
2023-05-25 14:05:10,813:INFO:Epoch: 176, Validation Loss: 0.7809
2023-05-25 14:05:46,105:INFO:Epoch: 177, Training Loss: 0.7407
2023-05-25 14:05:48,697:INFO:Epoch: 177, Validation Loss: 0.7903
2023-05-25 14:06:23,664:INFO:Epoch: 178, Training Loss: 0.7454
2023-05-25 14:06:25,842:INFO:Epoch: 178, Validation Loss: 0.7538
2023-05-25 14:07:03,185:INFO:Epoch: 179, Training Loss: 0.7360
2023-05-25 14:07:06,037:INFO:Epoch: 179, Validation Loss: 0.8197
2023-05-25 14:07:40,378:INFO:Epoch: 180, Training Loss: 0.7433
2023-05-25 14:07:42,678:INFO:Epoch: 180, Validation Loss: 0.7656
2023-05-25 14:08:14,750:INFO:Epoch: 181, Training Loss: 0.7398
2023-05-25 14:08:17,296:INFO:Epoch: 181, Validation Loss: 0.7837
2023-05-25 14:08:49,461:INFO:Epoch: 182, Training Loss: 0.7421
2023-05-25 14:08:51,785:INFO:Epoch: 182, Validation Loss: 0.8039
2023-05-25 14:09:22,834:INFO:Epoch: 183, Training Loss: 0.7386
2023-05-25 14:09:25,124:INFO:Epoch: 183, Validation Loss: 0.7771
2023-05-25 14:09:54,902:INFO:Epoch: 184, Training Loss: 0.7393
2023-05-25 14:09:57,138:INFO:Epoch: 184, Validation Loss: 0.7909
2023-05-25 14:10:27,276:INFO:Epoch: 185, Training Loss: 0.7385
2023-05-25 14:10:29,597:INFO:Epoch: 185, Validation Loss: 0.7833
2023-05-25 14:10:59,097:INFO:Epoch: 186, Training Loss: 0.7393
2023-05-25 14:11:01,510:INFO:Epoch: 186, Validation Loss: 0.8122
2023-05-25 14:11:32,058:INFO:Epoch: 187, Training Loss: 0.7351
2023-05-25 14:11:34,294:INFO:Epoch: 187, Validation Loss: 0.8005
2023-05-25 14:12:06,948:INFO:Epoch: 188, Training Loss: 0.7372
2023-05-25 14:12:09,543:INFO:Epoch: 188, Validation Loss: 0.7710
2023-05-25 14:12:46,255:INFO:Epoch: 189, Training Loss: 0.7374
2023-05-25 14:12:48,744:INFO:Epoch: 189, Validation Loss: 0.7829
2023-05-25 14:13:24,413:INFO:Epoch: 190, Training Loss: 0.7391
2023-05-25 14:13:26,744:INFO:Epoch: 190, Validation Loss: 0.7921
2023-05-25 14:13:57,298:INFO:Epoch: 191, Training Loss: 0.7356
2023-05-25 14:13:59,662:INFO:Epoch: 191, Validation Loss: 0.7977
2023-05-25 14:14:29,524:INFO:Epoch: 192, Training Loss: 0.7466
2023-05-25 14:14:31,837:INFO:Epoch: 192, Validation Loss: 0.8632
2023-05-25 14:15:00,979:INFO:Epoch: 193, Training Loss: 0.7340
2023-05-25 14:15:03,208:INFO:Epoch: 193, Validation Loss: 0.7887
2023-05-25 14:15:32,333:INFO:Epoch: 194, Training Loss: 0.7324
2023-05-25 14:15:34,589:INFO:Epoch: 194, Validation Loss: 0.7700
2023-05-25 14:16:03,582:INFO:Epoch: 195, Training Loss: 0.7395
2023-05-25 14:16:05,892:INFO:Epoch: 195, Validation Loss: 0.8620
2023-05-25 14:16:33,466:INFO:Epoch: 196, Training Loss: 0.7318
2023-05-25 14:16:35,699:INFO:Epoch: 196, Validation Loss: 0.8608
2023-05-25 14:17:03,746:INFO:Epoch: 197, Training Loss: 0.7347
2023-05-25 14:17:05,920:INFO:Epoch: 197, Validation Loss: 0.7824
2023-05-25 14:17:34,040:INFO:Epoch: 198, Training Loss: 0.7288
2023-05-25 14:17:36,290:INFO:Epoch: 198, Validation Loss: 0.7817
2023-05-25 14:18:04,645:INFO:Epoch: 199, Training Loss: 0.7319
2023-05-25 14:18:06,702:INFO:Epoch: 199, Validation Loss: 0.8127
2023-05-25 14:18:34,343:INFO:Epoch: 200, Training Loss: 0.7316
2023-05-25 14:18:37,623:INFO:Epoch: 200, Validation Loss: 0.7825
2023-05-25 14:19:08,565:INFO:Epoch: 201, Training Loss: 0.7361
2023-05-25 14:19:10,847:INFO:Epoch: 201, Validation Loss: 0.7865
2023-05-25 14:19:38,834:INFO:Epoch: 202, Training Loss: 0.7311
2023-05-25 14:19:41,001:INFO:Epoch: 202, Validation Loss: 0.7552
2023-05-25 14:20:09,176:INFO:Epoch: 203, Training Loss: 0.7316
2023-05-25 14:20:11,407:INFO:Epoch: 203, Validation Loss: 0.7665
2023-05-25 14:20:39,979:INFO:Epoch: 204, Training Loss: 0.7239
2023-05-25 14:20:42,185:INFO:Epoch: 204, Validation Loss: 0.7568
2023-05-25 14:21:10,967:INFO:Epoch: 205, Training Loss: 0.7301
2023-05-25 14:21:13,504:INFO:Epoch: 205, Validation Loss: 0.8045
2023-05-25 14:21:42,264:INFO:Epoch: 206, Training Loss: 0.7354
2023-05-25 14:21:44,601:INFO:Epoch: 206, Validation Loss: 0.8304
2023-05-25 14:22:12,458:INFO:Epoch: 207, Training Loss: 0.7318
2023-05-25 14:22:14,592:INFO:Epoch: 207, Validation Loss: 0.7962
2023-05-25 14:22:43,387:INFO:Epoch: 208, Training Loss: 0.7281
2023-05-25 14:22:45,517:INFO:Epoch: 208, Validation Loss: 0.7489
2023-05-25 14:23:13,581:INFO:Epoch: 209, Training Loss: 0.7338
2023-05-25 14:23:15,871:INFO:Epoch: 209, Validation Loss: 0.7642
2023-05-25 14:23:44,571:INFO:Epoch: 210, Training Loss: 0.7250
2023-05-25 14:23:46,785:INFO:Epoch: 210, Validation Loss: 0.7787
2023-05-25 14:24:14,160:INFO:Epoch: 211, Training Loss: 0.7337
2023-05-25 14:24:16,378:INFO:Epoch: 211, Validation Loss: 0.7795
2023-05-25 14:24:44,116:INFO:Epoch: 212, Training Loss: 0.7315
2023-05-25 14:24:46,328:INFO:Epoch: 212, Validation Loss: 0.7411
2023-05-25 14:25:14,301:INFO:Epoch: 213, Training Loss: 0.7298
2023-05-25 14:25:16,580:INFO:Epoch: 213, Validation Loss: 0.7176
2023-05-25 14:25:45,607:INFO:Epoch: 214, Training Loss: 0.7301
2023-05-25 14:25:47,837:INFO:Epoch: 214, Validation Loss: 0.7289
2023-05-25 14:26:18,810:INFO:Epoch: 215, Training Loss: 0.7264
2023-05-25 14:26:21,182:INFO:Epoch: 215, Validation Loss: 0.7724
2023-05-25 14:26:50,032:INFO:Epoch: 216, Training Loss: 0.7298
2023-05-25 14:26:52,344:INFO:Epoch: 216, Validation Loss: 0.7733
2023-05-25 14:27:21,328:INFO:Epoch: 217, Training Loss: 0.7251
2023-05-25 14:27:23,570:INFO:Epoch: 217, Validation Loss: 0.7927
2023-05-25 14:27:52,704:INFO:Epoch: 218, Training Loss: 0.7299
2023-05-25 14:27:54,906:INFO:Epoch: 218, Validation Loss: 0.7741
2023-05-25 14:28:23,559:INFO:Epoch: 219, Training Loss: 0.7243
2023-05-25 14:28:25,813:INFO:Epoch: 219, Validation Loss: 0.7335
2023-05-25 14:28:54,872:INFO:Epoch: 220, Training Loss: 0.7293
2023-05-25 14:28:57,106:INFO:Epoch: 220, Validation Loss: 0.7402
2023-05-25 14:29:25,599:INFO:Epoch: 221, Training Loss: 0.7226
2023-05-25 14:29:27,699:INFO:Epoch: 221, Validation Loss: 0.7567
2023-05-25 14:29:57,777:INFO:Epoch: 222, Training Loss: 0.7211
2023-05-25 14:29:59,955:INFO:Epoch: 222, Validation Loss: 0.7438
2023-05-25 14:30:28,123:INFO:Epoch: 223, Training Loss: 0.7251
2023-05-25 14:30:30,366:INFO:Epoch: 223, Validation Loss: 0.7700
2023-05-25 14:30:59,317:INFO:Epoch: 224, Training Loss: 0.7239
2023-05-25 14:31:01,603:INFO:Epoch: 224, Validation Loss: 0.8188
2023-05-25 14:31:30,233:INFO:Epoch: 225, Training Loss: 0.7185
2023-05-25 14:31:32,389:INFO:Epoch: 225, Validation Loss: 0.7370
2023-05-25 14:32:01,478:INFO:Epoch: 226, Training Loss: 0.7227
2023-05-25 14:32:03,716:INFO:Epoch: 226, Validation Loss: 0.7579
2023-05-25 14:32:31,855:INFO:Epoch: 227, Training Loss: 0.7205
2023-05-25 14:32:34,166:INFO:Epoch: 227, Validation Loss: 0.7768
2023-05-25 14:33:03,191:INFO:Epoch: 228, Training Loss: 0.7240
2023-05-25 14:33:05,369:INFO:Epoch: 228, Validation Loss: 0.7283
2023-05-25 14:33:34,427:INFO:Epoch: 229, Training Loss: 0.7179
2023-05-25 14:33:36,582:INFO:Epoch: 229, Validation Loss: 0.7386
2023-05-25 14:34:04,650:INFO:Epoch: 230, Training Loss: 0.7202
2023-05-25 14:34:06,808:INFO:Epoch: 230, Validation Loss: 0.7562
2023-05-25 14:34:36,307:INFO:Epoch: 231, Training Loss: 0.7211
2023-05-25 14:34:38,620:INFO:Epoch: 231, Validation Loss: 0.7294
2023-05-25 14:35:06,380:INFO:Epoch: 232, Training Loss: 0.7214
2023-05-25 14:35:08,675:INFO:Epoch: 232, Validation Loss: 0.7301
2023-05-25 14:35:36,915:INFO:Epoch: 233, Training Loss: 0.7165
2023-05-25 14:35:39,070:INFO:Epoch: 233, Validation Loss: 0.8308
2023-05-25 14:36:06,605:INFO:Epoch: 234, Training Loss: 0.7209
2023-05-25 14:36:08,561:INFO:Epoch: 234, Validation Loss: 0.7589
2023-05-25 14:36:37,629:INFO:Epoch: 235, Training Loss: 0.7219
2023-05-25 14:36:39,887:INFO:Epoch: 235, Validation Loss: 0.7979
2023-05-25 14:37:09,297:INFO:Epoch: 236, Training Loss: 0.7214
2023-05-25 14:37:11,456:INFO:Epoch: 236, Validation Loss: 0.7456
2023-05-25 14:37:39,889:INFO:Epoch: 237, Training Loss: 0.7186
2023-05-25 14:37:42,133:INFO:Epoch: 237, Validation Loss: 0.7264
2023-05-25 14:38:11,147:INFO:Epoch: 238, Training Loss: 0.7221
2023-05-25 14:38:13,449:INFO:Epoch: 238, Validation Loss: 0.7484
2023-05-25 14:38:41,704:INFO:Epoch: 239, Training Loss: 0.7178
2023-05-25 14:38:43,849:INFO:Epoch: 239, Validation Loss: 0.7325
2023-05-25 14:39:13,242:INFO:Epoch: 240, Training Loss: 0.7173
2023-05-25 14:39:15,690:INFO:Epoch: 240, Validation Loss: 0.7572
2023-05-25 14:39:45,443:INFO:Epoch: 241, Training Loss: 0.7215
2023-05-25 14:39:47,956:INFO:Epoch: 241, Validation Loss: 0.7615
2023-05-25 14:40:17,460:INFO:Epoch: 242, Training Loss: 0.7173
2023-05-25 14:40:19,757:INFO:Epoch: 242, Validation Loss: 0.7251
2023-05-25 14:40:48,443:INFO:Epoch: 243, Training Loss: 0.7150
2023-05-25 14:40:50,516:INFO:Epoch: 243, Validation Loss: 0.7582
2023-05-25 14:41:20,992:INFO:Epoch: 244, Training Loss: 0.7173
2023-05-25 14:41:23,202:INFO:Epoch: 244, Validation Loss: 0.7586
2023-05-25 14:41:51,997:INFO:Epoch: 245, Training Loss: 0.7171
2023-05-25 14:41:54,235:INFO:Epoch: 245, Validation Loss: 0.7296
2023-05-25 14:42:22,276:INFO:Epoch: 246, Training Loss: 0.7151
2023-05-25 14:42:24,515:INFO:Epoch: 246, Validation Loss: 0.7889
2023-05-25 14:42:52,912:INFO:Epoch: 247, Training Loss: 0.7175
2023-05-25 14:42:55,199:INFO:Epoch: 247, Validation Loss: 0.7848
2023-05-25 14:43:32,811:INFO:Epoch: 248, Training Loss: 0.7157
2023-05-25 14:43:35,564:INFO:Epoch: 248, Validation Loss: 0.7309
2023-05-25 14:44:12,230:INFO:Epoch: 249, Training Loss: 0.7145
2023-05-25 14:44:15,269:INFO:Epoch: 249, Validation Loss: 0.7250
2023-05-25 14:44:51,312:INFO:Epoch: 250, Training Loss: 0.7185
2023-05-25 14:44:53,865:INFO:Epoch: 250, Validation Loss: 0.7564
2023-05-25 14:45:27,824:INFO:Epoch: 251, Training Loss: 0.7185
2023-05-25 14:45:30,272:INFO:Epoch: 251, Validation Loss: 0.7406
2023-05-25 14:46:02,978:INFO:Epoch: 252, Training Loss: 0.7119
2023-05-25 14:46:05,545:INFO:Epoch: 252, Validation Loss: 0.7807
2023-05-25 14:46:38,616:INFO:Epoch: 253, Training Loss: 0.7136
2023-05-25 14:46:40,961:INFO:Epoch: 253, Validation Loss: 0.7688
2023-05-25 14:47:13,694:INFO:Epoch: 254, Training Loss: 0.7106
2023-05-25 14:47:15,943:INFO:Epoch: 254, Validation Loss: 0.7479
2023-05-25 14:47:45,932:INFO:Epoch: 255, Training Loss: 0.7151
2023-05-25 14:47:48,122:INFO:Epoch: 255, Validation Loss: 0.7642
2023-05-25 14:48:18,942:INFO:Epoch: 256, Training Loss: 0.7141
2023-05-25 14:48:21,175:INFO:Epoch: 256, Validation Loss: 0.7360
2023-05-25 14:48:50,840:INFO:Epoch: 257, Training Loss: 0.7158
2023-05-25 14:48:53,139:INFO:Epoch: 257, Validation Loss: 0.7532
2023-05-25 14:49:22,318:INFO:Epoch: 258, Training Loss: 0.7107
2023-05-25 14:49:24,583:INFO:Epoch: 258, Validation Loss: 0.7537
2023-05-25 14:49:56,093:INFO:Epoch: 259, Training Loss: 0.7111
2023-05-25 14:49:58,441:INFO:Epoch: 259, Validation Loss: 0.7513
2023-05-25 14:50:30,972:INFO:Epoch: 260, Training Loss: 0.7198
2023-05-25 14:50:33,362:INFO:Epoch: 260, Validation Loss: 0.7608
2023-05-25 14:51:08,650:INFO:Epoch: 261, Training Loss: 0.7132
2023-05-25 14:51:10,894:INFO:Epoch: 261, Validation Loss: 0.7620
2023-05-25 14:51:44,578:INFO:Epoch: 262, Training Loss: 0.7071
2023-05-25 14:51:46,975:INFO:Epoch: 262, Validation Loss: 0.8362
2023-05-25 14:52:18,198:INFO:Epoch: 263, Training Loss: 0.7157
2023-05-25 14:52:20,837:INFO:Epoch: 263, Validation Loss: 0.7560
2023-05-25 14:52:51,115:INFO:Epoch: 264, Training Loss: 0.7134
2023-05-25 14:52:53,286:INFO:Epoch: 264, Validation Loss: 0.8081
2023-05-25 14:53:23,065:INFO:Epoch: 265, Training Loss: 0.7076
2023-05-25 14:53:25,559:INFO:Epoch: 265, Validation Loss: 0.7236
2023-05-25 14:53:56,526:INFO:Epoch: 266, Training Loss: 0.7157
2023-05-25 14:53:58,944:INFO:Epoch: 266, Validation Loss: 0.7455
2023-05-25 14:54:29,999:INFO:Epoch: 267, Training Loss: 0.7103
2023-05-25 14:54:32,525:INFO:Epoch: 267, Validation Loss: 0.7451
2023-05-25 14:55:01,316:INFO:Epoch: 268, Training Loss: 0.7087
2023-05-25 14:55:03,662:INFO:Epoch: 268, Validation Loss: 0.7505
2023-05-25 14:55:33,564:INFO:Epoch: 269, Training Loss: 0.7145
2023-05-25 14:55:35,857:INFO:Epoch: 269, Validation Loss: 0.7684
2023-05-25 14:56:04,922:INFO:Epoch: 270, Training Loss: 0.7065
2023-05-25 14:56:07,149:INFO:Epoch: 270, Validation Loss: 0.7995
2023-05-25 14:56:35,881:INFO:Epoch: 271, Training Loss: 0.7094
2023-05-25 14:56:38,023:INFO:Epoch: 271, Validation Loss: 0.7398
2023-05-25 14:57:06,928:INFO:Epoch: 272, Training Loss: 0.7101
2023-05-25 14:57:09,175:INFO:Epoch: 272, Validation Loss: 0.7620
2023-05-25 14:57:37,431:INFO:Epoch: 273, Training Loss: 0.7144
2023-05-25 14:57:39,668:INFO:Epoch: 273, Validation Loss: 0.7612
2023-05-25 14:58:10,894:INFO:Epoch: 274, Training Loss: 0.7098
2023-05-25 14:58:13,192:INFO:Epoch: 274, Validation Loss: 0.7717
2023-05-25 14:58:42,327:INFO:Epoch: 275, Training Loss: 0.7095
2023-05-25 14:58:44,700:INFO:Epoch: 275, Validation Loss: 0.7393
2023-05-25 14:59:13,363:INFO:Epoch: 276, Training Loss: 0.7057
2023-05-25 14:59:15,608:INFO:Epoch: 276, Validation Loss: 0.7480
2023-05-25 14:59:45,245:INFO:Epoch: 277, Training Loss: 0.7079
2023-05-25 14:59:47,493:INFO:Epoch: 277, Validation Loss: 0.7648
2023-05-25 15:00:17,592:INFO:Epoch: 278, Training Loss: 0.7040
2023-05-25 15:00:19,849:INFO:Epoch: 278, Validation Loss: 0.7918
2023-05-25 15:00:49,184:INFO:Epoch: 279, Training Loss: 0.7095
2023-05-25 15:00:51,349:INFO:Epoch: 279, Validation Loss: 0.7321
2023-05-25 15:01:20,764:INFO:Epoch: 280, Training Loss: 0.7089
2023-05-25 15:01:23,044:INFO:Epoch: 280, Validation Loss: 0.7130
2023-05-25 15:01:52,130:INFO:Epoch: 281, Training Loss: 0.7075
2023-05-25 15:01:54,287:INFO:Epoch: 281, Validation Loss: 0.7188
2023-05-25 15:02:22,826:INFO:Epoch: 282, Training Loss: 0.7048
2023-05-25 15:02:25,016:INFO:Epoch: 282, Validation Loss: 0.7431
2023-05-25 15:02:53,670:INFO:Epoch: 283, Training Loss: 0.7106
2023-05-25 15:02:55,942:INFO:Epoch: 283, Validation Loss: 0.7448
2023-05-25 15:03:27,204:INFO:Epoch: 284, Training Loss: 0.7015
2023-05-25 15:03:29,653:INFO:Epoch: 284, Validation Loss: 0.7395
2023-05-25 15:03:59,532:INFO:Epoch: 285, Training Loss: 0.7034
2023-05-25 15:04:01,765:INFO:Epoch: 285, Validation Loss: 0.7543
2023-05-25 15:04:29,456:INFO:Epoch: 286, Training Loss: 0.7040
2023-05-25 15:04:31,631:INFO:Epoch: 286, Validation Loss: 0.7935
2023-05-25 15:04:59,753:INFO:Epoch: 287, Training Loss: 0.7072
2023-05-25 15:05:01,948:INFO:Epoch: 287, Validation Loss: 0.7667
2023-05-25 15:05:30,879:INFO:Epoch: 288, Training Loss: 0.7108
2023-05-25 15:05:33,142:INFO:Epoch: 288, Validation Loss: 0.7417
2023-05-25 15:06:00,792:INFO:Epoch: 289, Training Loss: 0.7030
2023-05-25 15:06:02,942:INFO:Epoch: 289, Validation Loss: 0.7394
2023-05-25 15:06:34,863:INFO:Epoch: 290, Training Loss: 0.7107
2023-05-25 15:06:37,292:INFO:Epoch: 290, Validation Loss: 0.7267
2023-05-25 15:07:07,723:INFO:Epoch: 291, Training Loss: 0.7088
2023-05-25 15:07:10,026:INFO:Epoch: 291, Validation Loss: 0.7703
2023-05-25 15:07:39,079:INFO:Epoch: 292, Training Loss: 0.7075
2023-05-25 15:07:41,279:INFO:Epoch: 292, Validation Loss: 0.7288
2023-05-25 15:08:09,952:INFO:Epoch: 293, Training Loss: 0.7036
2023-05-25 15:08:12,282:INFO:Epoch: 293, Validation Loss: 0.7368
2023-05-25 15:08:40,866:INFO:Epoch: 294, Training Loss: 0.7001
2023-05-25 15:08:42,997:INFO:Epoch: 294, Validation Loss: 0.7511
2023-05-25 15:09:11,925:INFO:Epoch: 295, Training Loss: 0.7093
2023-05-25 15:09:14,265:INFO:Epoch: 295, Validation Loss: 0.7184
2023-05-25 15:09:44,821:INFO:Epoch: 296, Training Loss: 0.7056
2023-05-25 15:09:47,073:INFO:Epoch: 296, Validation Loss: 0.8290
2023-05-25 15:10:16,300:INFO:Epoch: 297, Training Loss: 0.7040
2023-05-25 15:10:18,561:INFO:Epoch: 297, Validation Loss: 0.7490
2023-05-25 15:10:48,960:INFO:Epoch: 298, Training Loss: 0.7015
2023-05-25 15:10:51,324:INFO:Epoch: 298, Validation Loss: 0.7226
2023-05-25 15:11:20,192:INFO:Epoch: 299, Training Loss: 0.7066
2023-05-25 15:11:22,413:INFO:Epoch: 299, Validation Loss: 0.7050
2023-05-25 15:11:26,163:INFO:Test Loss: 0.6733
