2023-05-17 20:48:36,110:INFO:root:{'in_channels': 11, 'out_channels': 1, 'hidden_dim_1': 64, 'hidden_dim_2': 128, 'hidden_dim_3': 32, 'lr': 0.001, 'batch_size': 20, 'num_epochs': 100, 'processing_steps': 10, 'criterion2': MSELoss(), 'criterion': CrossEntropyLoss(), 'nnconv_aggr': 'mean'}
2023-05-17 20:50:06,231:INFO:root:GNNModel(
  (conv1): NNConv(11, 64, aggr=mean, nn=Sequential(
    (0): Linear(in_features=5, out_features=128, bias=True)
    (1): ReLU()
    (2): Linear(in_features=128, out_features=704, bias=True)
  ))
  (global_pool): MeanAggregation()
  (fc1): Linear(in_features=64, out_features=32, bias=True)
  (fc2): Linear(in_features=32, out_features=1, bias=True)
)
2023-05-17 20:50:39,485:INFO:root:Test Loss before training: 8.4486
2023-05-17 20:52:20,145:INFO:root:Epoch: 0, Training Loss: 1.8385
2023-05-17 20:52:27,366:INFO:root:Epoch: 0, Validation Loss: 1.6787
2023-05-17 20:53:43,072:INFO:root:Epoch: 1, Training Loss: 1.6069
2023-05-17 20:53:47,588:INFO:root:Epoch: 1, Validation Loss: 1.5594
2023-05-17 20:54:58,675:INFO:root:Epoch: 2, Training Loss: 1.5075
2023-05-17 20:55:03,517:INFO:root:Epoch: 2, Validation Loss: 1.4619
2023-05-17 20:56:15,102:INFO:root:Epoch: 3, Training Loss: 1.4489
2023-05-17 20:56:19,855:INFO:root:Epoch: 3, Validation Loss: 1.4384
2023-05-17 20:57:34,978:INFO:root:Epoch: 4, Training Loss: 1.4043
2023-05-17 20:57:39,627:INFO:root:Epoch: 4, Validation Loss: 1.4309
2023-05-17 20:58:56,977:INFO:root:Epoch: 5, Training Loss: 1.3741
2023-05-17 20:59:01,474:INFO:root:Epoch: 5, Validation Loss: 1.3737
2023-05-17 21:00:14,899:INFO:root:Epoch: 6, Training Loss: 1.3518
2023-05-17 21:00:19,083:INFO:root:Epoch: 6, Validation Loss: 1.3503
2023-05-17 21:01:30,699:INFO:root:Epoch: 7, Training Loss: 1.3325
2023-05-17 21:01:35,179:INFO:root:Epoch: 7, Validation Loss: 1.3815
2023-05-17 21:02:47,293:INFO:root:Epoch: 8, Training Loss: 1.3179
2023-05-17 21:02:52,638:INFO:root:Epoch: 8, Validation Loss: 1.3228
2023-05-17 21:04:11,963:INFO:root:Epoch: 9, Training Loss: 1.3047
2023-05-17 21:04:17,937:INFO:root:Epoch: 9, Validation Loss: 1.3201
2023-05-17 21:05:31,624:INFO:root:Epoch: 10, Training Loss: 1.2927
2023-05-17 21:05:36,061:INFO:root:Epoch: 10, Validation Loss: 1.2762
2023-05-17 21:06:47,409:INFO:root:Epoch: 11, Training Loss: 1.2811
2023-05-17 21:06:51,824:INFO:root:Epoch: 11, Validation Loss: 1.3242
2023-05-17 21:08:01,780:INFO:root:Epoch: 12, Training Loss: 1.2717
2023-05-17 21:08:06,323:INFO:root:Epoch: 12, Validation Loss: 1.2764
2023-05-17 21:09:19,659:INFO:root:Epoch: 13, Training Loss: 1.2626
2023-05-17 21:09:24,343:INFO:root:Epoch: 13, Validation Loss: 1.2478
2023-05-17 21:10:37,737:INFO:root:Epoch: 14, Training Loss: 1.2561
2023-05-17 21:10:42,093:INFO:root:Epoch: 14, Validation Loss: 1.2462
2023-05-17 21:11:54,624:INFO:root:Epoch: 15, Training Loss: 1.2480
2023-05-17 21:11:59,227:INFO:root:Epoch: 15, Validation Loss: 1.2911
2023-05-17 21:13:12,782:INFO:root:Epoch: 16, Training Loss: 1.2421
2023-05-17 21:13:18,403:INFO:root:Epoch: 16, Validation Loss: 1.2587
2023-05-17 21:14:31,765:INFO:root:Epoch: 17, Training Loss: 1.2354
2023-05-17 21:14:36,005:INFO:root:Epoch: 17, Validation Loss: 1.2553
2023-05-17 21:15:46,402:INFO:root:Epoch: 18, Training Loss: 1.2277
2023-05-17 21:15:50,778:INFO:root:Epoch: 18, Validation Loss: 1.2493
2023-05-17 21:17:01,323:INFO:root:Epoch: 19, Training Loss: 1.2209
2023-05-17 21:17:05,676:INFO:root:Epoch: 19, Validation Loss: 1.2026
2023-05-17 21:18:17,718:INFO:root:Epoch: 20, Training Loss: 1.2156
2023-05-17 21:18:22,921:INFO:root:Epoch: 20, Validation Loss: 1.2076
2023-05-17 21:19:34,411:INFO:root:Epoch: 21, Training Loss: 1.2106
2023-05-17 21:19:38,688:INFO:root:Epoch: 21, Validation Loss: 1.2142
2023-05-17 21:20:49,597:INFO:root:Epoch: 22, Training Loss: 1.2033
2023-05-17 21:20:53,786:INFO:root:Epoch: 22, Validation Loss: 1.1932
2023-05-17 21:22:03,898:INFO:root:Epoch: 23, Training Loss: 1.1991
2023-05-17 21:22:08,639:INFO:root:Epoch: 23, Validation Loss: 1.2087
2023-05-17 21:23:21,152:INFO:root:Epoch: 24, Training Loss: 1.1931
2023-05-17 21:23:25,828:INFO:root:Epoch: 24, Validation Loss: 1.2133
2023-05-17 21:24:39,120:INFO:root:Epoch: 25, Training Loss: 1.1865
2023-05-17 21:24:43,743:INFO:root:Epoch: 25, Validation Loss: 1.1853
2023-05-17 21:25:57,393:INFO:root:Epoch: 26, Training Loss: 1.1825
2023-05-17 21:26:01,882:INFO:root:Epoch: 26, Validation Loss: 1.1666
2023-05-17 21:27:16,041:INFO:root:Epoch: 27, Training Loss: 1.1780
2023-05-17 21:27:20,675:INFO:root:Epoch: 27, Validation Loss: 1.1699
2023-05-17 21:28:35,285:INFO:root:Epoch: 28, Training Loss: 1.1727
2023-05-17 21:28:39,625:INFO:root:Epoch: 28, Validation Loss: 1.1971
2023-05-17 21:29:50,106:INFO:root:Epoch: 29, Training Loss: 1.1679
2023-05-17 21:29:54,413:INFO:root:Epoch: 29, Validation Loss: 1.1619
2023-05-17 21:31:04,716:INFO:root:Epoch: 30, Training Loss: 1.1636
2023-05-17 21:31:08,913:INFO:root:Epoch: 30, Validation Loss: 1.2419
2023-05-17 21:32:19,604:INFO:root:Epoch: 31, Training Loss: 1.1581
2023-05-17 21:32:23,826:INFO:root:Epoch: 31, Validation Loss: 1.1339
2023-05-17 21:33:33,938:INFO:root:Epoch: 32, Training Loss: 1.1552
2023-05-17 21:33:38,376:INFO:root:Epoch: 32, Validation Loss: 1.1223
2023-05-17 21:34:50,500:INFO:root:Epoch: 33, Training Loss: 1.1516
2023-05-17 21:34:54,785:INFO:root:Epoch: 33, Validation Loss: 1.2442
2023-05-17 21:36:05,496:INFO:root:Epoch: 34, Training Loss: 1.1433
2023-05-17 21:36:09,743:INFO:root:Epoch: 34, Validation Loss: 1.1161
2023-05-17 21:37:19,276:INFO:root:Epoch: 35, Training Loss: 1.1393
2023-05-17 21:37:23,980:INFO:root:Epoch: 35, Validation Loss: 1.1111
2023-05-17 21:38:35,698:INFO:root:Epoch: 36, Training Loss: 1.1360
2023-05-17 21:38:41,422:INFO:root:Epoch: 36, Validation Loss: 1.1096
2023-05-17 21:39:54,824:INFO:root:Epoch: 37, Training Loss: 1.1308
2023-05-17 21:39:59,515:INFO:root:Epoch: 37, Validation Loss: 1.1019
2023-05-17 21:41:12,798:INFO:root:Epoch: 38, Training Loss: 1.1275
2023-05-17 21:41:17,508:INFO:root:Epoch: 38, Validation Loss: 1.0898
2023-05-17 21:42:32,073:INFO:root:Epoch: 39, Training Loss: 1.1212
2023-05-17 21:42:36,369:INFO:root:Epoch: 39, Validation Loss: 1.0830
2023-05-17 21:44:03,038:INFO:root:Epoch: 40, Training Loss: 1.1172
2023-05-17 21:44:10,506:INFO:root:Epoch: 40, Validation Loss: 1.1424
2023-05-17 21:45:41,277:INFO:root:Epoch: 41, Training Loss: 1.1130
2023-05-17 21:45:45,901:INFO:root:Epoch: 41, Validation Loss: 1.1002
2023-05-17 21:46:57,030:INFO:root:Epoch: 42, Training Loss: 1.1089
2023-05-17 21:47:01,185:INFO:root:Epoch: 42, Validation Loss: 1.1015
2023-05-17 21:48:11,990:INFO:root:Epoch: 43, Training Loss: 1.1071
2023-05-17 21:48:16,377:INFO:root:Epoch: 43, Validation Loss: 1.1175
2023-05-17 21:49:26,269:INFO:root:Epoch: 44, Training Loss: 1.1025
2023-05-17 21:49:30,509:INFO:root:Epoch: 44, Validation Loss: 1.0713
2023-05-17 21:50:40,909:INFO:root:Epoch: 45, Training Loss: 1.0986
2023-05-17 21:50:45,206:INFO:root:Epoch: 45, Validation Loss: 1.0922
2023-05-17 21:51:57,690:INFO:root:Epoch: 46, Training Loss: 1.0922
2023-05-17 21:52:02,206:INFO:root:Epoch: 46, Validation Loss: 1.0713
2023-05-17 21:53:15,745:INFO:root:Epoch: 47, Training Loss: 1.0865
2023-05-17 21:53:20,498:INFO:root:Epoch: 47, Validation Loss: 1.0509
2023-05-17 21:54:33,293:INFO:root:Epoch: 48, Training Loss: 1.0854
2023-05-17 21:54:37,874:INFO:root:Epoch: 48, Validation Loss: 1.1060
2023-05-17 21:55:53,134:INFO:root:Epoch: 49, Training Loss: 1.0800
2023-05-17 21:55:57,536:INFO:root:Epoch: 49, Validation Loss: 1.0719
2023-05-17 21:57:08,313:INFO:root:Epoch: 50, Training Loss: 1.0766
2023-05-17 21:57:12,739:INFO:root:Epoch: 50, Validation Loss: 1.0540
2023-05-17 21:58:23,777:INFO:root:Epoch: 51, Training Loss: 1.0720
2023-05-17 21:58:28,078:INFO:root:Epoch: 51, Validation Loss: 1.0437
2023-05-17 21:59:42,310:INFO:root:Epoch: 52, Training Loss: 1.0667
2023-05-17 21:59:46,673:INFO:root:Epoch: 52, Validation Loss: 1.0300
2023-05-17 22:00:57,734:INFO:root:Epoch: 53, Training Loss: 1.0675
2023-05-17 22:01:02,214:INFO:root:Epoch: 53, Validation Loss: 1.0318
2023-05-17 22:02:12,948:INFO:root:Epoch: 54, Training Loss: 1.0607
2023-05-17 22:02:17,314:INFO:root:Epoch: 54, Validation Loss: 1.0344
2023-05-17 22:03:28,093:INFO:root:Epoch: 55, Training Loss: 1.0616
2023-05-17 22:03:32,979:INFO:root:Epoch: 55, Validation Loss: 1.0253
2023-05-17 22:04:45,280:INFO:root:Epoch: 56, Training Loss: 1.0547
2023-05-17 22:04:50,893:INFO:root:Epoch: 56, Validation Loss: 1.1017
2023-05-17 22:06:21,700:INFO:root:Epoch: 57, Training Loss: 1.0503
2023-05-17 22:06:27,434:INFO:root:Epoch: 57, Validation Loss: 1.1409
2023-05-17 22:07:42,005:INFO:root:Epoch: 58, Training Loss: 1.0511
2023-05-17 22:07:46,333:INFO:root:Epoch: 58, Validation Loss: 1.0154
2023-05-17 22:08:59,085:INFO:root:Epoch: 59, Training Loss: 1.0459
2023-05-17 22:09:04,589:INFO:root:Epoch: 59, Validation Loss: 1.0139
2023-05-17 22:10:18,762:INFO:root:Epoch: 60, Training Loss: 1.0419
2023-05-17 22:10:23,548:INFO:root:Epoch: 60, Validation Loss: 1.0035
2023-05-17 22:11:36,743:INFO:root:Epoch: 61, Training Loss: 1.0410
2023-05-17 22:11:40,837:INFO:root:Epoch: 61, Validation Loss: 1.0196
2023-05-17 22:12:50,512:INFO:root:Epoch: 62, Training Loss: 1.0345
2023-05-17 22:12:54,899:INFO:root:Epoch: 62, Validation Loss: 1.0133
2023-05-17 22:14:06,582:INFO:root:Epoch: 63, Training Loss: 1.0345
2023-05-17 22:14:11,428:INFO:root:Epoch: 63, Validation Loss: 1.0243
2023-05-17 22:15:22,171:INFO:root:Epoch: 64, Training Loss: 1.0296
2023-05-17 22:15:26,775:INFO:root:Epoch: 64, Validation Loss: 1.0457
2023-05-17 22:16:35,843:INFO:root:Epoch: 65, Training Loss: 1.0264
2023-05-17 22:16:40,000:INFO:root:Epoch: 65, Validation Loss: 1.0001
2023-05-17 22:17:49,742:INFO:root:Epoch: 66, Training Loss: 1.0243
2023-05-17 22:17:53,985:INFO:root:Epoch: 66, Validation Loss: 1.0952
2023-05-17 22:19:04,330:INFO:root:Epoch: 67, Training Loss: 1.0243
2023-05-17 22:19:08,493:INFO:root:Epoch: 67, Validation Loss: 1.0269
2023-05-17 22:20:22,828:INFO:root:Epoch: 68, Training Loss: 1.0205
2023-05-17 22:20:27,058:INFO:root:Epoch: 68, Validation Loss: 1.0039
2023-05-17 22:21:40,509:INFO:root:Epoch: 69, Training Loss: 1.0167
2023-05-17 22:21:45,257:INFO:root:Epoch: 69, Validation Loss: 0.9931
2023-05-17 22:22:57,573:INFO:root:Epoch: 70, Training Loss: 1.0125
2023-05-17 22:23:01,846:INFO:root:Epoch: 70, Validation Loss: 1.0447
2023-05-17 22:24:16,162:INFO:root:Epoch: 71, Training Loss: 1.0105
2023-05-17 22:24:20,617:INFO:root:Epoch: 71, Validation Loss: 1.0133
2023-05-17 22:25:32,214:INFO:root:Epoch: 72, Training Loss: 1.0076
2023-05-17 22:25:36,460:INFO:root:Epoch: 72, Validation Loss: 0.9778
2023-05-17 22:26:46,125:INFO:root:Epoch: 73, Training Loss: 1.0046
2023-05-17 22:26:50,461:INFO:root:Epoch: 73, Validation Loss: 1.0183
2023-05-17 22:28:01,089:INFO:root:Epoch: 74, Training Loss: 1.0031
2023-05-17 22:28:05,308:INFO:root:Epoch: 74, Validation Loss: 0.9999
2023-05-17 22:29:16,746:INFO:root:Epoch: 75, Training Loss: 0.9986
2023-05-17 22:29:21,893:INFO:root:Epoch: 75, Validation Loss: 0.9871
2023-05-17 22:30:32,287:INFO:root:Epoch: 76, Training Loss: 0.9986
2023-05-17 22:30:36,586:INFO:root:Epoch: 76, Validation Loss: 0.9741
2023-05-17 22:31:48,468:INFO:root:Epoch: 77, Training Loss: 0.9934
2023-05-17 22:31:52,661:INFO:root:Epoch: 77, Validation Loss: 0.9835
2023-05-17 22:33:03,379:INFO:root:Epoch: 78, Training Loss: 0.9897
2023-05-17 22:33:07,856:INFO:root:Epoch: 78, Validation Loss: 0.9864
2023-05-17 22:34:18,814:INFO:root:Epoch: 79, Training Loss: 0.9882
2023-05-17 22:34:23,022:INFO:root:Epoch: 79, Validation Loss: 0.9695
2023-05-17 22:35:35,166:INFO:root:Epoch: 80, Training Loss: 0.9852
2023-05-17 22:35:39,790:INFO:root:Epoch: 80, Validation Loss: 0.9954
2023-05-17 22:36:52,389:INFO:root:Epoch: 81, Training Loss: 0.9842
2023-05-17 22:36:57,005:INFO:root:Epoch: 81, Validation Loss: 1.1188
2023-05-17 22:38:10,336:INFO:root:Epoch: 82, Training Loss: 0.9818
2023-05-17 22:38:14,889:INFO:root:Epoch: 82, Validation Loss: 1.0728
2023-05-17 22:39:27,550:INFO:root:Epoch: 83, Training Loss: 0.9775
2023-05-17 22:39:32,184:INFO:root:Epoch: 83, Validation Loss: 1.1025
2023-05-17 22:40:42,256:INFO:root:Epoch: 84, Training Loss: 0.9768
2023-05-17 22:40:46,482:INFO:root:Epoch: 84, Validation Loss: 1.0100
2023-05-17 22:41:55,661:INFO:root:Epoch: 85, Training Loss: 0.9728
2023-05-17 22:41:59,844:INFO:root:Epoch: 85, Validation Loss: 0.9627
2023-05-17 22:43:10,576:INFO:root:Epoch: 86, Training Loss: 0.9722
2023-05-17 22:43:16,651:INFO:root:Epoch: 86, Validation Loss: 0.9541
2023-05-17 22:44:54,936:INFO:root:Epoch: 87, Training Loss: 0.9698
2023-05-17 22:44:59,752:INFO:root:Epoch: 87, Validation Loss: 0.9553
2023-05-17 22:46:18,658:INFO:root:Epoch: 88, Training Loss: 0.9673
2023-05-17 22:46:22,896:INFO:root:Epoch: 88, Validation Loss: 0.9936
2023-05-17 22:47:33,191:INFO:root:Epoch: 89, Training Loss: 0.9668
2023-05-17 22:47:37,787:INFO:root:Epoch: 89, Validation Loss: 0.9930
2023-05-17 22:48:49,192:INFO:root:Epoch: 90, Training Loss: 0.9647
2023-05-17 22:48:53,277:INFO:root:Epoch: 90, Validation Loss: 0.9498
2023-05-17 22:50:06,736:INFO:root:Epoch: 91, Training Loss: 0.9622
2023-05-17 22:50:10,981:INFO:root:Epoch: 91, Validation Loss: 0.9627
2023-05-17 22:51:23,945:INFO:root:Epoch: 92, Training Loss: 0.9585
2023-05-17 22:51:28,327:INFO:root:Epoch: 92, Validation Loss: 0.9919
2023-05-17 22:52:41,323:INFO:root:Epoch: 93, Training Loss: 0.9602
2023-05-17 22:52:46,081:INFO:root:Epoch: 93, Validation Loss: 0.9412
2023-05-17 22:53:57,484:INFO:root:Epoch: 94, Training Loss: 0.9554
2023-05-17 22:54:01,892:INFO:root:Epoch: 94, Validation Loss: 0.9572
2023-05-17 22:55:11,942:INFO:root:Epoch: 95, Training Loss: 0.9543
2023-05-17 22:55:16,319:INFO:root:Epoch: 95, Validation Loss: 0.9385
2023-05-17 22:56:28,301:INFO:root:Epoch: 96, Training Loss: 0.9524
2023-05-17 22:56:32,687:INFO:root:Epoch: 96, Validation Loss: 0.9374
2023-05-17 22:57:43,420:INFO:root:Epoch: 97, Training Loss: 0.9509
2023-05-17 22:57:47,744:INFO:root:Epoch: 97, Validation Loss: 0.9680
2023-05-17 22:58:57,078:INFO:root:Epoch: 98, Training Loss: 0.9506
2023-05-17 22:59:01,260:INFO:root:Epoch: 98, Validation Loss: 0.9816
2023-05-17 23:00:12,640:INFO:root:Epoch: 99, Training Loss: 0.9476
2023-05-17 23:00:16,953:INFO:root:Epoch: 99, Validation Loss: 0.9398
2023-05-17 23:00:16,953:INFO:root:Training time: 7777.4678518772125
2023-05-17 23:00:22,025:INFO:root:Test Loss before training: 8.4486
2023-05-17 23:00:22,025:INFO:root:Test Loss after training: 0.88112023-05-18 10:12:40,935:INFO:root:{'in_channels': 11, 'out_channels': 1, 'hidden_dim_1': 64, 'hidden_dim_2': 128, 'hidden_dim_3': 32, 'lr': 0.001, 'batch_size': 20, 'num_epochs': 100, 'processing_steps': 10, 'criterion': MSELoss(), 'nnconv_aggr': 'mean'}